Update Managed Component C17 From CMP-001-00076-6[CAP CER 4.7µF +/-20% 10V 0603] To CMP-001-00076-6[CAP CER 4.7µF +/-20% 10V 0603] in MicroController.SchDoc
Update Managed Component C18 From CMP-001-00063-4[Capacitor 1µF +/-20% 10V 0402] To CMP-001-00063-4[Capacitor 1µF +/-20% 10V 0402] in MicroController.SchDoc
Update Managed Component C19 From CMP-001-00093-3[CAP CER 0.1UF 25V 0603] To CMP-001-00093-3[CAP CER 0.1UF 25V 0603] in MicroController.SchDoc
Update Managed Component C20 From CMP-001-00093-3[CAP CER 0.1UF 25V 0603] To CMP-001-00093-3[CAP CER 0.1UF 25V 0603] in MicroController.SchDoc
Update Managed Component C21 From CMP-001-00093-3[CAP CER 0.1UF 25V 0603] To CMP-001-00093-3[CAP CER 0.1UF 25V 0603] in MicroController.SchDoc
Update Managed Component C22 From CMP-001-00093-3[CAP CER 0.1UF 25V 0603] To CMP-001-00093-3[CAP CER 0.1UF 25V 0603] in MicroController.SchDoc
Update Managed Component C23 From CMP-001-00093-3[CAP CER 0.1UF 25V 0603] To CMP-001-00093-3[CAP CER 0.1UF 25V 0603] in MicroController.SchDoc
Update Managed Component C24 From CMP-001-00093-3[CGA3E2X7R1E104K080AA] To CMP-001-00093-3[CAP CER 0.1UF 25V 0603] in MicroController.SchDoc
Update Managed Component C25 From CMP-001-00123-1[CAP CER 22pF 5% 50V C0G 0603] To CMP-001-00123-1[CAP CER 22pF 5% 50V C0G 0603] in MicroController.SchDoc
Update Managed Component C26 From CMP-001-00093-3[CGA3E2X7R1E104K080AA] To CMP-001-00093-3[CAP CER 0.1UF 25V 0603] in MicroController.SchDoc
Update Managed Component C27 From CMP-001-00123-1[CAP CER 22pF 5% 50V C0G 0603] To CMP-001-00123-1[CAP CER 22pF 5% 50V C0G 0603] in MicroController.SchDoc
Update Managed Component C28 From CMP-001-00185-1[CAP CER 10nF 50V 10% 0603] To CMP-001-00185-1[CAP CER 10nF 50V 10% 0603] in MicroController.SchDoc
Update Managed Component C29 From CMP-001-00063-4[Capacitor 1µF +/-20% 10V 0402] To CMP-001-00063-4[Capacitor 1µF +/-20% 10V 0402] in MicroController.SchDoc
Update Managed Component DS6 From CMP-007-00024-2[LTST-C190KRKT] To CMP-007-00024-2[LTST-C190KRKT] in MicroController.SchDoc
Update Managed Component DS7 From CMP-007-00024-2[LTST-C190KRKT] To CMP-007-00024-2[LTST-C190KRKT] in MicroController.SchDoc
Update Managed Component DS8 From CMP-007-00013-2[HSMG-C190] To CMP-007-00013-2[HSMG-C190] in MicroController.SchDoc
Update Managed Component LS1 From CMP-00027-00004-1[BUZZ MAG 5V 12MM TH] To CMP-00027-00004-1[BUZZ MAG 5V 12MM TH] in MicroController.SchDoc
Update Managed Component M1 From CMP-013-00040-2[MOS NMOS 30V 5.6A SOT-23] To CMP-013-00040-2[MOS NMOS 30V 5.6A SOT-23] in MicroController.SchDoc
Update Managed Component M2 From CMP-013-00040-2[MOS NMOS 30V 5.6A SOT-23] To CMP-013-00040-2[MOS NMOS 30V 5.6A SOT-23] in MicroController.SchDoc
Update Managed Component M3 From CMP-013-00040-2[MOS NMOS 30V 5.6A SOT-23] To CMP-013-00040-2[MOS NMOS 30V 5.6A SOT-23] in MicroController.SchDoc
Update Managed Component Q1 From CMP-013-00047-1[NPN 350mW 40V 200mA] To CMP-013-00047-1[NPN 350mW 40V 200mA] in MicroController.SchDoc
Update Managed Component R13 From CMP-009-00178-1[ERJ-2GEJ241x] To CMP-009-00178-1[ERJ-2GEJ241x] in MicroController.SchDoc
Update Managed Component R14 From CMP-009-00018-9[Resistor 10k +/-1% 0805 125 mW] To CMP-009-00018-9[Resistor 10k +/-1% 0805 125 mW] in MicroController.SchDoc
Update Managed Component R15 From CMP-009-00018-9[Resistor 10k +/-1% 0805 125 mW] To CMP-009-00018-9[Resistor 10k +/-1% 0805 125 mW] in MicroController.SchDoc
Update Managed Component R16 From CMP-009-00324-1[CRGCQ0603F2K2] To CMP-009-00324-1[CRGCQ0603F2K2] in MicroController.SchDoc
Update Managed Component R17 From CMP-009-00032-9[Resistor 4k7 +/-1% 0805 125 mW] To CMP-009-00032-9[Resistor 4k7 +/-1% 0805 125 mW] in MicroController.SchDoc
Update Managed Component R18 From CMP-009-00324-1[CRGCQ0603F2K2] To CMP-009-00324-1[CRGCQ0603F2K2] in MicroController.SchDoc
Update Managed Component R19 From CMP-009-00032-9[Resistor 4k7 +/-1% 0805 125 mW] To CMP-009-00032-9[Resistor 4k7 +/-1% 0805 125 mW] in MicroController.SchDoc
Update Managed Component R20 From CMP-009-00018-9[Resistor 10k +/-1% 0805 125 mW] To CMP-009-00018-9[Resistor 10k +/-1% 0805 125 mW] in MicroController.SchDoc
Update Managed Component R21 From CMP-009-00324-1[CRGCQ0603F2K2] To CMP-009-00324-1[CRGCQ0603F2K2] in MicroController.SchDoc
Update Managed Component R22 From CMP-009-00231-3[RES 220R 5% 100mW 0603] To CMP-009-00231-3[RES 220R 5% 100mW 0603] in MicroController.SchDoc
Update Managed Component R49 From CMP-009-00324-1[2.2k] To CMP-009-00324-1[CRGCQ0603F2K2] in MicroController.SchDoc
Update Managed Component SW1 From CMP-00028-00009-2[BTN 12V 0.05A PTS526SMG15SMTR2 LFS] To CMP-00028-00009-2[BTN 12V 0.05A PTS526SMG15SMTR2 LFS] in MicroController.SchDoc
Update Managed Component U13 From CMP-020-00028-1[STM32G491ME] To CMP-020-00028-1[STM32G491ME] in MicroController.SchDoc
Update Managed Component U14 From CMP-00024-00007-1[AL5809-20S1-7] To CMP-00024-00007-1[AL5809-20S1-7] in MicroController.SchDoc
Update Managed Component U15 From CMP-00024-00007-1[AL5809-20S1-7] To CMP-00024-00007-1[AL5809-20S1-7] in MicroController.SchDoc
Update Managed Component U16 From CMP-00024-00007-1[AL5809-20S1-7] To CMP-00024-00007-1[AL5809-20S1-7] in MicroController.SchDoc
Update Managed Component Y1 From CMP-003-00039-2[ABM8-32.000MHZ-B2-T] To CMP-003-00039-2[CRY 32MHZ 18PF SMD] in MicroController.SchDoc
