Update Managed Component C17 From CMP-001-00093-1[CGA3E2X7R1E104K080AA] To CMP-001-00093-1[CGA3E2X7R1E104K080AA] in MicroController.SchDoc
Update Managed Component C18 From CMP-001-00093-1[CGA3E2X7R1E104K080AA] To CMP-001-00093-1[CGA3E2X7R1E104K080AA] in MicroController.SchDoc
Update Managed Component C19 From CMP-001-00093-1[CGA3E2X7R1E104K080AA] To CMP-001-00093-1[CGA3E2X7R1E104K080AA] in MicroController.SchDoc
Update Managed Component C20 From CMP-001-00093-1[CGA3E2X7R1E104K080AA] To CMP-001-00093-1[CGA3E2X7R1E104K080AA] in MicroController.SchDoc
Update Managed Component C21 From CMP-001-00093-1[CGA3E2X7R1E104K080AA] To CMP-001-00093-1[CGA3E2X7R1E104K080AA] in MicroController.SchDoc
Update Managed Component C22 From CMP-001-00093-1[CGA3E2X7R1E104K080AA] To CMP-001-00093-1[CGA3E2X7R1E104K080AA] in MicroController.SchDoc
Update Managed Component C23 From CMP-001-00093-1[CGA3E2X7R1E104K080AA] To CMP-001-00093-1[CGA3E2X7R1E104K080AA] in MicroController.SchDoc
Update Managed Component C24 From CMP-001-00129-3[CAP CER 14pF 5% 50V 0805] To CMP-001-00129-3[CAP CER 14pF 5% 50V 0805] in MicroController.SchDoc
Update Managed Component C25 From CMP-001-00129-3[CAP CER 14pF 5% 50V 0805] To CMP-001-00129-3[CAP CER 14pF 5% 50V 0805] in MicroController.SchDoc
Update Managed Component C26 From CMP-001-00063-4[Capacitor 1µF +/-20% 10V 0402] To CMP-001-00063-4[Capacitor 1µF +/-20% 10V 0402] in MicroController.SchDoc
Update Managed Component C27 From CMP-001-00063-4[Capacitor 1µF +/-20% 10V 0402] To CMP-001-00063-4[Capacitor 1µF +/-20% 10V 0402] in MicroController.SchDoc
Update Managed Component C28 From CMP-001-00063-4[Capacitor 1µF +/-20% 10V 0402] To CMP-001-00063-4[Capacitor 1µF +/-20% 10V 0402] in MicroController.SchDoc
Update Managed Component C29 From CMP-001-00063-4[Capacitor 1µF +/-20% 10V 0402] To CMP-001-00063-4[Capacitor 1µF +/-20% 10V 0402] in MicroController.SchDoc
Update Managed Component C30 From CMP-001-00063-4[Capacitor 1µF +/-20% 10V 0402] To CMP-001-00063-4[Capacitor 1µF +/-20% 10V 0402] in MicroController.SchDoc
Update Managed Component C31 From CMP-001-00063-4[Capacitor 1µF +/-20% 10V 0402] To CMP-001-00063-4[Capacitor 1µF +/-20% 10V 0402] in MicroController.SchDoc
Update Managed Component C32 From CMP-001-00185-1[CAP CER 10nF 50V 10% 0603] To CMP-001-00185-1[CAP CER 10nF 50V 10% 0603] in MicroController.SchDoc
Update Managed Component C33 From CMP-001-00076-5[Capacitor 4.7µF +/-20% 10V 0603] To CMP-001-00076-5[Capacitor 4.7µF +/-20% 10V 0603] in MicroController.SchDoc
Update Managed Component DS6 From CMP-007-00024-2[LTST-C190KRKT] To CMP-007-00024-2[LTST-C190KRKT] in MicroController.SchDoc
Update Managed Component DS7 From CMP-007-00024-2[LTST-C190KRKT] To CMP-007-00024-2[LTST-C190KRKT] in MicroController.SchDoc
Update Managed Component DS8 From CMP-007-00013-2[HSMG-C190] To CMP-007-00013-2[HSMG-C190] in MicroController.SchDoc
Update Managed Component LS1 From CMP-00027-00002-1[BUZZ 5V 40mA 47ohm] To CMP-00027-00002-1[BUZZ 5V 40mA 47ohm] in MicroController.SchDoc
Update Managed Component Q1 From CMP-013-00047-1[NPN 350mW 40V 200mA] To CMP-013-00047-1[NPN 350mW 40V 200mA] in MicroController.SchDoc
Update Managed Component R11 From CMP-009-00178-1[ERJ-2GEJ241x] To CMP-009-00178-1[ERJ-2GEJ241x] in MicroController.SchDoc
Update Managed Component R12 From CMP-009-00095-2[330R2J] To CMP-009-00095-2[330R2J] in MicroController.SchDoc
Update Managed Component R13 From CMP-009-00095-2[330R2J] To CMP-009-00095-2[330R2J] in MicroController.SchDoc
Update Managed Component R14 From CMP-009-00095-2[330R2J] To CMP-009-00095-2[330R2J] in MicroController.SchDoc
Update Managed Component R15 From CMP-009-00106-2[4D7R5J] To CMP-009-00106-2[4D7R5J] in MicroController.SchDoc
Update Managed Component R16 From CMP-009-00106-2[4D7R5J] To CMP-009-00106-2[4D7R5J] in MicroController.SchDoc
Update Managed Component SW1 From CMP-00028-00009-2[BTN 12V 0.05A PTS526SMG15SMTR2 LFS] To CMP-00028-00009-2[BTN 12V 0.05A PTS526SMG15SMTR2 LFS] in MicroController.SchDoc
Update Managed Component U11 From CMP-020-00028-1[STM32G491ME] To CMP-020-00028-1[STM32G491ME] in MicroController.SchDoc
Update Managed Component Y1 From CMP-003-00033-1[ABM8-32.000MHZ-9-D1G-T] To CMP-003-00033-1[ABM8-32.000MHZ-9-D1G-T] in MicroController.SchDoc
