Add Net: Net with name "Bias" already exists
Add Net: Net with name "Bias" already exists
Added Member To Class: ClassName=U_PowerCircuitry Member=Component C1 Capacitor 100nF +/-20% 50V 0402
Added Member To Class: ClassName=U_PowerCircuitry Member=Component C2 CAP ELC 2.2uF 50V 20%
Added Member To Class: ClassName=U_PowerCircuitry Member=Component C3 CAP ELC 2.2uF 50V 20%
Added Member To Class: ClassName=U_PowerCircuitry Member=Component C4 CAP ELC 2.2uF 50V 20%
Added Member To Class: ClassName=U_PowerCircuitry Member=Component C5 Capacitor 100nF +/-20% 50V 0402
Added Member To Class: ClassName=U_PowerCircuitry Member=Component C6 CAP ELC 68uF 50V 20%
Added Member To Class: ClassName=U_PowerCircuitry Member=Component C7 CAP ELC 47uF 25V 20% 2626
Added Member To Class: ClassName=U_PowerCircuitry Member=Component C8 0.1uF
Added Member To Class: ClassName=U_PowerCircuitry Member=Component C9 CAP CER 18nF 5% 50V 0603
Added Member To Class: ClassName=U_PowerCircuitry Member=Component C10 CAP CER 14pF 5% 50V 0805
Added Member To Class: ClassName=U_PowerCircuitry Member=Component C11 Capacitor 1 uF +/- 10% 25 V 0805
Added Member To Class: ClassName=U_PowerCircuitry Member=Component C12 Capacitor 1 uF +/- 10% 25 V 0805
Added Member To Class: ClassName=U_PowerCircuitry Member=Component C13 Capacitor 1 uF +/- 10% 25 V 0805
Added Member To Class: ClassName=U_PowerCircuitry Member=Component C14 Capacitor 1 uF +/- 10% 25 V 0805
Added Member To Class: ClassName=U_PowerCircuitry Member=Component C15 Capacitor 470pF +/-20% 50V 0402
Added Member To Class: ClassName=U_PowerCircuitry Member=Component C16 Capacitor 470pF +/-20% 50V 0402
Added Member To Class: ClassName=U_MicroController Member=Component C17 CGA3E2X7R1E104K080AA
Added Member To Class: ClassName=U_MicroController Member=Component C18 CGA3E2X7R1E104K080AA
Added Member To Class: ClassName=U_MicroController Member=Component C19 CGA3E2X7R1E104K080AA
Added Member To Class: ClassName=U_MicroController Member=Component C20 CGA3E2X7R1E104K080AA
Added Member To Class: ClassName=U_MicroController Member=Component C21 CGA3E2X7R1E104K080AA
Added Member To Class: ClassName=U_MicroController Member=Component C22 CGA3E2X7R1E104K080AA
Added Member To Class: ClassName=U_MicroController Member=Component C23 CGA3E2X7R1E104K080AA
Added Member To Class: ClassName=U_MicroController Member=Component C24 CAP CER 14pF 5% 50V 0805
Added Member To Class: ClassName=U_MicroController Member=Component C25 CAP CER 14pF 5% 50V 0805
Added Member To Class: ClassName=U_MicroController Member=Component C26 Capacitor 1µF +/-20% 10V 0402
Added Member To Class: ClassName=U_MicroController Member=Component C27 Capacitor 1µF +/-20% 10V 0402
Added Member To Class: ClassName=U_MicroController Member=Component C28 Capacitor 1µF +/-20% 10V 0402
Added Member To Class: ClassName=U_MicroController Member=Component C29 Capacitor 1µF +/-20% 10V 0402
Added Member To Class: ClassName=U_MicroController Member=Component C30 Capacitor 1µF +/-20% 10V 0402
Added Member To Class: ClassName=U_MicroController Member=Component C31 Capacitor 1µF +/-20% 10V 0402
Added Member To Class: ClassName=U_MicroController Member=Component C32 CAP CER 10nF 50V 10% 0603
Added Member To Class: ClassName=U_MicroController Member=Component C33 Capacitor 4.7µF +/-20% 10V 0603
Added Member To Class: ClassName=U_TC_IC1 Member=Component C34 CGA3E2X7R1E104K080AA
Added Member To Class: ClassName=U_TC_IC1 Member=Component C35 CGA3E2X7R1E104K080AA
Added Member To Class: ClassName=U_TC_IC1 Member=Component C36 CGA3E2X7R1H103K080AA
Added Member To Class: ClassName=U_TC_IC1 Member=Component C37 CGA3E2X7R1E104K080AA
Added Member To Class: ClassName=U_TC_IC1 Member=Component C38 CGA3E2X7R1H103K080AA
Added Member To Class: ClassName=U_LoadCellAmp1 Member=Component C39 Capacitor 1 uF +/- 10% 50 V 0805
Added Member To Class: ClassName=U_LoadCellAmp1 Member=Component C40 Capacitor 100 nF +/-10% 50 V 0603
Added Member To Class: ClassName=U_LoadCellAmp1 Member=Component C41 Capacitor 1 uF +/- 10% 50 V 0805
Added Member To Class: ClassName=U_LoadCellAmp1 Member=Component C42 Capacitor 100 nF +/-10% 50 V 0603
Added Member To Class: ClassName=U_LoadCellAmp1 Member=Component C43 Capacitor 100 nF +/-10% 50 V 0603
Added Member To Class: ClassName=U_LoadCellAmp1 Member=Component C44 CAP CER 330pF 50V 1% 0603
Added Member To Class: ClassName=U_LoadCellAmp2 Member=Component C45 Capacitor 1 uF +/- 10% 50 V 0805
Added Member To Class: ClassName=U_LoadCellAmp2 Member=Component C46 Capacitor 100 nF +/-10% 50 V 0603
Added Member To Class: ClassName=U_LoadCellAmp2 Member=Component C47 Capacitor 1 uF +/- 10% 50 V 0805
Added Member To Class: ClassName=U_LoadCellAmp2 Member=Component C48 Capacitor 100 nF +/-10% 50 V 0603
Added Member To Class: ClassName=U_LoadCellAmp2 Member=Component C49 Capacitor 100 nF +/-10% 50 V 0603
Added Member To Class: ClassName=U_LoadCellAmp2 Member=Component C50 CAP CER 330pF 50V 1% 0603
Added Member To Class: ClassName=U_TC_IC2 Member=Component C51 CGA3E2X7R1E104K080AA
Added Member To Class: ClassName=U_TC_IC2 Member=Component C52 CGA3E2X7R1E104K080AA
Added Member To Class: ClassName=U_TC_IC2 Member=Component C53 CGA3E2X7R1H103K080AA
Added Member To Class: ClassName=U_TC_IC2 Member=Component C54 CGA3E2X7R1E104K080AA
Added Member To Class: ClassName=U_TC_IC2 Member=Component C55 CGA3E2X7R1H103K080AA
Added Member To Class: ClassName=U_TC_IC3 Member=Component C56 CGA3E2X7R1E104K080AA
Added Member To Class: ClassName=U_TC_IC3 Member=Component C57 CGA3E2X7R1E104K080AA
Added Member To Class: ClassName=U_TC_IC3 Member=Component C58 CGA3E2X7R1H103K080AA
Added Member To Class: ClassName=U_TC_IC3 Member=Component C59 CGA3E2X7R1E104K080AA
Added Member To Class: ClassName=U_TC_IC3 Member=Component C60 CGA3E2X7R1H103K080AA
Added Member To Class: ClassName=TopLevel Member=Component CN1 DX07S024JJ3R1300
Added Member To Class: ClassName=TopLevel Member=Component D1 DI TVS 6V
Added Member To Class: ClassName=TopLevel Member=Component D2 DI TVS 6V
Added Member To Class: ClassName=TopLevel Member=Component D3 DI TVS 6V
Added Member To Class: ClassName=TopLevel Member=Component D4 DI TVS 6V
Added Member To Class: ClassName=TopLevel Member=Component D5 DI TVS 6V
Added Member To Class: ClassName=U_PowerCircuitry Member=Component DS1 LTST-C190KRKT
Added Member To Class: ClassName=U_PowerCircuitry Member=Component DS2 LTST-C190KRKT
Added Member To Class: ClassName=U_PowerCircuitry Member=Component DS3 LTST-C190KRKT
Added Member To Class: ClassName=U_PowerCircuitry Member=Component DS4 LTST-C190KRKT
Added Member To Class: ClassName=U_PowerCircuitry Member=Component DS5 LTST-C190KRKT
Added Member To Class: ClassName=U_MicroController Member=Component DS6 LTST-C190KRKT
Added Member To Class: ClassName=U_MicroController Member=Component DS7 LTST-C190KRKT
Added Member To Class: ClassName=U_MicroController Member=Component DS8 HSMG-C190
Added Member To Class: ClassName=TopLevel Member=Component J1 CON 0702461201
Added Member To Class: ClassName=TopLevel Member=Component J2 CON 54-00247
Added Member To Class: ClassName=TopLevel Member=Component J3 CON 54-00247
Added Member To Class: ClassName=TopLevel Member=Component J4 CON 54-00247
Added Member To Class: ClassName=TopLevel Member=Component J5 CON 0430450800
Added Member To Class: ClassName=TopLevel Member=Component J6 CON 54-00247
Added Member To Class: ClassName=TopLevel Member=Component J7 CON 54-00247
Added Member To Class: ClassName=TopLevel Member=Component J8 CON 54-00247
Added Member To Class: ClassName=U_PowerCircuitry Member=Component L1 IND WIR 1uH 10A
Added Member To Class: ClassName=U_MicroController Member=Component LS1 BUZZ 5V 40mA 47ohm
Added Member To Class: ClassName=TopLevel Member=Component M1 MOS NMOS 30V 5.6A SOT-23
Added Member To Class: ClassName=TopLevel Member=Component M2 MOS NMOS 30V 5.6A SOT-23
Added Member To Class: ClassName=TopLevel Member=Component M3 MOS NMOS 30V 5.6A SOT-23
Added Member To Class: ClassName=TopLevel Member=Component M4 MOS NMOS 30V 5.6A SOT-23
Added Member To Class: ClassName=TopLevel Member=Component M5 MOS NMOS 30V 5.6A SOT-23
Added Member To Class: ClassName=TopLevel Member=Component P1 S2B-XH-A(LF)(SN)
Added Member To Class: ClassName=TopLevel Member=Component P2 S2B-XH-A(LF)(SN)
Added Member To Class: ClassName=TopLevel Member=Component P3 S2B-XH-A(LF)(SN)
Added Member To Class: ClassName=TopLevel Member=Component P4 S2B-XH-A(LF)(SN)
Added Member To Class: ClassName=TopLevel Member=Component P5 S2B-XH-A(LF)(SN)
Added Member To Class: ClassName=U_MicroController Member=Component Q1 NPN 350mW 40V 200mA
Added Member To Class: ClassName=U_PowerCircuitry Member=Component R1 Resistor 10k +/-1% 0402 100 mW
Added Member To Class: ClassName=U_PowerCircuitry Member=Component R2 Resistor 1K +/-5% 0805 125 mW
Added Member To Class: ClassName=U_PowerCircuitry Member=Component R3 RES 130kR 0.1W 0.1% 0603
Added Member To Class: ClassName=U_PowerCircuitry Member=Component R4 RES 18.7k 1% 0.125W 0805
Added Member To Class: ClassName=U_PowerCircuitry Member=Component R5 RES 274k 1% 0.1W 0603
Added Member To Class: ClassName=U_PowerCircuitry Member=Component R6 RES 11.3k 1% 100mW 0603
Added Member To Class: ClassName=U_PowerCircuitry Member=Component R7 RES 15.8k 1% 0.1W 0603
Added Member To Class: ClassName=U_PowerCircuitry Member=Component R8 RES 43.5kR 0.15W 0.1% 0603
Added Member To Class: ClassName=U_PowerCircuitry Member=Component R9 RES 47.5k 1% 0.1W 0603
Added Member To Class: ClassName=U_PowerCircuitry Member=Component R10 RES 75k 1% 0.1W 0603
Added Member To Class: ClassName=U_MicroController Member=Component R11 ERJ-2GEJ241x
Added Member To Class: ClassName=U_MicroController Member=Component R12 330R2J
Added Member To Class: ClassName=U_MicroController Member=Component R13 330R2J
Added Member To Class: ClassName=U_MicroController Member=Component R14 330R2J
Added Member To Class: ClassName=U_MicroController Member=Component R15 4D7R5J
Added Member To Class: ClassName=U_MicroController Member=Component R16 4D7R5J
Added Member To Class: ClassName=TopLevel Member=Component R17 1KR5J
Added Member To Class: ClassName=TopLevel Member=Component R18 1KR5J
Added Member To Class: ClassName=TopLevel Member=Component R19 Resistor 10k +/-1% 0805 125 mW
Added Member To Class: ClassName=TopLevel Member=Component R20 Resistor 10k +/-1% 0805 125 mW
Added Member To Class: ClassName=TopLevel Member=Component R21 1KR5J
Added Member To Class: ClassName=TopLevel Member=Component R22 1KR5J
Added Member To Class: ClassName=TopLevel Member=Component R23 Resistor 10k +/-1% 0805 125 mW
Added Member To Class: ClassName=TopLevel Member=Component R24 Resistor 10k +/-1% 0805 125 mW
Added Member To Class: ClassName=TopLevel Member=Component R25 1KR5J
Added Member To Class: ClassName=TopLevel Member=Component R26 Resistor 10k +/-1% 0805 125 mW
Added Member To Class: ClassName=TopLevel Member=Component R27 RC0603FR-075K1L
Added Member To Class: ClassName=TopLevel Member=Component R28 RC0603FR-075K1L
Added Member To Class: ClassName=TopLevel Member=Component R29 Resistor 0R +/- 5% 1206 250 mW
Added Member To Class: ClassName=U_TC_IC1 Member=Component R30 CRGCQ0603F2K2
Added Member To Class: ClassName=U_TC_IC1 Member=Component R31 CRGCQ0603F2K2
Added Member To Class: ClassName=U_TC_IC1 Member=Component R32 ERJ-3EKF1000V
Added Member To Class: ClassName=U_TC_IC1 Member=Component R33 ERJ-3EKF1000V
Added Member To Class: ClassName=U_LoadCellAmp1 Member=Component R34 RG1608N-470-W-T1
Added Member To Class: ClassName=U_LoadCellAmp1 Member=Component R35 RG1608N-470-W-T1
Added Member To Class: ClassName=U_Anemometor_ResDiv1 Member=Component R36 330R2J
Added Member To Class: ClassName=U_Anemometor_ResDiv1 Member=Component R37 330R2J
Added Member To Class: ClassName=U_Anemometor_ResDiv1 Member=Component R38 470R5J
Added Member To Class: ClassName=U_Anemometor_ResDiv2 Member=Component R42 330R2J
Added Member To Class: ClassName=U_Anemometor_ResDiv2 Member=Component R43 330R2J
Added Member To Class: ClassName=U_Anemometor_ResDiv2 Member=Component R44 470R5J
Added Member To Class: ClassName=U_LoadCellAmp2 Member=Component R45 RG1608N-470-W-T1
Added Member To Class: ClassName=U_LoadCellAmp2 Member=Component R46 RG1608N-470-W-T1
Added Member To Class: ClassName=U_TC_IC2 Member=Component R47 CRGCQ0603F2K2
Added Member To Class: ClassName=U_TC_IC2 Member=Component R48 CRGCQ0603F2K2
Added Member To Class: ClassName=U_TC_IC2 Member=Component R49 ERJ-3EKF1000V
Added Member To Class: ClassName=U_TC_IC2 Member=Component R50 ERJ-3EKF1000V
Added Member To Class: ClassName=U_TC_IC3 Member=Component R51 CRGCQ0603F2K2
Added Member To Class: ClassName=U_TC_IC3 Member=Component R52 CRGCQ0603F2K2
Added Member To Class: ClassName=U_TC_IC3 Member=Component R53 ERJ-3EKF1000V
Added Member To Class: ClassName=U_TC_IC3 Member=Component R54 ERJ-3EKF1000V
Added Member To Class: ClassName=U_MicroController Member=Component SW1 BTN 12V 0.05A PTS526SMG15SMTR2 LFS
Added Member To Class: ClassName=U_PowerCircuitry Member=Component U1 LM66100
Added Member To Class: ClassName=U_PowerCircuitry Member=Component U2 IC TPS54561DPRT
Added Member To Class: ClassName=U_PowerCircuitry Member=Component U3 LM66100
Added Member To Class: ClassName=U_PowerCircuitry Member=Component U4 MIC5209YM-TR
Added Member To Class: ClassName=U_PowerCircuitry Member=Component U5 MIC5209YM-TR
Added Member To Class: ClassName=U_PowerCircuitry Member=Component U6 AL5809-20S1-7
Added Member To Class: ClassName=U_PowerCircuitry Member=Component U7 AL5809-20S1-7
Added Member To Class: ClassName=U_PowerCircuitry Member=Component U8 AL5809-20S1-7
Added Member To Class: ClassName=U_PowerCircuitry Member=Component U9 AL5809-20S1-7
Added Member To Class: ClassName=U_PowerCircuitry Member=Component U10 AL5809-20S1-7
Added Member To Class: ClassName=U_MicroController Member=Component U11 STM32G491ME
Added Member To Class: ClassName=TopLevel Member=Component U12 AL5809-20S1-7
Added Member To Class: ClassName=TopLevel Member=Component U13 AL5809-20S1-7
Added Member To Class: ClassName=TopLevel Member=Component U14 AL5809-20S1-7
Added Member To Class: ClassName=TopLevel Member=Component U15 AL5809-20S1-7
Added Member To Class: ClassName=TopLevel Member=Component U16 AL5809-20S1-7
Added Member To Class: ClassName=TopLevel Member=Component U17 SN65HVD72D RS485
Added Member To Class: ClassName=U_TC_IC1 Member=Component U18 MAX31856MUD+
Added Member To Class: ClassName=U_LoadCellAmp1 Member=Component U19 NAU7802SGI
Added Member To Class: ClassName=U_QuadSPIFlash Member=Component U20 W25N04KVZEIR 4Gb 3V Nand
Added Member To Class: ClassName=U_LoadCellAmp2 Member=Component U21 NAU7802SGI
Added Member To Class: ClassName=U_TC_IC2 Member=Component U22 MAX31856MUD+
Added Member To Class: ClassName=U_TC_IC3 Member=Component U23 MAX31856MUD+
Added Member To Class: ClassName=U_MicroController Member=Component Y1 ABM8-32.000MHZ-9-D1G-T
