Removed Pin From Net: NetName=TC_SPI_SCK Pin=R30-1
Removed Pin From Net: NetName=+5V Pin=R30-2
Removed Pin From Net: NetName=TC_SPI_MOSI Pin=R31-1
Removed Pin From Net: NetName=+5V Pin=R31-2
Removed Pin From Net: NetName=TC_SPI_SCK Pin=R47-1
Removed Pin From Net: NetName=+5V Pin=R47-2
Removed Pin From Net: NetName=TC_SPI_MOSI Pin=R48-1
Removed Pin From Net: NetName=+5V Pin=R48-2
Removed Pin From Net: NetName=TC_SPI_SCK Pin=R51-1
Removed Pin From Net: NetName=+5V Pin=R51-2
Removed Pin From Net: NetName=TC_SPI_MOSI Pin=R52-1
Removed Pin From Net: NetName=+5V Pin=R52-2
Removed Member From Class: ClassName=U_TC_IC1 Member=R30
Removed Member From Class: ClassName=U_TC_IC1 Member=R31
Removed Member From Class: ClassName=U_TC_IC2 Member=R47
Removed Member From Class: ClassName=U_TC_IC2 Member=R48
Removed Member From Class: ClassName=U_TC_IC3 Member=R51
Removed Member From Class: ClassName=U_TC_IC3 Member=R52
Added Component: Designator=R40(FP-CRGCQ0603-IPC_A)
Add component (AddParameter): Name = "Case/Package"; Value = ""; VariantName = "[No Variations]"
Add component (AddParameter): Name = "Max Operating Temperature"; Value = ""; VariantName = "[No Variations]"
Add component (AddParameter): Name = "Min Operating Temperature"; Value = ""; VariantName = "[No Variations]"
Add component (AddParameter): Name = "Mounting Technology"; Value = ""; VariantName = "[No Variations]"
Add component (AddParameter): Name = "Pins"; Value = "2"; VariantName = "[No Variations]"
Add component (AddParameter): Name = "Power"; Value = ""; VariantName = "[No Variations]"
Add component (AddParameter): Name = "RoHS Compliant"; Value = "Yes"; VariantName = "[No Variations]"
Add component (AddParameter): Name = "Tolerance"; Value = ""; VariantName = "[No Variations]"
Add component (AddParameter): Name = "Value"; Value = ""; VariantName = "[No Variations]"
Add component (AddParameter): Name = "Voltage Rating"; Value = ""; VariantName = "[No Variations]"
Added Pin To Net: NetName=TC3_SPI_CS Pin=R30-1
Added Pin To Net: NetName=+3V3 Pin=R30-2
Added Pin To Net: NetName=TC2_SPI_CS Pin=R31-1
Added Pin To Net: NetName=+3V3 Pin=R31-2
Added Pin To Net: NetName=TC1_SPI_CS Pin=R40-1
Added Pin To Net: NetName=+3V3 Pin=R40-2
Added Member To Class: ClassName=U_MicroController Member=Component R30 CRGCQ0603F2K2
Added Member To Class: ClassName=U_MicroController Member=Component R31 CRGCQ0603F2K2
Added Member To Class: ClassName=U_MicroController Member=Component R40 CRGCQ0603F2K2
