Change Component DesignItemId : Designator=C24 Old DesignItemId=CMP-001-00093-1 New DesignItemId=CMP-001-00093-3
Change Component DesignItemId : Designator=C26 Old DesignItemId=CMP-001-00093-1 New DesignItemId=CMP-001-00093-3
Change Component DesignItemId : Designator=C30 Old DesignItemId=CMP-001-00093-1 New DesignItemId=CMP-001-00093-3
Change Component DesignItemId : Designator=C33 Old DesignItemId=CMP-001-00093-1 New DesignItemId=CMP-001-00093-3
Change Component DesignItemId : Designator=C47 Old DesignItemId=CMP-001-00093-1 New DesignItemId=CMP-001-00093-3
Change Component DesignItemId : Designator=C48 Old DesignItemId=CMP-001-00093-1 New DesignItemId=CMP-001-00093-3
Change Component DesignItemId : Designator=C50 Old DesignItemId=CMP-001-00093-1 New DesignItemId=CMP-001-00093-3
Change Component DesignItemId : Designator=C52 Old DesignItemId=CMP-001-00093-1 New DesignItemId=CMP-001-00093-3
Change Component DesignItemId : Designator=C53 Old DesignItemId=CMP-001-00093-1 New DesignItemId=CMP-001-00093-3
Change Component DesignItemId : Designator=C55 Old DesignItemId=CMP-001-00093-1 New DesignItemId=CMP-001-00093-3
Change Component DesignItemId : Designator=Y1 Old DesignItemId=CMP-003-00039-1 New DesignItemId=CMP-003-00039-2
Change Component Footprint: Designator=C19 Old Footprint=0.1uF-FP-CGA3E-0_3-0_1-IPC_A New Footprint=0.1uF-FP-CGA3E-0_3-0_1-IPC_A
Change Component Footprint: Designator=C20 Old Footprint=0.1uF-FP-CGA3E-0_3-0_1-IPC_A New Footprint=0.1uF-FP-CGA3E-0_3-0_1-IPC_A
Change Component Footprint: Designator=C21 Old Footprint=0.1uF-FP-CGA3E-0_3-0_1-IPC_A New Footprint=0.1uF-FP-CGA3E-0_3-0_1-IPC_A
Change Component Footprint: Designator=C22 Old Footprint=0.1uF-FP-CGA3E-0_3-0_1-IPC_A New Footprint=0.1uF-FP-CGA3E-0_3-0_1-IPC_A
Change Component Footprint: Designator=C23 Old Footprint=0.1uF-FP-CGA3E-0_3-0_1-IPC_A New Footprint=0.1uF-FP-CGA3E-0_3-0_1-IPC_A
Change Component Footprint: Designator=C24 Old Footprint=0.1uF-FP-CGA3E-0_3-0_1-IPC_A New Footprint=0.1uF-FP-CGA3E-0_3-0_1-IPC_A
Change Component Footprint: Designator=C26 Old Footprint=0.1uF-FP-CGA3E-0_3-0_1-IPC_A New Footprint=0.1uF-FP-CGA3E-0_3-0_1-IPC_A
Change Component Footprint: Designator=C30 Old Footprint=0.1uF-FP-CGA3E-0_3-0_1-IPC_A New Footprint=0.1uF-FP-CGA3E-0_3-0_1-IPC_A
Change Component Footprint: Designator=C31 Old Footprint=0.1uF-FP-CGA3E-0_3-0_1-IPC_A New Footprint=0.1uF-FP-CGA3E-0_3-0_1-IPC_A
Change Component Footprint: Designator=C33 Old Footprint=0.1uF-FP-CGA3E-0_3-0_1-IPC_A New Footprint=0.1uF-FP-CGA3E-0_3-0_1-IPC_A
Change Component Footprint: Designator=C47 Old Footprint=0.1uF-FP-CGA3E-0_3-0_1-IPC_A New Footprint=0.1uF-FP-CGA3E-0_3-0_1-IPC_A
Change Component Footprint: Designator=C48 Old Footprint=0.1uF-FP-CGA3E-0_3-0_1-IPC_A New Footprint=0.1uF-FP-CGA3E-0_3-0_1-IPC_A
Change Component Footprint: Designator=C50 Old Footprint=0.1uF-FP-CGA3E-0_3-0_1-IPC_A New Footprint=0.1uF-FP-CGA3E-0_3-0_1-IPC_A
Change Component Footprint: Designator=C52 Old Footprint=0.1uF-FP-CGA3E-0_3-0_1-IPC_A New Footprint=0.1uF-FP-CGA3E-0_3-0_1-IPC_A
Change Component Footprint: Designator=C53 Old Footprint=0.1uF-FP-CGA3E-0_3-0_1-IPC_A New Footprint=0.1uF-FP-CGA3E-0_3-0_1-IPC_A
Change Component Footprint: Designator=C55 Old Footprint=0.1uF-FP-CGA3E-0_3-0_1-IPC_A New Footprint=0.1uF-FP-CGA3E-0_3-0_1-IPC_A
Change Component Footprint: Designator=C17 Old Footprint=CAPC0603(1608)100_L New Footprint=Copy of CAPC0603(1608)100_L
Change Component Comment : Designator=R49 Old Comment=2.2k New Comment=CRGCQ0603F2K2
Change Component Comment : Designator=Y1 Old Comment=ABM8-32.000MHZ-B2-T New Comment=CRY 32MHZ 18PF SMD
Change Component Comment : Designator=C17 Old Comment=Capacitor 4.7µF +/-20% 10V 0603 New Comment=CAP CER 4.7µF +/-20% 10V 0603
Change Component Comment : Designator=C19 Old Comment=CGA3E2X7R1E104K080AA New Comment=CAP CER 0.1UF 25V 0603
Change Component Comment : Designator=C20 Old Comment=CGA3E2X7R1E104K080AA New Comment=CAP CER 0.1UF 25V 0603
Change Component Comment : Designator=C21 Old Comment=CGA3E2X7R1E104K080AA New Comment=CAP CER 0.1UF 25V 0603
Change Component Comment : Designator=C22 Old Comment=CGA3E2X7R1E104K080AA New Comment=CAP CER 0.1UF 25V 0603
Change Component Comment : Designator=C23 Old Comment=CGA3E2X7R1E104K080AA New Comment=CAP CER 0.1UF 25V 0603
Change Component Comment : Designator=C24 Old Comment=CGA3E2X7R1E104K080AA New Comment=CAP CER 0.1UF 25V 0603
Change Component Comment : Designator=C26 Old Comment=CGA3E2X7R1E104K080AA New Comment=CAP CER 0.1UF 25V 0603
Change Component Comment : Designator=C30 Old Comment=CGA3E2X7R1E104K080AA New Comment=CAP CER 0.1UF 25V 0603
Change Component Comment : Designator=C31 Old Comment=CGA3E2X7R1E104K080AA New Comment=CAP CER 0.1UF 25V 0603
Change Component Comment : Designator=C33 Old Comment=CGA3E2X7R1E104K080AA New Comment=CAP CER 0.1UF 25V 0603
Change Component Comment : Designator=C47 Old Comment=CGA3E2X7R1E104K080AA New Comment=CAP CER 0.1UF 25V 0603
Change Component Comment : Designator=C48 Old Comment=CGA3E2X7R1E104K080AA New Comment=CAP CER 0.1UF 25V 0603
Change Component Comment : Designator=C50 Old Comment=CGA3E2X7R1E104K080AA New Comment=CAP CER 0.1UF 25V 0603
Change Component Comment : Designator=C52 Old Comment=CGA3E2X7R1E104K080AA New Comment=CAP CER 0.1UF 25V 0603
Change Component Comment : Designator=C53 Old Comment=CGA3E2X7R1E104K080AA New Comment=CAP CER 0.1UF 25V 0603
Change Component Comment : Designator=C55 Old Comment=CGA3E2X7R1E104K080AA New Comment=CAP CER 0.1UF 25V 0603
Change Component Description : Designator=C24 Old Description=CAP CER 0.1UF 25V X7R 0603 New Description=CGA3E2X7R1E104K080AA CAP CER 0.1UF 25V X7R 0603
Change Component Description : Designator=C26 Old Description=CAP CER 0.1UF 25V X7R 0603 New Description=CGA3E2X7R1E104K080AA CAP CER 0.1UF 25V X7R 0603
Change Component Description : Designator=C30 Old Description=CAP CER 0.1UF 25V X7R 0603 New Description=CGA3E2X7R1E104K080AA CAP CER 0.1UF 25V X7R 0603
Change Component Description : Designator=C33 Old Description=CAP CER 0.1UF 25V X7R 0603 New Description=CGA3E2X7R1E104K080AA CAP CER 0.1UF 25V X7R 0603
Change Component Description : Designator=C47 Old Description=CAP CER 0.1UF 25V X7R 0603 New Description=CGA3E2X7R1E104K080AA CAP CER 0.1UF 25V X7R 0603
Change Component Description : Designator=C48 Old Description=CAP CER 0.1UF 25V X7R 0603 New Description=CGA3E2X7R1E104K080AA CAP CER 0.1UF 25V X7R 0603
Change Component Description : Designator=C50 Old Description=CAP CER 0.1UF 25V X7R 0603 New Description=CGA3E2X7R1E104K080AA CAP CER 0.1UF 25V X7R 0603
Change Component Description : Designator=C52 Old Description=CAP CER 0.1UF 25V X7R 0603 New Description=CGA3E2X7R1E104K080AA CAP CER 0.1UF 25V X7R 0603
Change Component Description : Designator=C53 Old Description=CAP CER 0.1UF 25V X7R 0603 New Description=CGA3E2X7R1E104K080AA CAP CER 0.1UF 25V X7R 0603
Change Component Description : Designator=C55 Old Description=CAP CER 0.1UF 25V X7R 0603 New Description=CGA3E2X7R1E104K080AA CAP CER 0.1UF 25V X7R 0603
Change Managed Component Library Link : Designator=C17 Old VaultGUID=9FC02FF7-6FFB-40DD-871C-B9AD94DB54C2 New VaultGUID=9FC02FF7-6FFB-40DD-871C-B9AD94DB54C2 Old ItemGUID=D0B144D7-3BF7-4F98-88C6-2616429154E9 New ItemGUID=D0B144D7-3BF7-4F98-88C6-2616429154E9 Old RevisionGUID=5923D1D6-85D9-4E73-8474-26A629F2B8F4 New RevisionGUID=00c3a1f5-5c5d-4649-93c3-296e9e8012c6
Change Managed Component Library Link : Designator=C19 Old VaultGUID=9FC02FF7-6FFB-40DD-871C-B9AD94DB54C2 New VaultGUID=9FC02FF7-6FFB-40DD-871C-B9AD94DB54C2 Old ItemGUID=6F1BD07E-0A6F-439C-B39D-551E56BFF591 New ItemGUID=6F1BD07E-0A6F-439C-B39D-551E56BFF591 Old RevisionGUID=A1629248-3F51-4ECF-9955-26BC3F7B8E4B New RevisionGUID=462cd501-ca3d-4da7-a05c-18f726e7d35d
Change Managed Component Library Link : Designator=C20 Old VaultGUID=9FC02FF7-6FFB-40DD-871C-B9AD94DB54C2 New VaultGUID=9FC02FF7-6FFB-40DD-871C-B9AD94DB54C2 Old ItemGUID=6F1BD07E-0A6F-439C-B39D-551E56BFF591 New ItemGUID=6F1BD07E-0A6F-439C-B39D-551E56BFF591 Old RevisionGUID=A1629248-3F51-4ECF-9955-26BC3F7B8E4B New RevisionGUID=462cd501-ca3d-4da7-a05c-18f726e7d35d
Change Managed Component Library Link : Designator=C21 Old VaultGUID=9FC02FF7-6FFB-40DD-871C-B9AD94DB54C2 New VaultGUID=9FC02FF7-6FFB-40DD-871C-B9AD94DB54C2 Old ItemGUID=6F1BD07E-0A6F-439C-B39D-551E56BFF591 New ItemGUID=6F1BD07E-0A6F-439C-B39D-551E56BFF591 Old RevisionGUID=A1629248-3F51-4ECF-9955-26BC3F7B8E4B New RevisionGUID=462cd501-ca3d-4da7-a05c-18f726e7d35d
Change Managed Component Library Link : Designator=C22 Old VaultGUID=9FC02FF7-6FFB-40DD-871C-B9AD94DB54C2 New VaultGUID=9FC02FF7-6FFB-40DD-871C-B9AD94DB54C2 Old ItemGUID=6F1BD07E-0A6F-439C-B39D-551E56BFF591 New ItemGUID=6F1BD07E-0A6F-439C-B39D-551E56BFF591 Old RevisionGUID=A1629248-3F51-4ECF-9955-26BC3F7B8E4B New RevisionGUID=462cd501-ca3d-4da7-a05c-18f726e7d35d
Change Managed Component Library Link : Designator=C23 Old VaultGUID=9FC02FF7-6FFB-40DD-871C-B9AD94DB54C2 New VaultGUID=9FC02FF7-6FFB-40DD-871C-B9AD94DB54C2 Old ItemGUID=6F1BD07E-0A6F-439C-B39D-551E56BFF591 New ItemGUID=6F1BD07E-0A6F-439C-B39D-551E56BFF591 Old RevisionGUID=A1629248-3F51-4ECF-9955-26BC3F7B8E4B New RevisionGUID=462cd501-ca3d-4da7-a05c-18f726e7d35d
Change Managed Component Library Link : Designator=C24 Old VaultGUID=9FC02FF7-6FFB-40DD-871C-B9AD94DB54C2 New VaultGUID=9FC02FF7-6FFB-40DD-871C-B9AD94DB54C2 Old ItemGUID=6F1BD07E-0A6F-439C-B39D-551E56BFF591 New ItemGUID=6F1BD07E-0A6F-439C-B39D-551E56BFF591 Old RevisionGUID=A1629248-3F51-4ECF-9955-26BC3F7B8E4B New RevisionGUID=462cd501-ca3d-4da7-a05c-18f726e7d35d
Change Managed Component Library Link : Designator=C26 Old VaultGUID=9FC02FF7-6FFB-40DD-871C-B9AD94DB54C2 New VaultGUID=9FC02FF7-6FFB-40DD-871C-B9AD94DB54C2 Old ItemGUID=6F1BD07E-0A6F-439C-B39D-551E56BFF591 New ItemGUID=6F1BD07E-0A6F-439C-B39D-551E56BFF591 Old RevisionGUID=A1629248-3F51-4ECF-9955-26BC3F7B8E4B New RevisionGUID=462cd501-ca3d-4da7-a05c-18f726e7d35d
Change Managed Component Library Link : Designator=C30 Old VaultGUID=9FC02FF7-6FFB-40DD-871C-B9AD94DB54C2 New VaultGUID=9FC02FF7-6FFB-40DD-871C-B9AD94DB54C2 Old ItemGUID=6F1BD07E-0A6F-439C-B39D-551E56BFF591 New ItemGUID=6F1BD07E-0A6F-439C-B39D-551E56BFF591 Old RevisionGUID=A1629248-3F51-4ECF-9955-26BC3F7B8E4B New RevisionGUID=462cd501-ca3d-4da7-a05c-18f726e7d35d
Change Managed Component Library Link : Designator=C31 Old VaultGUID=9FC02FF7-6FFB-40DD-871C-B9AD94DB54C2 New VaultGUID=9FC02FF7-6FFB-40DD-871C-B9AD94DB54C2 Old ItemGUID=6F1BD07E-0A6F-439C-B39D-551E56BFF591 New ItemGUID=6F1BD07E-0A6F-439C-B39D-551E56BFF591 Old RevisionGUID=A1629248-3F51-4ECF-9955-26BC3F7B8E4B New RevisionGUID=462cd501-ca3d-4da7-a05c-18f726e7d35d
Change Managed Component Library Link : Designator=C33 Old VaultGUID=9FC02FF7-6FFB-40DD-871C-B9AD94DB54C2 New VaultGUID=9FC02FF7-6FFB-40DD-871C-B9AD94DB54C2 Old ItemGUID=6F1BD07E-0A6F-439C-B39D-551E56BFF591 New ItemGUID=6F1BD07E-0A6F-439C-B39D-551E56BFF591 Old RevisionGUID=A1629248-3F51-4ECF-9955-26BC3F7B8E4B New RevisionGUID=462cd501-ca3d-4da7-a05c-18f726e7d35d
Change Managed Component Library Link : Designator=C47 Old VaultGUID=9FC02FF7-6FFB-40DD-871C-B9AD94DB54C2 New VaultGUID=9FC02FF7-6FFB-40DD-871C-B9AD94DB54C2 Old ItemGUID=6F1BD07E-0A6F-439C-B39D-551E56BFF591 New ItemGUID=6F1BD07E-0A6F-439C-B39D-551E56BFF591 Old RevisionGUID=A1629248-3F51-4ECF-9955-26BC3F7B8E4B New RevisionGUID=462cd501-ca3d-4da7-a05c-18f726e7d35d
Change Managed Component Library Link : Designator=C48 Old VaultGUID=9FC02FF7-6FFB-40DD-871C-B9AD94DB54C2 New VaultGUID=9FC02FF7-6FFB-40DD-871C-B9AD94DB54C2 Old ItemGUID=6F1BD07E-0A6F-439C-B39D-551E56BFF591 New ItemGUID=6F1BD07E-0A6F-439C-B39D-551E56BFF591 Old RevisionGUID=A1629248-3F51-4ECF-9955-26BC3F7B8E4B New RevisionGUID=462cd501-ca3d-4da7-a05c-18f726e7d35d
Change Managed Component Library Link : Designator=C50 Old VaultGUID=9FC02FF7-6FFB-40DD-871C-B9AD94DB54C2 New VaultGUID=9FC02FF7-6FFB-40DD-871C-B9AD94DB54C2 Old ItemGUID=6F1BD07E-0A6F-439C-B39D-551E56BFF591 New ItemGUID=6F1BD07E-0A6F-439C-B39D-551E56BFF591 Old RevisionGUID=A1629248-3F51-4ECF-9955-26BC3F7B8E4B New RevisionGUID=462cd501-ca3d-4da7-a05c-18f726e7d35d
Change Managed Component Library Link : Designator=C52 Old VaultGUID=9FC02FF7-6FFB-40DD-871C-B9AD94DB54C2 New VaultGUID=9FC02FF7-6FFB-40DD-871C-B9AD94DB54C2 Old ItemGUID=6F1BD07E-0A6F-439C-B39D-551E56BFF591 New ItemGUID=6F1BD07E-0A6F-439C-B39D-551E56BFF591 Old RevisionGUID=A1629248-3F51-4ECF-9955-26BC3F7B8E4B New RevisionGUID=462cd501-ca3d-4da7-a05c-18f726e7d35d
Change Managed Component Library Link : Designator=C53 Old VaultGUID=9FC02FF7-6FFB-40DD-871C-B9AD94DB54C2 New VaultGUID=9FC02FF7-6FFB-40DD-871C-B9AD94DB54C2 Old ItemGUID=6F1BD07E-0A6F-439C-B39D-551E56BFF591 New ItemGUID=6F1BD07E-0A6F-439C-B39D-551E56BFF591 Old RevisionGUID=A1629248-3F51-4ECF-9955-26BC3F7B8E4B New RevisionGUID=462cd501-ca3d-4da7-a05c-18f726e7d35d
Change Managed Component Library Link : Designator=C55 Old VaultGUID=9FC02FF7-6FFB-40DD-871C-B9AD94DB54C2 New VaultGUID=9FC02FF7-6FFB-40DD-871C-B9AD94DB54C2 Old ItemGUID=6F1BD07E-0A6F-439C-B39D-551E56BFF591 New ItemGUID=6F1BD07E-0A6F-439C-B39D-551E56BFF591 Old RevisionGUID=A1629248-3F51-4ECF-9955-26BC3F7B8E4B New RevisionGUID=462cd501-ca3d-4da7-a05c-18f726e7d35d
Change Managed Component Library Link : Designator=Y1 Old VaultGUID=9FC02FF7-6FFB-40DD-871C-B9AD94DB54C2 New VaultGUID=9FC02FF7-6FFB-40DD-871C-B9AD94DB54C2 Old ItemGUID=917bbdc1-b808-401d-b420-f7e328470788 New ItemGUID=917bbdc1-b808-401d-b420-f7e328470788 Old RevisionGUID=970912ce-0de9-42ee-9b64-ad18a7ef11fa New RevisionGUID=0cd3039a-bd06-44a4-862e-344ba550d2dc
Change component parameters: Designator = "C17" ("C17"); Footprint = "CAPC0603(1608)100_L"; UniqueID = "\FJCJSJSO\ERAGGUQP" ("\FJCJSJSO\ERAGGUQP")
Change component parameters (AddParameter): Name = "Capacitor Type"; Value = ""; VariantName = "[No Variations]"
Change component parameters (AddParameter): Name = "Case/Package"; Value = "0603"; VariantName = "[No Variations]"
Change component parameters (AddParameter): Name = "Max Operating Temperature"; Value = "85°C"; VariantName = "[No Variations]"
Change component parameters (AddParameter): Name = "Min Operating Temperature"; Value = "-55°C"; VariantName = "[No Variations]"
Change component parameters (AddParameter): Name = "Mounting Technology"; Value = "Surface Mount"; VariantName = "[No Variations]"
Change component parameters (AddParameter): Name = "Pins"; Value = "2"; VariantName = "[No Variations]"
Change component parameters (AddParameter): Name = "Ripple Current"; Value = ""; VariantName = "[No Variations]"
Change component parameters (AddParameter): Name = "Ripple Current (AC)"; Value = ""; VariantName = "[No Variations]"
Change component parameters (AddParameter): Name = "RoHS Compliant"; Value = ""; VariantName = "[No Variations]"
Change component parameters (AddParameter): Name = "Tolerance"; Value = "20%"; VariantName = "[No Variations]"
Change component parameters (AddParameter): Name = "Value"; Value = "4.7µF"; VariantName = "[No Variations]"
Change component parameters (AddParameter): Name = "Voltage Rating"; Value = "10V"; VariantName = "[No Variations]"
Change component parameters: Designator = "C19" ("C19"); Footprint = "0.1uF-FP-CGA3E-0_3-0_1-IPC_A"; UniqueID = "\FJCJSJSO\PXYWDYIF" ("\FJCJSJSO\PXYWDYIF")
Change component parameters (AddParameter): Name = "Capacitance"; Value = ""; VariantName = "[No Variations]"
Change component parameters (AddParameter): Name = "Capacitor Type"; Value = ""; VariantName = "[No Variations]"
Change component parameters (AddParameter): Name = "Case/Package"; Value = "0603 (1608 Metric)"; VariantName = "[No Variations]"
Change component parameters (AddParameter): Name = "ComponentLink1Description"; Value = "Datasheet"; VariantName = "[No Variations]"
Change component parameters (AddParameter): Name = "ComponentLink1URL"; Value = "https://product.tdk.com/info/en/catalog/spec/mlccspec_automotive_general_en.pdf"; VariantName = "[No Variations]"
Change component parameters (AddParameter): Name = "Design Item ID"; Value = "CGA3E2X7R1E104K080AA"; VariantName = "[No Variations]"
Change component parameters (AddParameter): Name = "Manufacturer"; Value = "TDK Corporation"; VariantName = "[No Variations]"
Change component parameters (AddParameter): Name = "Manufacturer Part Number"; Value = "CGA3E2X7R1E104K080AA"; VariantName = "[No Variations]"
Change component parameters (AddParameter): Name = "Max Operating Temperature"; Value = ""; VariantName = "[No Variations]"
Change component parameters (AddParameter): Name = "Min Operating Temperature"; Value = ""; VariantName = "[No Variations]"
Change component parameters (AddParameter): Name = "Mounting Technology"; Value = ""; VariantName = "[No Variations]"
Change component parameters (AddParameter): Name = "Mounting Type"; Value = "Surface Mount, MLCC"; VariantName = "[No Variations]"
Change component parameters (AddParameter): Name = "Operating Temperature"; Value = "-55°C ~ 125°C"; VariantName = "[No Variations]"
Change component parameters (AddParameter): Name = "Pins"; Value = ""; VariantName = "[No Variations]"
Change component parameters (AddParameter): Name = "Ripple Current"; Value = ""; VariantName = "[No Variations]"
Change component parameters (AddParameter): Name = "Ripple Current (AC)"; Value = ""; VariantName = "[No Variations]"
Change component parameters (AddParameter): Name = "RoHS Compliant"; Value = ""; VariantName = "[No Variations]"
Change component parameters (AddParameter): Name = "Size / Dimension"; Value = "0.063" L x 0.031" W (1.60mm x 0.80mm)"; VariantName = "[No Variations]"
Change component parameters (AddParameter): Name = "Source"; Value = "PlumBay_SchLib.SchLib"; VariantName = "[No Variations]"
Change component parameters (AddParameter): Name = "Temperature Coefficient"; Value = "X7R"; VariantName = "[No Variations]"
Change component parameters (AddParameter): Name = "Thickness (Max)"; Value = "0.035" (0.90mm)"; VariantName = "[No Variations]"
Change component parameters (AddParameter): Name = "Tolerance"; Value = "10%"; VariantName = "[No Variations]"
Change component parameters (AddParameter): Name = "Value"; Value = "100nF"; VariantName = "[No Variations]"
Change component parameters (AddParameter): Name = "Voltage - Rated"; Value = "25V"; VariantName = "[No Variations]"
Change component parameters (AddParameter): Name = "Voltage Rating"; Value = ""; VariantName = "[No Variations]"
Change component parameters: Designator = "C20" ("C20"); Footprint = "0.1uF-FP-CGA3E-0_3-0_1-IPC_A"; UniqueID = "\FJCJSJSO\RTTVXVFU" ("\FJCJSJSO\RTTVXVFU")
Change component parameters (AddParameter): Name = "Capacitance"; Value = ""; VariantName = "[No Variations]"
Change component parameters (AddParameter): Name = "Capacitor Type"; Value = ""; VariantName = "[No Variations]"
Change component parameters (AddParameter): Name = "Case/Package"; Value = "0603 (1608 Metric)"; VariantName = "[No Variations]"
Change component parameters (AddParameter): Name = "ComponentLink1Description"; Value = "Datasheet"; VariantName = "[No Variations]"
Change component parameters (AddParameter): Name = "ComponentLink1URL"; Value = "https://product.tdk.com/info/en/catalog/spec/mlccspec_automotive_general_en.pdf"; VariantName = "[No Variations]"
Change component parameters (AddParameter): Name = "Design Item ID"; Value = "CGA3E2X7R1E104K080AA"; VariantName = "[No Variations]"
Change component parameters (AddParameter): Name = "Manufacturer"; Value = "TDK Corporation"; VariantName = "[No Variations]"
Change component parameters (AddParameter): Name = "Manufacturer Part Number"; Value = "CGA3E2X7R1E104K080AA"; VariantName = "[No Variations]"
Change component parameters (AddParameter): Name = "Max Operating Temperature"; Value = ""; VariantName = "[No Variations]"
Change component parameters (AddParameter): Name = "Min Operating Temperature"; Value = ""; VariantName = "[No Variations]"
Change component parameters (AddParameter): Name = "Mounting Technology"; Value = ""; VariantName = "[No Variations]"
Change component parameters (AddParameter): Name = "Mounting Type"; Value = "Surface Mount, MLCC"; VariantName = "[No Variations]"
Change component parameters (AddParameter): Name = "Operating Temperature"; Value = "-55°C ~ 125°C"; VariantName = "[No Variations]"
Change component parameters (AddParameter): Name = "Pins"; Value = ""; VariantName = "[No Variations]"
Change component parameters (AddParameter): Name = "Ripple Current"; Value = ""; VariantName = "[No Variations]"
Change component parameters (AddParameter): Name = "Ripple Current (AC)"; Value = ""; VariantName = "[No Variations]"
Change component parameters (AddParameter): Name = "RoHS Compliant"; Value = ""; VariantName = "[No Variations]"
Change component parameters (AddParameter): Name = "Size / Dimension"; Value = "0.063" L x 0.031" W (1.60mm x 0.80mm)"; VariantName = "[No Variations]"
Change component parameters (AddParameter): Name = "Source"; Value = "PlumBay_SchLib.SchLib"; VariantName = "[No Variations]"
Change component parameters (AddParameter): Name = "Temperature Coefficient"; Value = "X7R"; VariantName = "[No Variations]"
Change component parameters (AddParameter): Name = "Thickness (Max)"; Value = "0.035" (0.90mm)"; VariantName = "[No Variations]"
Change component parameters (AddParameter): Name = "Tolerance"; Value = "10%"; VariantName = "[No Variations]"
Change component parameters (AddParameter): Name = "Value"; Value = "100nF"; VariantName = "[No Variations]"
Change component parameters (AddParameter): Name = "Voltage - Rated"; Value = "25V"; VariantName = "[No Variations]"
Change component parameters (AddParameter): Name = "Voltage Rating"; Value = ""; VariantName = "[No Variations]"
Change component parameters: Designator = "C21" ("C21"); Footprint = "0.1uF-FP-CGA3E-0_3-0_1-IPC_A"; UniqueID = "\FJCJSJSO\MOHERJHX" ("\FJCJSJSO\MOHERJHX")
Change component parameters (AddParameter): Name = "Capacitance"; Value = ""; VariantName = "[No Variations]"
Change component parameters (AddParameter): Name = "Capacitor Type"; Value = ""; VariantName = "[No Variations]"
Change component parameters (AddParameter): Name = "Case/Package"; Value = "0603 (1608 Metric)"; VariantName = "[No Variations]"
Change component parameters (AddParameter): Name = "ComponentLink1Description"; Value = "Datasheet"; VariantName = "[No Variations]"
Change component parameters (AddParameter): Name = "ComponentLink1URL"; Value = "https://product.tdk.com/info/en/catalog/spec/mlccspec_automotive_general_en.pdf"; VariantName = "[No Variations]"
Change component parameters (AddParameter): Name = "Design Item ID"; Value = "CGA3E2X7R1E104K080AA"; VariantName = "[No Variations]"
Change component parameters (AddParameter): Name = "Manufacturer"; Value = "TDK Corporation"; VariantName = "[No Variations]"
Change component parameters (AddParameter): Name = "Manufacturer Part Number"; Value = "CGA3E2X7R1E104K080AA"; VariantName = "[No Variations]"
Change component parameters (AddParameter): Name = "Max Operating Temperature"; Value = ""; VariantName = "[No Variations]"
Change component parameters (AddParameter): Name = "Min Operating Temperature"; Value = ""; VariantName = "[No Variations]"
Change component parameters (AddParameter): Name = "Mounting Technology"; Value = ""; VariantName = "[No Variations]"
Change component parameters (AddParameter): Name = "Mounting Type"; Value = "Surface Mount, MLCC"; VariantName = "[No Variations]"
Change component parameters (AddParameter): Name = "Operating Temperature"; Value = "-55°C ~ 125°C"; VariantName = "[No Variations]"
Change component parameters (AddParameter): Name = "Pins"; Value = ""; VariantName = "[No Variations]"
Change component parameters (AddParameter): Name = "Ripple Current"; Value = ""; VariantName = "[No Variations]"
Change component parameters (AddParameter): Name = "Ripple Current (AC)"; Value = ""; VariantName = "[No Variations]"
Change component parameters (AddParameter): Name = "RoHS Compliant"; Value = ""; VariantName = "[No Variations]"
Change component parameters (AddParameter): Name = "Size / Dimension"; Value = "0.063" L x 0.031" W (1.60mm x 0.80mm)"; VariantName = "[No Variations]"
Change component parameters (AddParameter): Name = "Source"; Value = "PlumBay_SchLib.SchLib"; VariantName = "[No Variations]"
Change component parameters (AddParameter): Name = "Temperature Coefficient"; Value = "X7R"; VariantName = "[No Variations]"
Change component parameters (AddParameter): Name = "Thickness (Max)"; Value = "0.035" (0.90mm)"; VariantName = "[No Variations]"
Change component parameters (AddParameter): Name = "Tolerance"; Value = "10%"; VariantName = "[No Variations]"
Change component parameters (AddParameter): Name = "Value"; Value = "100nF"; VariantName = "[No Variations]"
Change component parameters (AddParameter): Name = "Voltage - Rated"; Value = "25V"; VariantName = "[No Variations]"
Change component parameters (AddParameter): Name = "Voltage Rating"; Value = ""; VariantName = "[No Variations]"
Change component parameters: Designator = "C22" ("C22"); Footprint = "0.1uF-FP-CGA3E-0_3-0_1-IPC_A"; UniqueID = "\FJCJSJSO\FOLJWMVP" ("\FJCJSJSO\FOLJWMVP")
Change component parameters (AddParameter): Name = "Capacitance"; Value = ""; VariantName = "[No Variations]"
Change component parameters (AddParameter): Name = "Capacitor Type"; Value = ""; VariantName = "[No Variations]"
Change component parameters (AddParameter): Name = "Case/Package"; Value = "0603 (1608 Metric)"; VariantName = "[No Variations]"
Change component parameters (AddParameter): Name = "ComponentLink1Description"; Value = "Datasheet"; VariantName = "[No Variations]"
Change component parameters (AddParameter): Name = "ComponentLink1URL"; Value = "https://product.tdk.com/info/en/catalog/spec/mlccspec_automotive_general_en.pdf"; VariantName = "[No Variations]"
Change component parameters (AddParameter): Name = "Design Item ID"; Value = "CGA3E2X7R1E104K080AA"; VariantName = "[No Variations]"
Change component parameters (AddParameter): Name = "Manufacturer"; Value = "TDK Corporation"; VariantName = "[No Variations]"
Change component parameters (AddParameter): Name = "Manufacturer Part Number"; Value = "CGA3E2X7R1E104K080AA"; VariantName = "[No Variations]"
Change component parameters (AddParameter): Name = "Max Operating Temperature"; Value = ""; VariantName = "[No Variations]"
Change component parameters (AddParameter): Name = "Min Operating Temperature"; Value = ""; VariantName = "[No Variations]"
Change component parameters (AddParameter): Name = "Mounting Technology"; Value = ""; VariantName = "[No Variations]"
Change component parameters (AddParameter): Name = "Mounting Type"; Value = "Surface Mount, MLCC"; VariantName = "[No Variations]"
Change component parameters (AddParameter): Name = "Operating Temperature"; Value = "-55°C ~ 125°C"; VariantName = "[No Variations]"
Change component parameters (AddParameter): Name = "Pins"; Value = ""; VariantName = "[No Variations]"
Change component parameters (AddParameter): Name = "Ripple Current"; Value = ""; VariantName = "[No Variations]"
Change component parameters (AddParameter): Name = "Ripple Current (AC)"; Value = ""; VariantName = "[No Variations]"
Change component parameters (AddParameter): Name = "RoHS Compliant"; Value = ""; VariantName = "[No Variations]"
Change component parameters (AddParameter): Name = "Size / Dimension"; Value = "0.063" L x 0.031" W (1.60mm x 0.80mm)"; VariantName = "[No Variations]"
Change component parameters (AddParameter): Name = "Source"; Value = "PlumBay_SchLib.SchLib"; VariantName = "[No Variations]"
Change component parameters (AddParameter): Name = "Temperature Coefficient"; Value = "X7R"; VariantName = "[No Variations]"
Change component parameters (AddParameter): Name = "Thickness (Max)"; Value = "0.035" (0.90mm)"; VariantName = "[No Variations]"
Change component parameters (AddParameter): Name = "Tolerance"; Value = "10%"; VariantName = "[No Variations]"
Change component parameters (AddParameter): Name = "Value"; Value = "100nF"; VariantName = "[No Variations]"
Change component parameters (AddParameter): Name = "Voltage - Rated"; Value = "25V"; VariantName = "[No Variations]"
Change component parameters (AddParameter): Name = "Voltage Rating"; Value = ""; VariantName = "[No Variations]"
Change component parameters: Designator = "C23" ("C23"); Footprint = "0.1uF-FP-CGA3E-0_3-0_1-IPC_A"; UniqueID = "\FJCJSJSO\LIVCVOFD" ("\FJCJSJSO\LIVCVOFD")
Change component parameters (AddParameter): Name = "Capacitance"; Value = ""; VariantName = "[No Variations]"
Change component parameters (AddParameter): Name = "Capacitor Type"; Value = ""; VariantName = "[No Variations]"
Change component parameters (AddParameter): Name = "Case/Package"; Value = "0603 (1608 Metric)"; VariantName = "[No Variations]"
Change component parameters (AddParameter): Name = "ComponentLink1Description"; Value = "Datasheet"; VariantName = "[No Variations]"
Change component parameters (AddParameter): Name = "ComponentLink1URL"; Value = "https://product.tdk.com/info/en/catalog/spec/mlccspec_automotive_general_en.pdf"; VariantName = "[No Variations]"
Change component parameters (AddParameter): Name = "Design Item ID"; Value = "CGA3E2X7R1E104K080AA"; VariantName = "[No Variations]"
Change component parameters (AddParameter): Name = "Manufacturer"; Value = "TDK Corporation"; VariantName = "[No Variations]"
Change component parameters (AddParameter): Name = "Manufacturer Part Number"; Value = "CGA3E2X7R1E104K080AA"; VariantName = "[No Variations]"
Change component parameters (AddParameter): Name = "Max Operating Temperature"; Value = ""; VariantName = "[No Variations]"
Change component parameters (AddParameter): Name = "Min Operating Temperature"; Value = ""; VariantName = "[No Variations]"
Change component parameters (AddParameter): Name = "Mounting Technology"; Value = ""; VariantName = "[No Variations]"
Change component parameters (AddParameter): Name = "Mounting Type"; Value = "Surface Mount, MLCC"; VariantName = "[No Variations]"
Change component parameters (AddParameter): Name = "Operating Temperature"; Value = "-55°C ~ 125°C"; VariantName = "[No Variations]"
Change component parameters (AddParameter): Name = "Pins"; Value = ""; VariantName = "[No Variations]"
Change component parameters (AddParameter): Name = "Ripple Current"; Value = ""; VariantName = "[No Variations]"
Change component parameters (AddParameter): Name = "Ripple Current (AC)"; Value = ""; VariantName = "[No Variations]"
Change component parameters (AddParameter): Name = "RoHS Compliant"; Value = ""; VariantName = "[No Variations]"
Change component parameters (AddParameter): Name = "Size / Dimension"; Value = "0.063" L x 0.031" W (1.60mm x 0.80mm)"; VariantName = "[No Variations]"
Change component parameters (AddParameter): Name = "Source"; Value = "PlumBay_SchLib.SchLib"; VariantName = "[No Variations]"
Change component parameters (AddParameter): Name = "Temperature Coefficient"; Value = "X7R"; VariantName = "[No Variations]"
Change component parameters (AddParameter): Name = "Thickness (Max)"; Value = "0.035" (0.90mm)"; VariantName = "[No Variations]"
Change component parameters (AddParameter): Name = "Tolerance"; Value = "10%"; VariantName = "[No Variations]"
Change component parameters (AddParameter): Name = "Value"; Value = "100nF"; VariantName = "[No Variations]"
Change component parameters (AddParameter): Name = "Voltage - Rated"; Value = "25V"; VariantName = "[No Variations]"
Change component parameters (AddParameter): Name = "Voltage Rating"; Value = ""; VariantName = "[No Variations]"
Change component parameters: Designator = "C24" ("C24"); Footprint = "0.1uF-FP-CGA3E-0_3-0_1-IPC_A"; UniqueID = "\FJCJSJSO\SJSNPDOO" ("\FJCJSJSO\SJSNPDOO")
Change component parameters (AddParameter): Name = "Capacitance"; Value = ""; VariantName = "[No Variations]"
Change component parameters (AddParameter): Name = "Capacitor Type"; Value = ""; VariantName = "[No Variations]"
Change component parameters (AddParameter): Name = "Case/Package"; Value = "0603 (1608 Metric)"; VariantName = "[No Variations]"
Change component parameters (AddParameter): Name = "ComponentLink1Description"; Value = "Datasheet"; VariantName = "[No Variations]"
Change component parameters (AddParameter): Name = "ComponentLink1URL"; Value = "https://product.tdk.com/info/en/catalog/spec/mlccspec_automotive_general_en.pdf"; VariantName = "[No Variations]"
Change component parameters (AddParameter): Name = "Design Item ID"; Value = "CGA3E2X7R1E104K080AA"; VariantName = "[No Variations]"
Change component parameters (AddParameter): Name = "Manufacturer"; Value = "TDK Corporation"; VariantName = "[No Variations]"
Change component parameters (AddParameter): Name = "Manufacturer Part Number"; Value = "CGA3E2X7R1E104K080AA"; VariantName = "[No Variations]"
Change component parameters (AddParameter): Name = "Max Operating Temperature"; Value = ""; VariantName = "[No Variations]"
Change component parameters (AddParameter): Name = "Min Operating Temperature"; Value = ""; VariantName = "[No Variations]"
Change component parameters (AddParameter): Name = "Mounting Technology"; Value = ""; VariantName = "[No Variations]"
Change component parameters (AddParameter): Name = "Mounting Type"; Value = "Surface Mount, MLCC"; VariantName = "[No Variations]"
Change component parameters (AddParameter): Name = "Operating Temperature"; Value = "-55°C ~ 125°C"; VariantName = "[No Variations]"
Change component parameters (AddParameter): Name = "Pins"; Value = ""; VariantName = "[No Variations]"
Change component parameters (AddParameter): Name = "Ripple Current"; Value = ""; VariantName = "[No Variations]"
Change component parameters (AddParameter): Name = "Ripple Current (AC)"; Value = ""; VariantName = "[No Variations]"
Change component parameters (AddParameter): Name = "RoHS Compliant"; Value = ""; VariantName = "[No Variations]"
Change component parameters (AddParameter): Name = "Size / Dimension"; Value = "0.063" L x 0.031" W (1.60mm x 0.80mm)"; VariantName = "[No Variations]"
Change component parameters (AddParameter): Name = "Source"; Value = "PlumBay_SchLib.SchLib"; VariantName = "[No Variations]"
Change component parameters (AddParameter): Name = "Temperature Coefficient"; Value = "X7R"; VariantName = "[No Variations]"
Change component parameters (AddParameter): Name = "Thickness (Max)"; Value = "0.035" (0.90mm)"; VariantName = "[No Variations]"
Change component parameters (AddParameter): Name = "Tolerance"; Value = "10%"; VariantName = "[No Variations]"
Change component parameters (AddParameter): Name = "Value"; Value = "100nF"; VariantName = "[No Variations]"
Change component parameters (AddParameter): Name = "Voltage - Rated"; Value = "25V"; VariantName = "[No Variations]"
Change component parameters (AddParameter): Name = "Voltage Rating"; Value = ""; VariantName = "[No Variations]"
Change component parameters: Designator = "C26" ("C26"); Footprint = "0.1uF-FP-CGA3E-0_3-0_1-IPC_A"; UniqueID = "\FJCJSJSO\OCPNQVTC" ("\FJCJSJSO\OCPNQVTC")
Change component parameters (AddParameter): Name = "Capacitance"; Value = ""; VariantName = "[No Variations]"
Change component parameters (AddParameter): Name = "Capacitor Type"; Value = ""; VariantName = "[No Variations]"
Change component parameters (AddParameter): Name = "Case/Package"; Value = "0603 (1608 Metric)"; VariantName = "[No Variations]"
Change component parameters (AddParameter): Name = "ComponentLink1Description"; Value = "Datasheet"; VariantName = "[No Variations]"
Change component parameters (AddParameter): Name = "ComponentLink1URL"; Value = "https://product.tdk.com/info/en/catalog/spec/mlccspec_automotive_general_en.pdf"; VariantName = "[No Variations]"
Change component parameters (AddParameter): Name = "Design Item ID"; Value = "CGA3E2X7R1E104K080AA"; VariantName = "[No Variations]"
Change component parameters (AddParameter): Name = "Manufacturer"; Value = "TDK Corporation"; VariantName = "[No Variations]"
Change component parameters (AddParameter): Name = "Manufacturer Part Number"; Value = "CGA3E2X7R1E104K080AA"; VariantName = "[No Variations]"
Change component parameters (AddParameter): Name = "Max Operating Temperature"; Value = ""; VariantName = "[No Variations]"
Change component parameters (AddParameter): Name = "Min Operating Temperature"; Value = ""; VariantName = "[No Variations]"
Change component parameters (AddParameter): Name = "Mounting Technology"; Value = ""; VariantName = "[No Variations]"
Change component parameters (AddParameter): Name = "Mounting Type"; Value = "Surface Mount, MLCC"; VariantName = "[No Variations]"
Change component parameters (AddParameter): Name = "Operating Temperature"; Value = "-55°C ~ 125°C"; VariantName = "[No Variations]"
Change component parameters (AddParameter): Name = "Pins"; Value = ""; VariantName = "[No Variations]"
Change component parameters (AddParameter): Name = "Ripple Current"; Value = ""; VariantName = "[No Variations]"
Change component parameters (AddParameter): Name = "Ripple Current (AC)"; Value = ""; VariantName = "[No Variations]"
Change component parameters (AddParameter): Name = "RoHS Compliant"; Value = ""; VariantName = "[No Variations]"
Change component parameters (AddParameter): Name = "Size / Dimension"; Value = "0.063" L x 0.031" W (1.60mm x 0.80mm)"; VariantName = "[No Variations]"
Change component parameters (AddParameter): Name = "Source"; Value = "PlumBay_SchLib.SchLib"; VariantName = "[No Variations]"
Change component parameters (AddParameter): Name = "Temperature Coefficient"; Value = "X7R"; VariantName = "[No Variations]"
Change component parameters (AddParameter): Name = "Thickness (Max)"; Value = "0.035" (0.90mm)"; VariantName = "[No Variations]"
Change component parameters (AddParameter): Name = "Tolerance"; Value = "10%"; VariantName = "[No Variations]"
Change component parameters (AddParameter): Name = "Value"; Value = "100nF"; VariantName = "[No Variations]"
Change component parameters (AddParameter): Name = "Voltage - Rated"; Value = "25V"; VariantName = "[No Variations]"
Change component parameters (AddParameter): Name = "Voltage Rating"; Value = ""; VariantName = "[No Variations]"
Change component parameters: Designator = "C30" ("C30"); Footprint = "0.1uF-FP-CGA3E-0_3-0_1-IPC_A"; UniqueID = "\WJRLABZT\BNUOLQRN" ("\WJRLABZT\BNUOLQRN")
Change component parameters (AddParameter): Name = "Capacitance"; Value = ""; VariantName = "[No Variations]"
Change component parameters (AddParameter): Name = "Capacitor Type"; Value = ""; VariantName = "[No Variations]"
Change component parameters (AddParameter): Name = "Case/Package"; Value = "0603 (1608 Metric)"; VariantName = "[No Variations]"
Change component parameters (AddParameter): Name = "ComponentLink1Description"; Value = "Datasheet"; VariantName = "[No Variations]"
Change component parameters (AddParameter): Name = "ComponentLink1URL"; Value = "https://product.tdk.com/info/en/catalog/spec/mlccspec_automotive_general_en.pdf"; VariantName = "[No Variations]"
Change component parameters (AddParameter): Name = "Design Item ID"; Value = "CGA3E2X7R1E104K080AA"; VariantName = "[No Variations]"
Change component parameters (AddParameter): Name = "Manufacturer"; Value = "TDK Corporation"; VariantName = "[No Variations]"
Change component parameters (AddParameter): Name = "Manufacturer Part Number"; Value = "CGA3E2X7R1E104K080AA"; VariantName = "[No Variations]"
Change component parameters (AddParameter): Name = "Max Operating Temperature"; Value = ""; VariantName = "[No Variations]"
Change component parameters (AddParameter): Name = "Min Operating Temperature"; Value = ""; VariantName = "[No Variations]"
Change component parameters (AddParameter): Name = "Mounting Technology"; Value = ""; VariantName = "[No Variations]"
Change component parameters (AddParameter): Name = "Mounting Type"; Value = "Surface Mount, MLCC"; VariantName = "[No Variations]"
Change component parameters (AddParameter): Name = "Operating Temperature"; Value = "-55°C ~ 125°C"; VariantName = "[No Variations]"
Change component parameters (AddParameter): Name = "Pins"; Value = ""; VariantName = "[No Variations]"
Change component parameters (AddParameter): Name = "Ripple Current"; Value = ""; VariantName = "[No Variations]"
Change component parameters (AddParameter): Name = "Ripple Current (AC)"; Value = ""; VariantName = "[No Variations]"
Change component parameters (AddParameter): Name = "RoHS Compliant"; Value = ""; VariantName = "[No Variations]"
Change component parameters (AddParameter): Name = "Size / Dimension"; Value = "0.063" L x 0.031" W (1.60mm x 0.80mm)"; VariantName = "[No Variations]"
Change component parameters (AddParameter): Name = "Source"; Value = "PlumBay_SchLib.SchLib"; VariantName = "[No Variations]"
Change component parameters (AddParameter): Name = "Temperature Coefficient"; Value = "X7R"; VariantName = "[No Variations]"
Change component parameters (AddParameter): Name = "Thickness (Max)"; Value = "0.035" (0.90mm)"; VariantName = "[No Variations]"
Change component parameters (AddParameter): Name = "Tolerance"; Value = "10%"; VariantName = "[No Variations]"
Change component parameters (AddParameter): Name = "Value"; Value = "100nF"; VariantName = "[No Variations]"
Change component parameters (AddParameter): Name = "Voltage - Rated"; Value = "25V"; VariantName = "[No Variations]"
Change component parameters (AddParameter): Name = "Voltage Rating"; Value = ""; VariantName = "[No Variations]"
Change component parameters: Designator = "C31" ("C31"); Footprint = "0.1uF-FP-CGA3E-0_3-0_1-IPC_A"; UniqueID = "\WJRLABZT\XBLPLFYP" ("\WJRLABZT\XBLPLFYP")
Change component parameters (AddParameter): Name = "Capacitance"; Value = ""; VariantName = "[No Variations]"
Change component parameters (AddParameter): Name = "Capacitor Type"; Value = ""; VariantName = "[No Variations]"
Change component parameters (AddParameter): Name = "Case/Package"; Value = "0603 (1608 Metric)"; VariantName = "[No Variations]"
Change component parameters (AddParameter): Name = "ComponentLink1Description"; Value = "Datasheet"; VariantName = "[No Variations]"
Change component parameters (AddParameter): Name = "ComponentLink1URL"; Value = "https://product.tdk.com/info/en/catalog/spec/mlccspec_automotive_general_en.pdf"; VariantName = "[No Variations]"
Change component parameters (AddParameter): Name = "Design Item ID"; Value = "CGA3E2X7R1E104K080AA"; VariantName = "[No Variations]"
Change component parameters (AddParameter): Name = "Manufacturer"; Value = "TDK Corporation"; VariantName = "[No Variations]"
Change component parameters (AddParameter): Name = "Manufacturer Part Number"; Value = "CGA3E2X7R1E104K080AA"; VariantName = "[No Variations]"
Change component parameters (AddParameter): Name = "Max Operating Temperature"; Value = ""; VariantName = "[No Variations]"
Change component parameters (AddParameter): Name = "Min Operating Temperature"; Value = ""; VariantName = "[No Variations]"
Change component parameters (AddParameter): Name = "Mounting Technology"; Value = ""; VariantName = "[No Variations]"
Change component parameters (AddParameter): Name = "Mounting Type"; Value = "Surface Mount, MLCC"; VariantName = "[No Variations]"
Change component parameters (AddParameter): Name = "Operating Temperature"; Value = "-55°C ~ 125°C"; VariantName = "[No Variations]"
Change component parameters (AddParameter): Name = "Pins"; Value = ""; VariantName = "[No Variations]"
Change component parameters (AddParameter): Name = "Ripple Current"; Value = ""; VariantName = "[No Variations]"
Change component parameters (AddParameter): Name = "Ripple Current (AC)"; Value = ""; VariantName = "[No Variations]"
Change component parameters (AddParameter): Name = "RoHS Compliant"; Value = ""; VariantName = "[No Variations]"
Change component parameters (AddParameter): Name = "Size / Dimension"; Value = "0.063" L x 0.031" W (1.60mm x 0.80mm)"; VariantName = "[No Variations]"
Change component parameters (AddParameter): Name = "Source"; Value = "PlumBay_SchLib.SchLib"; VariantName = "[No Variations]"
Change component parameters (AddParameter): Name = "Temperature Coefficient"; Value = "X7R"; VariantName = "[No Variations]"
Change component parameters (AddParameter): Name = "Thickness (Max)"; Value = "0.035" (0.90mm)"; VariantName = "[No Variations]"
Change component parameters (AddParameter): Name = "Tolerance"; Value = "10%"; VariantName = "[No Variations]"
Change component parameters (AddParameter): Name = "Value"; Value = "100nF"; VariantName = "[No Variations]"
Change component parameters (AddParameter): Name = "Voltage - Rated"; Value = "25V"; VariantName = "[No Variations]"
Change component parameters (AddParameter): Name = "Voltage Rating"; Value = ""; VariantName = "[No Variations]"
Change component parameters: Designator = "C33" ("C33"); Footprint = "0.1uF-FP-CGA3E-0_3-0_1-IPC_A"; UniqueID = "\WJRLABZT\RVRGOGFI" ("\WJRLABZT\RVRGOGFI")
Change component parameters (AddParameter): Name = "Capacitance"; Value = ""; VariantName = "[No Variations]"
Change component parameters (AddParameter): Name = "Capacitor Type"; Value = ""; VariantName = "[No Variations]"
Change component parameters (AddParameter): Name = "Case/Package"; Value = "0603 (1608 Metric)"; VariantName = "[No Variations]"
Change component parameters (AddParameter): Name = "ComponentLink1Description"; Value = "Datasheet"; VariantName = "[No Variations]"
Change component parameters (AddParameter): Name = "ComponentLink1URL"; Value = "https://product.tdk.com/info/en/catalog/spec/mlccspec_automotive_general_en.pdf"; VariantName = "[No Variations]"
Change component parameters (AddParameter): Name = "Design Item ID"; Value = "CGA3E2X7R1E104K080AA"; VariantName = "[No Variations]"
Change component parameters (AddParameter): Name = "Manufacturer"; Value = "TDK Corporation"; VariantName = "[No Variations]"
Change component parameters (AddParameter): Name = "Manufacturer Part Number"; Value = "CGA3E2X7R1E104K080AA"; VariantName = "[No Variations]"
Change component parameters (AddParameter): Name = "Max Operating Temperature"; Value = ""; VariantName = "[No Variations]"
Change component parameters (AddParameter): Name = "Min Operating Temperature"; Value = ""; VariantName = "[No Variations]"
Change component parameters (AddParameter): Name = "Mounting Technology"; Value = ""; VariantName = "[No Variations]"
Change component parameters (AddParameter): Name = "Mounting Type"; Value = "Surface Mount, MLCC"; VariantName = "[No Variations]"
Change component parameters (AddParameter): Name = "Operating Temperature"; Value = "-55°C ~ 125°C"; VariantName = "[No Variations]"
Change component parameters (AddParameter): Name = "Pins"; Value = ""; VariantName = "[No Variations]"
Change component parameters (AddParameter): Name = "Ripple Current"; Value = ""; VariantName = "[No Variations]"
Change component parameters (AddParameter): Name = "Ripple Current (AC)"; Value = ""; VariantName = "[No Variations]"
Change component parameters (AddParameter): Name = "RoHS Compliant"; Value = ""; VariantName = "[No Variations]"
Change component parameters (AddParameter): Name = "Size / Dimension"; Value = "0.063" L x 0.031" W (1.60mm x 0.80mm)"; VariantName = "[No Variations]"
Change component parameters (AddParameter): Name = "Source"; Value = "PlumBay_SchLib.SchLib"; VariantName = "[No Variations]"
Change component parameters (AddParameter): Name = "Temperature Coefficient"; Value = "X7R"; VariantName = "[No Variations]"
Change component parameters (AddParameter): Name = "Thickness (Max)"; Value = "0.035" (0.90mm)"; VariantName = "[No Variations]"
Change component parameters (AddParameter): Name = "Tolerance"; Value = "10%"; VariantName = "[No Variations]"
Change component parameters (AddParameter): Name = "Value"; Value = "100nF"; VariantName = "[No Variations]"
Change component parameters (AddParameter): Name = "Voltage - Rated"; Value = "25V"; VariantName = "[No Variations]"
Change component parameters (AddParameter): Name = "Voltage Rating"; Value = ""; VariantName = "[No Variations]"
Change component parameters: Designator = "C47" ("C47"); Footprint = "0.1uF-FP-CGA3E-0_3-0_1-IPC_A"; UniqueID = "\HRXPJYDK\ZSAQFEUL" ("\HRXPJYDK\ZSAQFEUL")
Change component parameters (AddParameter): Name = "Capacitance"; Value = ""; VariantName = "[No Variations]"
Change component parameters (AddParameter): Name = "Capacitor Type"; Value = ""; VariantName = "[No Variations]"
Change component parameters (AddParameter): Name = "Case/Package"; Value = "0603 (1608 Metric)"; VariantName = "[No Variations]"
Change component parameters (AddParameter): Name = "ComponentLink1Description"; Value = "Datasheet"; VariantName = "[No Variations]"
Change component parameters (AddParameter): Name = "ComponentLink1URL"; Value = "https://product.tdk.com/info/en/catalog/spec/mlccspec_automotive_general_en.pdf"; VariantName = "[No Variations]"
Change component parameters (AddParameter): Name = "Design Item ID"; Value = "CGA3E2X7R1E104K080AA"; VariantName = "[No Variations]"
Change component parameters (AddParameter): Name = "Manufacturer"; Value = "TDK Corporation"; VariantName = "[No Variations]"
Change component parameters (AddParameter): Name = "Manufacturer Part Number"; Value = "CGA3E2X7R1E104K080AA"; VariantName = "[No Variations]"
Change component parameters (AddParameter): Name = "Max Operating Temperature"; Value = ""; VariantName = "[No Variations]"
Change component parameters (AddParameter): Name = "Min Operating Temperature"; Value = ""; VariantName = "[No Variations]"
Change component parameters (AddParameter): Name = "Mounting Technology"; Value = ""; VariantName = "[No Variations]"
Change component parameters (AddParameter): Name = "Mounting Type"; Value = "Surface Mount, MLCC"; VariantName = "[No Variations]"
Change component parameters (AddParameter): Name = "Operating Temperature"; Value = "-55°C ~ 125°C"; VariantName = "[No Variations]"
Change component parameters (AddParameter): Name = "Pins"; Value = ""; VariantName = "[No Variations]"
Change component parameters (AddParameter): Name = "Ripple Current"; Value = ""; VariantName = "[No Variations]"
Change component parameters (AddParameter): Name = "Ripple Current (AC)"; Value = ""; VariantName = "[No Variations]"
Change component parameters (AddParameter): Name = "RoHS Compliant"; Value = ""; VariantName = "[No Variations]"
Change component parameters (AddParameter): Name = "Size / Dimension"; Value = "0.063" L x 0.031" W (1.60mm x 0.80mm)"; VariantName = "[No Variations]"
Change component parameters (AddParameter): Name = "Source"; Value = "PlumBay_SchLib.SchLib"; VariantName = "[No Variations]"
Change component parameters (AddParameter): Name = "Temperature Coefficient"; Value = "X7R"; VariantName = "[No Variations]"
Change component parameters (AddParameter): Name = "Thickness (Max)"; Value = "0.035" (0.90mm)"; VariantName = "[No Variations]"
Change component parameters (AddParameter): Name = "Tolerance"; Value = "10%"; VariantName = "[No Variations]"
Change component parameters (AddParameter): Name = "Value"; Value = "100nF"; VariantName = "[No Variations]"
Change component parameters (AddParameter): Name = "Voltage - Rated"; Value = "25V"; VariantName = "[No Variations]"
Change component parameters (AddParameter): Name = "Voltage Rating"; Value = ""; VariantName = "[No Variations]"
Change component parameters: Designator = "C48" ("C48"); Footprint = "0.1uF-FP-CGA3E-0_3-0_1-IPC_A"; UniqueID = "\HRXPJYDK\TIICCXFN" ("\HRXPJYDK\TIICCXFN")
Change component parameters (AddParameter): Name = "Capacitance"; Value = ""; VariantName = "[No Variations]"
Change component parameters (AddParameter): Name = "Capacitor Type"; Value = ""; VariantName = "[No Variations]"
Change component parameters (AddParameter): Name = "Case/Package"; Value = "0603 (1608 Metric)"; VariantName = "[No Variations]"
Change component parameters (AddParameter): Name = "ComponentLink1Description"; Value = "Datasheet"; VariantName = "[No Variations]"
Change component parameters (AddParameter): Name = "ComponentLink1URL"; Value = "https://product.tdk.com/info/en/catalog/spec/mlccspec_automotive_general_en.pdf"; VariantName = "[No Variations]"
Change component parameters (AddParameter): Name = "Design Item ID"; Value = "CGA3E2X7R1E104K080AA"; VariantName = "[No Variations]"
Change component parameters (AddParameter): Name = "Manufacturer"; Value = "TDK Corporation"; VariantName = "[No Variations]"
Change component parameters (AddParameter): Name = "Manufacturer Part Number"; Value = "CGA3E2X7R1E104K080AA"; VariantName = "[No Variations]"
Change component parameters (AddParameter): Name = "Max Operating Temperature"; Value = ""; VariantName = "[No Variations]"
Change component parameters (AddParameter): Name = "Min Operating Temperature"; Value = ""; VariantName = "[No Variations]"
Change component parameters (AddParameter): Name = "Mounting Technology"; Value = ""; VariantName = "[No Variations]"
Change component parameters (AddParameter): Name = "Mounting Type"; Value = "Surface Mount, MLCC"; VariantName = "[No Variations]"
Change component parameters (AddParameter): Name = "Operating Temperature"; Value = "-55°C ~ 125°C"; VariantName = "[No Variations]"
Change component parameters (AddParameter): Name = "Pins"; Value = ""; VariantName = "[No Variations]"
Change component parameters (AddParameter): Name = "Ripple Current"; Value = ""; VariantName = "[No Variations]"
Change component parameters (AddParameter): Name = "Ripple Current (AC)"; Value = ""; VariantName = "[No Variations]"
Change component parameters (AddParameter): Name = "RoHS Compliant"; Value = ""; VariantName = "[No Variations]"
Change component parameters (AddParameter): Name = "Size / Dimension"; Value = "0.063" L x 0.031" W (1.60mm x 0.80mm)"; VariantName = "[No Variations]"
Change component parameters (AddParameter): Name = "Source"; Value = "PlumBay_SchLib.SchLib"; VariantName = "[No Variations]"
Change component parameters (AddParameter): Name = "Temperature Coefficient"; Value = "X7R"; VariantName = "[No Variations]"
Change component parameters (AddParameter): Name = "Thickness (Max)"; Value = "0.035" (0.90mm)"; VariantName = "[No Variations]"
Change component parameters (AddParameter): Name = "Tolerance"; Value = "10%"; VariantName = "[No Variations]"
Change component parameters (AddParameter): Name = "Value"; Value = "100nF"; VariantName = "[No Variations]"
Change component parameters (AddParameter): Name = "Voltage - Rated"; Value = "25V"; VariantName = "[No Variations]"
Change component parameters (AddParameter): Name = "Voltage Rating"; Value = ""; VariantName = "[No Variations]"
Change component parameters: Designator = "C50" ("C50"); Footprint = "0.1uF-FP-CGA3E-0_3-0_1-IPC_A"; UniqueID = "\HRXPJYDK\SJKSQYJW" ("\HRXPJYDK\SJKSQYJW")
Change component parameters (AddParameter): Name = "Capacitance"; Value = ""; VariantName = "[No Variations]"
Change component parameters (AddParameter): Name = "Capacitor Type"; Value = ""; VariantName = "[No Variations]"
Change component parameters (AddParameter): Name = "Case/Package"; Value = "0603 (1608 Metric)"; VariantName = "[No Variations]"
Change component parameters (AddParameter): Name = "ComponentLink1Description"; Value = "Datasheet"; VariantName = "[No Variations]"
Change component parameters (AddParameter): Name = "ComponentLink1URL"; Value = "https://product.tdk.com/info/en/catalog/spec/mlccspec_automotive_general_en.pdf"; VariantName = "[No Variations]"
Change component parameters (AddParameter): Name = "Design Item ID"; Value = "CGA3E2X7R1E104K080AA"; VariantName = "[No Variations]"
Change component parameters (AddParameter): Name = "Manufacturer"; Value = "TDK Corporation"; VariantName = "[No Variations]"
Change component parameters (AddParameter): Name = "Manufacturer Part Number"; Value = "CGA3E2X7R1E104K080AA"; VariantName = "[No Variations]"
Change component parameters (AddParameter): Name = "Max Operating Temperature"; Value = ""; VariantName = "[No Variations]"
Change component parameters (AddParameter): Name = "Min Operating Temperature"; Value = ""; VariantName = "[No Variations]"
Change component parameters (AddParameter): Name = "Mounting Technology"; Value = ""; VariantName = "[No Variations]"
Change component parameters (AddParameter): Name = "Mounting Type"; Value = "Surface Mount, MLCC"; VariantName = "[No Variations]"
Change component parameters (AddParameter): Name = "Operating Temperature"; Value = "-55°C ~ 125°C"; VariantName = "[No Variations]"
Change component parameters (AddParameter): Name = "Pins"; Value = ""; VariantName = "[No Variations]"
Change component parameters (AddParameter): Name = "Ripple Current"; Value = ""; VariantName = "[No Variations]"
Change component parameters (AddParameter): Name = "Ripple Current (AC)"; Value = ""; VariantName = "[No Variations]"
Change component parameters (AddParameter): Name = "RoHS Compliant"; Value = ""; VariantName = "[No Variations]"
Change component parameters (AddParameter): Name = "Size / Dimension"; Value = "0.063" L x 0.031" W (1.60mm x 0.80mm)"; VariantName = "[No Variations]"
Change component parameters (AddParameter): Name = "Source"; Value = "PlumBay_SchLib.SchLib"; VariantName = "[No Variations]"
Change component parameters (AddParameter): Name = "Temperature Coefficient"; Value = "X7R"; VariantName = "[No Variations]"
Change component parameters (AddParameter): Name = "Thickness (Max)"; Value = "0.035" (0.90mm)"; VariantName = "[No Variations]"
Change component parameters (AddParameter): Name = "Tolerance"; Value = "10%"; VariantName = "[No Variations]"
Change component parameters (AddParameter): Name = "Value"; Value = "100nF"; VariantName = "[No Variations]"
Change component parameters (AddParameter): Name = "Voltage - Rated"; Value = "25V"; VariantName = "[No Variations]"
Change component parameters (AddParameter): Name = "Voltage Rating"; Value = ""; VariantName = "[No Variations]"
Change component parameters: Designator = "C52" ("C52"); Footprint = "0.1uF-FP-CGA3E-0_3-0_1-IPC_A"; UniqueID = "\PCSQLFKX\USFGBKRR" ("\PCSQLFKX\USFGBKRR")
Change component parameters (AddParameter): Name = "Capacitance"; Value = ""; VariantName = "[No Variations]"
Change component parameters (AddParameter): Name = "Capacitor Type"; Value = ""; VariantName = "[No Variations]"
Change component parameters (AddParameter): Name = "Case/Package"; Value = "0603 (1608 Metric)"; VariantName = "[No Variations]"
Change component parameters (AddParameter): Name = "ComponentLink1Description"; Value = "Datasheet"; VariantName = "[No Variations]"
Change component parameters (AddParameter): Name = "ComponentLink1URL"; Value = "https://product.tdk.com/info/en/catalog/spec/mlccspec_automotive_general_en.pdf"; VariantName = "[No Variations]"
Change component parameters (AddParameter): Name = "Design Item ID"; Value = "CGA3E2X7R1E104K080AA"; VariantName = "[No Variations]"
Change component parameters (AddParameter): Name = "Manufacturer"; Value = "TDK Corporation"; VariantName = "[No Variations]"
Change component parameters (AddParameter): Name = "Manufacturer Part Number"; Value = "CGA3E2X7R1E104K080AA"; VariantName = "[No Variations]"
Change component parameters (AddParameter): Name = "Max Operating Temperature"; Value = ""; VariantName = "[No Variations]"
Change component parameters (AddParameter): Name = "Min Operating Temperature"; Value = ""; VariantName = "[No Variations]"
Change component parameters (AddParameter): Name = "Mounting Technology"; Value = ""; VariantName = "[No Variations]"
Change component parameters (AddParameter): Name = "Mounting Type"; Value = "Surface Mount, MLCC"; VariantName = "[No Variations]"
Change component parameters (AddParameter): Name = "Operating Temperature"; Value = "-55°C ~ 125°C"; VariantName = "[No Variations]"
Change component parameters (AddParameter): Name = "Pins"; Value = ""; VariantName = "[No Variations]"
Change component parameters (AddParameter): Name = "Ripple Current"; Value = ""; VariantName = "[No Variations]"
Change component parameters (AddParameter): Name = "Ripple Current (AC)"; Value = ""; VariantName = "[No Variations]"
Change component parameters (AddParameter): Name = "RoHS Compliant"; Value = ""; VariantName = "[No Variations]"
Change component parameters (AddParameter): Name = "Size / Dimension"; Value = "0.063" L x 0.031" W (1.60mm x 0.80mm)"; VariantName = "[No Variations]"
Change component parameters (AddParameter): Name = "Source"; Value = "PlumBay_SchLib.SchLib"; VariantName = "[No Variations]"
Change component parameters (AddParameter): Name = "Temperature Coefficient"; Value = "X7R"; VariantName = "[No Variations]"
Change component parameters (AddParameter): Name = "Thickness (Max)"; Value = "0.035" (0.90mm)"; VariantName = "[No Variations]"
Change component parameters (AddParameter): Name = "Tolerance"; Value = "10%"; VariantName = "[No Variations]"
Change component parameters (AddParameter): Name = "Value"; Value = "100nF"; VariantName = "[No Variations]"
Change component parameters (AddParameter): Name = "Voltage - Rated"; Value = "25V"; VariantName = "[No Variations]"
Change component parameters (AddParameter): Name = "Voltage Rating"; Value = ""; VariantName = "[No Variations]"
Change component parameters: Designator = "C53" ("C53"); Footprint = "0.1uF-FP-CGA3E-0_3-0_1-IPC_A"; UniqueID = "\PCSQLFKX\IYFGZDJV" ("\PCSQLFKX\IYFGZDJV")
Change component parameters (AddParameter): Name = "Capacitance"; Value = ""; VariantName = "[No Variations]"
Change component parameters (AddParameter): Name = "Capacitor Type"; Value = ""; VariantName = "[No Variations]"
Change component parameters (AddParameter): Name = "Case/Package"; Value = "0603 (1608 Metric)"; VariantName = "[No Variations]"
Change component parameters (AddParameter): Name = "ComponentLink1Description"; Value = "Datasheet"; VariantName = "[No Variations]"
Change component parameters (AddParameter): Name = "ComponentLink1URL"; Value = "https://product.tdk.com/info/en/catalog/spec/mlccspec_automotive_general_en.pdf"; VariantName = "[No Variations]"
Change component parameters (AddParameter): Name = "Design Item ID"; Value = "CGA3E2X7R1E104K080AA"; VariantName = "[No Variations]"
Change component parameters (AddParameter): Name = "Manufacturer"; Value = "TDK Corporation"; VariantName = "[No Variations]"
Change component parameters (AddParameter): Name = "Manufacturer Part Number"; Value = "CGA3E2X7R1E104K080AA"; VariantName = "[No Variations]"
Change component parameters (AddParameter): Name = "Max Operating Temperature"; Value = ""; VariantName = "[No Variations]"
Change component parameters (AddParameter): Name = "Min Operating Temperature"; Value = ""; VariantName = "[No Variations]"
Change component parameters (AddParameter): Name = "Mounting Technology"; Value = ""; VariantName = "[No Variations]"
Change component parameters (AddParameter): Name = "Mounting Type"; Value = "Surface Mount, MLCC"; VariantName = "[No Variations]"
Change component parameters (AddParameter): Name = "Operating Temperature"; Value = "-55°C ~ 125°C"; VariantName = "[No Variations]"
Change component parameters (AddParameter): Name = "Pins"; Value = ""; VariantName = "[No Variations]"
Change component parameters (AddParameter): Name = "Ripple Current"; Value = ""; VariantName = "[No Variations]"
Change component parameters (AddParameter): Name = "Ripple Current (AC)"; Value = ""; VariantName = "[No Variations]"
Change component parameters (AddParameter): Name = "RoHS Compliant"; Value = ""; VariantName = "[No Variations]"
Change component parameters (AddParameter): Name = "Size / Dimension"; Value = "0.063" L x 0.031" W (1.60mm x 0.80mm)"; VariantName = "[No Variations]"
Change component parameters (AddParameter): Name = "Source"; Value = "PlumBay_SchLib.SchLib"; VariantName = "[No Variations]"
Change component parameters (AddParameter): Name = "Temperature Coefficient"; Value = "X7R"; VariantName = "[No Variations]"
Change component parameters (AddParameter): Name = "Thickness (Max)"; Value = "0.035" (0.90mm)"; VariantName = "[No Variations]"
Change component parameters (AddParameter): Name = "Tolerance"; Value = "10%"; VariantName = "[No Variations]"
Change component parameters (AddParameter): Name = "Value"; Value = "100nF"; VariantName = "[No Variations]"
Change component parameters (AddParameter): Name = "Voltage - Rated"; Value = "25V"; VariantName = "[No Variations]"
Change component parameters (AddParameter): Name = "Voltage Rating"; Value = ""; VariantName = "[No Variations]"
Change component parameters: Designator = "C55" ("C55"); Footprint = "0.1uF-FP-CGA3E-0_3-0_1-IPC_A"; UniqueID = "\PCSQLFKX\DNKFXDBT" ("\PCSQLFKX\DNKFXDBT")
Change component parameters (AddParameter): Name = "Capacitance"; Value = ""; VariantName = "[No Variations]"
Change component parameters (AddParameter): Name = "Capacitor Type"; Value = ""; VariantName = "[No Variations]"
Change component parameters (AddParameter): Name = "Case/Package"; Value = "0603 (1608 Metric)"; VariantName = "[No Variations]"
Change component parameters (AddParameter): Name = "ComponentLink1Description"; Value = "Datasheet"; VariantName = "[No Variations]"
Change component parameters (AddParameter): Name = "ComponentLink1URL"; Value = "https://product.tdk.com/info/en/catalog/spec/mlccspec_automotive_general_en.pdf"; VariantName = "[No Variations]"
Change component parameters (AddParameter): Name = "Design Item ID"; Value = "CGA3E2X7R1E104K080AA"; VariantName = "[No Variations]"
Change component parameters (AddParameter): Name = "Manufacturer"; Value = "TDK Corporation"; VariantName = "[No Variations]"
Change component parameters (AddParameter): Name = "Manufacturer Part Number"; Value = "CGA3E2X7R1E104K080AA"; VariantName = "[No Variations]"
Change component parameters (AddParameter): Name = "Max Operating Temperature"; Value = ""; VariantName = "[No Variations]"
Change component parameters (AddParameter): Name = "Min Operating Temperature"; Value = ""; VariantName = "[No Variations]"
Change component parameters (AddParameter): Name = "Mounting Technology"; Value = ""; VariantName = "[No Variations]"
Change component parameters (AddParameter): Name = "Mounting Type"; Value = "Surface Mount, MLCC"; VariantName = "[No Variations]"
Change component parameters (AddParameter): Name = "Operating Temperature"; Value = "-55°C ~ 125°C"; VariantName = "[No Variations]"
Change component parameters (AddParameter): Name = "Pins"; Value = ""; VariantName = "[No Variations]"
Change component parameters (AddParameter): Name = "Ripple Current"; Value = ""; VariantName = "[No Variations]"
Change component parameters (AddParameter): Name = "Ripple Current (AC)"; Value = ""; VariantName = "[No Variations]"
Change component parameters (AddParameter): Name = "RoHS Compliant"; Value = ""; VariantName = "[No Variations]"
Change component parameters (AddParameter): Name = "Size / Dimension"; Value = "0.063" L x 0.031" W (1.60mm x 0.80mm)"; VariantName = "[No Variations]"
Change component parameters (AddParameter): Name = "Source"; Value = "PlumBay_SchLib.SchLib"; VariantName = "[No Variations]"
Change component parameters (AddParameter): Name = "Temperature Coefficient"; Value = "X7R"; VariantName = "[No Variations]"
Change component parameters (AddParameter): Name = "Thickness (Max)"; Value = "0.035" (0.90mm)"; VariantName = "[No Variations]"
Change component parameters (AddParameter): Name = "Tolerance"; Value = "10%"; VariantName = "[No Variations]"
Change component parameters (AddParameter): Name = "Value"; Value = "100nF"; VariantName = "[No Variations]"
Change component parameters (AddParameter): Name = "Voltage - Rated"; Value = "25V"; VariantName = "[No Variations]"
Change component parameters (AddParameter): Name = "Voltage Rating"; Value = ""; VariantName = "[No Variations]"
Added Member To Class: ClassName=U_MicroController Member=Component R49 CRGCQ0603F2K2
