Removed Pin From Net: NetName=GND Pin=C7-1
Removed Pin From Net: NetName=+10V Pin=C7-2
Removed Member From Class: ClassName=U_MicroController Member=C35
Removed Member From Class: ClassName=U_TC_IC3 Member=C35
Removed Member From Class: ClassName=U_LoadCellAmp2 Member=C52
Removed Member From Class: ClassName=U_MicroController Member=R7
Removed Member From Class: ClassName=U_Anemometor_ResDiv2 Member=R37
Change Component Footprint: Designator=C7 Old Footprint=FP-OS-CON-SMT-C6-MFG New Footprint=CAP_0603_LD
Change Component Comment : Designator=C7 Old Comment=CAP ELC 47uF 25V 20% 2626 New Comment=CAP CER  1uF 50V X5R 0603
Change Component Designator: OldDesignator=C5 NewDesignator=C1
Change Component Designator: OldDesignator=C17 NewDesignator=C18
Change Component Designator: OldDesignator=C18 NewDesignator=C19
Change Component Designator: OldDesignator=C19 NewDesignator=C20
Change Component Designator: OldDesignator=C20 NewDesignator=C21
Change Component Designator: OldDesignator=C21 NewDesignator=C22
Change Component Designator: OldDesignator=C22 NewDesignator=C23
Change Component Designator: OldDesignator=C23 NewDesignator=C24
Change Component Designator: OldDesignator=C24 NewDesignator=C25
Change Component Designator: OldDesignator=C25 NewDesignator=C26
Change Component Designator: OldDesignator=C26 NewDesignator=C27
Change Component Designator: OldDesignator=C27 NewDesignator=C28
Change Component Designator: OldDesignator=C28 NewDesignator=C29
Change Component Designator: OldDesignator=C29 NewDesignator=C30
Change Component Designator: OldDesignator=C30 NewDesignator=C31
Change Component Designator: OldDesignator=C31 NewDesignator=C17
Change Component Designator: OldDesignator=C32 NewDesignator=C33
Change Component Designator: OldDesignator=C33 NewDesignator=C32
Change Component Designator: OldDesignator=C34 NewDesignator=C35
Change Component Designator: OldDesignator=C35 NewDesignator=C36
Change Component Designator: OldDesignator=C36 NewDesignator=C37
Change Component Designator: OldDesignator=C37 NewDesignator=C38
Change Component Designator: OldDesignator=C38 NewDesignator=C39
Change Component Designator: OldDesignator=C39 NewDesignator=C40
Change Component Designator: OldDesignator=C40 NewDesignator=C41
Change Component Designator: OldDesignator=C41 NewDesignator=C42
Change Component Designator: OldDesignator=C42 NewDesignator=C43
Change Component Designator: OldDesignator=C43 NewDesignator=C44
Change Component Designator: OldDesignator=C44 NewDesignator=C45
Change Component Designator: OldDesignator=C45 NewDesignator=C46
Change Component Designator: OldDesignator=C46 NewDesignator=C47
Change Component Designator: OldDesignator=C47 NewDesignator=C48
Change Component Designator: OldDesignator=C48 NewDesignator=C49
Change Component Designator: OldDesignator=C49 NewDesignator=C50
Change Component Designator: OldDesignator=C50 NewDesignator=C51
Change Component Designator: OldDesignator=C51 NewDesignator=C52
Change Component Designator: OldDesignator=C52 NewDesignator=C53
Change Component Designator: OldDesignator=C53 NewDesignator=C54
Change Component Designator: OldDesignator=C54 NewDesignator=C55
Change Component Designator: OldDesignator=C55 NewDesignator=C56
Change Component Designator: OldDesignator=C56 NewDesignator=C57
Change Component Designator: OldDesignator=C57 NewDesignator=C58
Change Component Designator: OldDesignator=C58 NewDesignator=C59
Change Component Designator: OldDesignator=C59 NewDesignator=C60
Change Component Designator: OldDesignator=C60 NewDesignator=C61
Change Component Designator: OldDesignator=C61 NewDesignator=C34
Change Component Designator: OldDesignator=D5 NewDesignator=D6
Change Component Designator: OldDesignator=D6 NewDesignator=D5
Change Component Designator: OldDesignator=R7 NewDesignator=R4
Change Component Designator: OldDesignator=R8 NewDesignator=R5
Change Component Designator: OldDesignator=R9 NewDesignator=R6
Change Component Designator: OldDesignator=R10 NewDesignator=R7
Change Component Designator: OldDesignator=R11 NewDesignator=R8
Change Component Designator: OldDesignator=R12 NewDesignator=R9
Change Component Designator: OldDesignator=R13 NewDesignator=R10
Change Component Designator: OldDesignator=R14 NewDesignator=R11
Change Component Designator: OldDesignator=R15 NewDesignator=R13
Change Component Designator: OldDesignator=R16 NewDesignator=R15
Change Component Designator: OldDesignator=R30 NewDesignator=R12
Change Component Designator: OldDesignator=R31 NewDesignator=R14
Change Component Designator: OldDesignator=R32 NewDesignator=R31
Change Component Designator: OldDesignator=R33 NewDesignator=R32
Change Component Designator: OldDesignator=R34 NewDesignator=R33
Change Component Designator: OldDesignator=R35 NewDesignator=R34
Change Component Designator: OldDesignator=R36 NewDesignator=R35
Change Component Designator: OldDesignator=R37 NewDesignator=R36
Change Component Designator: OldDesignator=R38 NewDesignator=R37
Change Component Designator: OldDesignator=R39 NewDesignator=R30
Change Component Designator: OldDesignator=R40 NewDesignator=R16
Change Component Designator: OldDesignator=R42 NewDesignator=R38
Change Component Designator: OldDesignator=R43 NewDesignator=R39
Change Component Designator: OldDesignator=R44 NewDesignator=R40
Change Component Designator: OldDesignator=R45 NewDesignator=R41
Change Component Designator: OldDesignator=R46 NewDesignator=R42
Change Component Designator: OldDesignator=R49 NewDesignator=R43
Change Component Designator: OldDesignator=R50 NewDesignator=R44
Change Component Designator: OldDesignator=R53 NewDesignator=R45
Change Component Designator: OldDesignator=R54 NewDesignator=R46
Added Component: Designator=C2(CAPC0402(1005)60_L)
Add component (AddParameter): Name = "Capacitor Type"; Value = ""; VariantName = "[No Variations]"
Add component (AddParameter): Name = "Case/Package"; Value = "0402"; VariantName = "[No Variations]"
Add component (AddParameter): Name = "Max Operating Temperature"; Value = "85°C"; VariantName = "[No Variations]"
Add component (AddParameter): Name = "Min Operating Temperature"; Value = "-55°C"; VariantName = "[No Variations]"
Add component (AddParameter): Name = "Mounting Technology"; Value = "SMT"; VariantName = "[No Variations]"
Add component (AddParameter): Name = "Pins"; Value = "2"; VariantName = "[No Variations]"
Add component (AddParameter): Name = "Ripple Current"; Value = ""; VariantName = "[No Variations]"
Add component (AddParameter): Name = "Ripple Current (AC)"; Value = ""; VariantName = "[No Variations]"
Add component (AddParameter): Name = "RoHS Compliant"; Value = ""; VariantName = "[No Variations]"
Add component (AddParameter): Name = "Tolerance"; Value = "10%"; VariantName = "[No Variations]"
Add component (AddParameter): Name = "Value"; Value = "100nF"; VariantName = "[No Variations]"
Add component (AddParameter): Name = "Voltage Rating"; Value = "50V"; VariantName = "[No Variations]"
Added Component: Designator=C3(CAPPR55-200-1100X500X1200)
Add component (AddParameter): Name = "Capacitor Type"; Value = "Electrolytic"; VariantName = "[No Variations]"
Add component (AddParameter): Name = "Case/Package"; Value = "Radial"; VariantName = "[No Variations]"
Add component (AddParameter): Name = "Datasheet URL"; Value = "https://industrial.panasonic.com/cdbs/www-data/pdf/RDF0000/ABA0000C1218.pdf"; VariantName = "[No Variations]"
Add component (AddParameter): Name = "Datasheet Version"; Value = "Rev. 05, 10/2016"; VariantName = "[No Variations]"
Add component (AddParameter): Name = "Diameter"; Value = "5mm"; VariantName = "[No Variations]"
Add component (AddParameter): Name = "Lead Pitch"; Value = "2mm"; VariantName = "[No Variations]"
Add component (AddParameter): Name = "Manufacturer"; Value = "Panasonic"; VariantName = "[No Variations]"
Add component (AddParameter): Name = "Manufacturer URL"; Value = "http://www.panasonic.com/"; VariantName = "[No Variations]"
Add component (AddParameter): Name = "Max Operating Temperature"; Value = "85°C"; VariantName = "[No Variations]"
Add component (AddParameter): Name = "Min Operating Temperature"; Value = "-40°C"; VariantName = "[No Variations]"
Add component (AddParameter): Name = "Mounting Technology"; Value = "TH"; VariantName = "[No Variations]"
Add component (AddParameter): Name = "Package Description"; Value = "2-Pin Radial Lead, Dia 5 mm, Height 12 mm"; VariantName = "[No Variations]"
Add component (AddParameter): Name = "Package Quantity"; Value = "200"; VariantName = "[No Variations]"
Add component (AddParameter): Name = "Package Reference"; Value = "CAPPR55-200-1100X500X1200"; VariantName = "[No Variations]"
Add component (AddParameter): Name = "Packaging"; Value = "Bulk"; VariantName = "[No Variations]"
Add component (AddParameter): Name = "Pins"; Value = "2"; VariantName = "[No Variations]"
Add component (AddParameter): Name = "Ripple Current"; Value = "20mA"; VariantName = "[No Variations]"
Add component (AddParameter): Name = "Ripple Current (AC)"; Value = "20mA"; VariantName = "[No Variations]"
Add component (AddParameter): Name = "RoHS Compliant"; Value = "True"; VariantName = "[No Variations]"
Add component (AddParameter): Name = "Tolerance"; Value = "20%"; VariantName = "[No Variations]"
Add component (AddParameter): Name = "Value"; Value = "2.2µF"; VariantName = "[No Variations]"
Add component (AddParameter): Name = "Voltage Rating"; Value = "50V"; VariantName = "[No Variations]"
Added Component: Designator=C4(CL32B475KCVZW6E-Footprint-1)
Add component (AddParameter): Name = "Capacitor Type"; Value = "Ceramic"; VariantName = "[No Variations]"
Add component (AddParameter): Name = "Case/Package"; Value = "1210"; VariantName = "[No Variations]"
Add component (AddParameter): Name = "Max Operating Temperature"; Value = "125°C"; VariantName = "[No Variations]"
Add component (AddParameter): Name = "Min Operating Temperature"; Value = "-55°C"; VariantName = "[No Variations]"
Add component (AddParameter): Name = "Mounting Technology"; Value = "Surface Mount"; VariantName = "[No Variations]"
Add component (AddParameter): Name = "Pins"; Value = "2"; VariantName = "[No Variations]"
Add component (AddParameter): Name = "Ripple Current"; Value = ""; VariantName = "[No Variations]"
Add component (AddParameter): Name = "Ripple Current (AC)"; Value = ""; VariantName = "[No Variations]"
Add component (AddParameter): Name = "RoHS Compliant"; Value = "Yes"; VariantName = "[No Variations]"
Add component (AddParameter): Name = "Tolerance"; Value = "10%"; VariantName = "[No Variations]"
Add component (AddParameter): Name = "Value"; Value = "100nF"; VariantName = "[No Variations]"
Add component (AddParameter): Name = "Voltage Rating"; Value = "100V"; VariantName = "[No Variations]"
Added Component: Designator=C5(CAP_0603_LD)
Add component (AddParameter): Name = "Capacitor Type"; Value = "Ceramic"; VariantName = "[No Variations]"
Add component (AddParameter): Name = "Case Code (Imperial)"; Value = "0603"; VariantName = "[No Variations]"
Add component (AddParameter): Name = "Case Code (Metric)"; Value = "1608"; VariantName = "[No Variations]"
Add component (AddParameter): Name = "Case/Package"; Value = "0603"; VariantName = "[No Variations]"
Add component (AddParameter): Name = "Construction"; Value = "Flat"; VariantName = "[No Variations]"
Add component (AddParameter): Name = "Depth"; Value = "0.8mm"; VariantName = "[No Variations]"
Add component (AddParameter): Name = "Dielectric"; Value = "X7R"; VariantName = "[No Variations]"
Add component (AddParameter): Name = "Dielectric Material"; Value = "Ceramic"; VariantName = "[No Variations]"
Add component (AddParameter): Name = "Height"; Value = "0.9mm"; VariantName = "[No Variations]"
Add component (AddParameter): Name = "JESD-609 Code"; Value = "e3"; VariantName = "[No Variations]"
Add component (AddParameter): Name = "Lead Free"; Value = "Lead Free"; VariantName = "[No Variations]"
Add component (AddParameter): Name = "Length"; Value = "1.6mm"; VariantName = "[No Variations]"
Add component (AddParameter): Name = "Material"; Value = "Ceramic"; VariantName = "[No Variations]"
Add component (AddParameter): Name = "Max Operating Temperature"; Value = "85°C"; VariantName = "[No Variations]"
Add component (AddParameter): Name = "Min Operating Temperature"; Value = "-55°C"; VariantName = "[No Variations]"
Add component (AddParameter): Name = "Mounting Technology"; Value = "Surface Mount"; VariantName = "[No Variations]"
Add component (AddParameter): Name = "Multilayer"; Value = "Yes"; VariantName = "[No Variations]"
Add component (AddParameter): Name = "Package Shape"; Value = "Rectangular"; VariantName = "[No Variations]"
Add component (AddParameter): Name = "Package Style"; Value = "SMTMeter"; VariantName = "[No Variations]"
Add component (AddParameter): Name = "Packaging"; Value = "Tape and Reel"; VariantName = "[No Variations]"
Add component (AddParameter): Name = "Pins"; Value = "2"; VariantName = "[No Variations]"
Add component (AddParameter): Name = "Radiation Hardening"; Value = "No"; VariantName = "[No Variations]"
Add component (AddParameter): Name = "Rated DC Voltage (URdc)"; Value = "50V"; VariantName = "[No Variations]"
Add component (AddParameter): Name = "Reach SVHC Compliant"; Value = "Yes"; VariantName = "[No Variations]"
Add component (AddParameter): Name = "Ripple Current"; Value = ""; VariantName = "[No Variations]"
Add component (AddParameter): Name = "Ripple Current (AC)"; Value = ""; VariantName = "[No Variations]"
Add component (AddParameter): Name = "RoHS Compliant"; Value = "Yes"; VariantName = "[No Variations]"
Add component (AddParameter): Name = "Series"; Value = "CL"; VariantName = "[No Variations]"
Add component (AddParameter): Name = "Temperature Characteristics Code"; Value = "X5R"; VariantName = "[No Variations]"
Add component (AddParameter): Name = "Terminal Finish"; Value = "Nickel"; VariantName = "[No Variations]"
Add component (AddParameter): Name = "Termination"; Value = "Wraparound"; VariantName = "[No Variations]"
Add component (AddParameter): Name = "Thickness"; Value = "0.035inch"; VariantName = "[No Variations]"
Add component (AddParameter): Name = "Tolerance"; Value = "10%"; VariantName = "[No Variations]"
Add component (AddParameter): Name = "Tolerance  (fill in as +-)"; Value = "10%"; VariantName = "[No Variations]"
Add component (AddParameter): Name = "Tolerance (fill in as +-)"; Value = "10%"; VariantName = "[No Variations]"
Add component (AddParameter): Name = "Value"; Value = "1µF"; VariantName = "[No Variations]"
Add component (AddParameter): Name = "Voltage"; Value = "16V"; VariantName = "[No Variations]"
Add component (AddParameter): Name = "Voltage Rating"; Value = "16V"; VariantName = "[No Variations]"
Add component (AddParameter): Name = "Voltage Rating (DC)"; Value = "16V"; VariantName = "[No Variations]"
Add component (AddParameter): Name = "Width"; Value = "0.8mm"; VariantName = "[No Variations]"
Added Component: Designator=C6(CAP_0603_LD)
Add component (AddParameter): Name = "Capacitor Type"; Value = "Ceramic"; VariantName = "[No Variations]"
Add component (AddParameter): Name = "Case Code (Imperial)"; Value = "0603"; VariantName = "[No Variations]"
Add component (AddParameter): Name = "Case Code (Metric)"; Value = "1608"; VariantName = "[No Variations]"
Add component (AddParameter): Name = "Case/Package"; Value = "0603"; VariantName = "[No Variations]"
Add component (AddParameter): Name = "Construction"; Value = "Flat"; VariantName = "[No Variations]"
Add component (AddParameter): Name = "Depth"; Value = "0.8mm"; VariantName = "[No Variations]"
Add component (AddParameter): Name = "Dielectric"; Value = "X7R"; VariantName = "[No Variations]"
Add component (AddParameter): Name = "Dielectric Material"; Value = "Ceramic"; VariantName = "[No Variations]"
Add component (AddParameter): Name = "Height"; Value = "0.9mm"; VariantName = "[No Variations]"
Add component (AddParameter): Name = "JESD-609 Code"; Value = "e3"; VariantName = "[No Variations]"
Add component (AddParameter): Name = "Lead Free"; Value = "Lead Free"; VariantName = "[No Variations]"
Add component (AddParameter): Name = "Length"; Value = "1.6mm"; VariantName = "[No Variations]"
Add component (AddParameter): Name = "Material"; Value = "Ceramic"; VariantName = "[No Variations]"
Add component (AddParameter): Name = "Max Operating Temperature"; Value = "85°C"; VariantName = "[No Variations]"
Add component (AddParameter): Name = "Min Operating Temperature"; Value = "-55°C"; VariantName = "[No Variations]"
Add component (AddParameter): Name = "Mounting Technology"; Value = "Surface Mount"; VariantName = "[No Variations]"
Add component (AddParameter): Name = "Multilayer"; Value = "Yes"; VariantName = "[No Variations]"
Add component (AddParameter): Name = "Package Shape"; Value = "Rectangular"; VariantName = "[No Variations]"
Add component (AddParameter): Name = "Package Style"; Value = "SMTMeter"; VariantName = "[No Variations]"
Add component (AddParameter): Name = "Packaging"; Value = "Tape and Reel"; VariantName = "[No Variations]"
Add component (AddParameter): Name = "Pins"; Value = "2"; VariantName = "[No Variations]"
Add component (AddParameter): Name = "Radiation Hardening"; Value = "No"; VariantName = "[No Variations]"
Add component (AddParameter): Name = "Rated DC Voltage (URdc)"; Value = "50V"; VariantName = "[No Variations]"
Add component (AddParameter): Name = "Reach SVHC Compliant"; Value = "Yes"; VariantName = "[No Variations]"
Add component (AddParameter): Name = "Ripple Current"; Value = ""; VariantName = "[No Variations]"
Add component (AddParameter): Name = "Ripple Current (AC)"; Value = ""; VariantName = "[No Variations]"
Add component (AddParameter): Name = "RoHS Compliant"; Value = "Yes"; VariantName = "[No Variations]"
Add component (AddParameter): Name = "Series"; Value = "CL"; VariantName = "[No Variations]"
Add component (AddParameter): Name = "Temperature Characteristics Code"; Value = "X5R"; VariantName = "[No Variations]"
Add component (AddParameter): Name = "Terminal Finish"; Value = "Nickel"; VariantName = "[No Variations]"
Add component (AddParameter): Name = "Termination"; Value = "Wraparound"; VariantName = "[No Variations]"
Add component (AddParameter): Name = "Thickness"; Value = "0.035inch"; VariantName = "[No Variations]"
Add component (AddParameter): Name = "Tolerance"; Value = "10%"; VariantName = "[No Variations]"
Add component (AddParameter): Name = "Tolerance  (fill in as +-)"; Value = "10%"; VariantName = "[No Variations]"
Add component (AddParameter): Name = "Tolerance (fill in as +-)"; Value = "10%"; VariantName = "[No Variations]"
Add component (AddParameter): Name = "Value"; Value = "1µF"; VariantName = "[No Variations]"
Add component (AddParameter): Name = "Voltage"; Value = "16V"; VariantName = "[No Variations]"
Add component (AddParameter): Name = "Voltage Rating"; Value = "16V"; VariantName = "[No Variations]"
Add component (AddParameter): Name = "Voltage Rating (DC)"; Value = "16V"; VariantName = "[No Variations]"
Add component (AddParameter): Name = "Width"; Value = "0.8mm"; VariantName = "[No Variations]"
Added Component: Designator=C8(CAPC0805(2012)145_L)
Add component (AddParameter): Name = "Capacitor Type"; Value = ""; VariantName = "[No Variations]"
Add component (AddParameter): Name = "Case/Package"; Value = "0805"; VariantName = "[No Variations]"
Add component (AddParameter): Name = "Max Operating Temperature"; Value = "85°C"; VariantName = "[No Variations]"
Add component (AddParameter): Name = "Min Operating Temperature"; Value = "-55°C"; VariantName = "[No Variations]"
Add component (AddParameter): Name = "Mounting Technology"; Value = "SMT"; VariantName = "[No Variations]"
Add component (AddParameter): Name = "Pins"; Value = "2"; VariantName = "[No Variations]"
Add component (AddParameter): Name = "Ripple Current"; Value = ""; VariantName = "[No Variations]"
Add component (AddParameter): Name = "Ripple Current (AC)"; Value = ""; VariantName = "[No Variations]"
Add component (AddParameter): Name = "RoHS Compliant"; Value = ""; VariantName = "[No Variations]"
Add component (AddParameter): Name = "Tolerance"; Value = "10%"; VariantName = "[No Variations]"
Add component (AddParameter): Name = "Value"; Value = "10µF"; VariantName = "[No Variations]"
Add component (AddParameter): Name = "Voltage Rating"; Value = "25V"; VariantName = "[No Variations]"
Added Component: Designator=C9(CAPC0805(2012)145_L)
Add component (AddParameter): Name = "Capacitor Type"; Value = ""; VariantName = "[No Variations]"
Add component (AddParameter): Name = "Case/Package"; Value = "0805"; VariantName = "[No Variations]"
Add component (AddParameter): Name = "Max Operating Temperature"; Value = "85°C"; VariantName = "[No Variations]"
Add component (AddParameter): Name = "Min Operating Temperature"; Value = "-55°C"; VariantName = "[No Variations]"
Add component (AddParameter): Name = "Mounting Technology"; Value = "SMT"; VariantName = "[No Variations]"
Add component (AddParameter): Name = "Pins"; Value = "2"; VariantName = "[No Variations]"
Add component (AddParameter): Name = "Ripple Current"; Value = ""; VariantName = "[No Variations]"
Add component (AddParameter): Name = "Ripple Current (AC)"; Value = ""; VariantName = "[No Variations]"
Add component (AddParameter): Name = "RoHS Compliant"; Value = ""; VariantName = "[No Variations]"
Add component (AddParameter): Name = "Tolerance"; Value = "10%"; VariantName = "[No Variations]"
Add component (AddParameter): Name = "Value"; Value = "10µF"; VariantName = "[No Variations]"
Add component (AddParameter): Name = "Voltage Rating"; Value = "25V"; VariantName = "[No Variations]"
Added Component: Designator=C10(FP-OS-CON-SMT-C6-MFG)
Add component (AddParameter): Name = "Capacitor Type"; Value = "Aluminium"; VariantName = "[No Variations]"
Add component (AddParameter): Name = "Case/Package"; Value = "2626"; VariantName = "[No Variations]"
Add component (AddParameter): Name = "Max Operating Temperature"; Value = "105°C"; VariantName = "[No Variations]"
Add component (AddParameter): Name = "Min Operating Temperature"; Value = "-55°C"; VariantName = "[No Variations]"
Add component (AddParameter): Name = "Mounting Technology"; Value = "Surface Mount"; VariantName = "[No Variations]"
Add component (AddParameter): Name = "Pins"; Value = "2"; VariantName = "[No Variations]"
Add component (AddParameter): Name = "Ripple Current"; Value = "140mA"; VariantName = "[No Variations]"
Add component (AddParameter): Name = "Ripple Current (AC)"; Value = ""; VariantName = "[No Variations]"
Add component (AddParameter): Name = "RoHS Compliant"; Value = "Yes"; VariantName = "[No Variations]"
Add component (AddParameter): Name = "Tolerance"; Value = ""; VariantName = "[No Variations]"
Add component (AddParameter): Name = "Value"; Value = "47µF"; VariantName = "[No Variations]"
Add component (AddParameter): Name = "Voltage Rating"; Value = ""; VariantName = "[No Variations]"
Added Component: Designator=L1(DR74-220-R-Footprint-1)
Add component (AddParameter): Name = "Case/Package"; Value = "3030"; VariantName = "[No Variations]"
Add component (AddParameter): Name = "Current Rating"; Value = "1.75A"; VariantName = "[No Variations]"
Add component (AddParameter): Name = "Max Current Rating"; Value = "1.75A"; VariantName = "[No Variations]"
Add component (AddParameter): Name = "Max Operating Temperature"; Value = "125°C"; VariantName = "[No Variations]"
Add component (AddParameter): Name = "Min Operating Temperature"; Value = "-40°C"; VariantName = "[No Variations]"
Add component (AddParameter): Name = "Mounting Technology"; Value = "Surface Mount"; VariantName = "[No Variations]"
Add component (AddParameter): Name = "Pins"; Value = "2"; VariantName = "[No Variations]"
Add component (AddParameter): Name = "RoHS Compliant"; Value = ""; VariantName = "[No Variations]"
Add component (AddParameter): Name = "Self Resonant Frequency"; Value = "100kHz"; VariantName = "[No Variations]"
Add component (AddParameter): Name = "Tolerance"; Value = "20%"; VariantName = "[No Variations]"
Add component (AddParameter): Name = "Value"; Value = "22µH"; VariantName = "[No Variations]"
Added Component: Designator=R2(RESC2013X70X40ML20T20)
Add component (AddParameter): Name = "Case/Package"; Value = "0805"; VariantName = "[No Variations]"
Add component (AddParameter): Name = "Max Operating Temperature"; Value = "155°C"; VariantName = "[No Variations]"
Add component (AddParameter): Name = "Min Operating Temperature"; Value = "-55°C"; VariantName = "[No Variations]"
Add component (AddParameter): Name = "Mounting Technology"; Value = "SM"; VariantName = "[No Variations]"
Add component (AddParameter): Name = "Pins"; Value = "2"; VariantName = "[No Variations]"
Add component (AddParameter): Name = "Power"; Value = "125mW"; VariantName = "[No Variations]"
Add component (AddParameter): Name = "RoHS Compliant"; Value = "True"; VariantName = "[No Variations]"
Add component (AddParameter): Name = "Tolerance"; Value = "1%"; VariantName = "[No Variations]"
Add component (AddParameter): Name = "Value"; Value = "100k"; VariantName = "[No Variations]"
Add component (AddParameter): Name = "Voltage Rating"; Value = "150V"; VariantName = "[No Variations]"
Added Component: Designator=R3(RES 8.66K OHM 1% 1_8W 0805-Footprint-1)
Add component (AddParameter): Name = "Case/Package"; Value = "0805"; VariantName = "[No Variations]"
Add component (AddParameter): Name = "Max Operating Temperature"; Value = "155°C"; VariantName = "[No Variations]"
Add component (AddParameter): Name = "Min Operating Temperature"; Value = "-55°C"; VariantName = "[No Variations]"
Add component (AddParameter): Name = "Mounting Technology"; Value = "Surface Mount"; VariantName = "[No Variations]"
Add component (AddParameter): Name = "Pins"; Value = ""; VariantName = "[No Variations]"
Add component (AddParameter): Name = "Power"; Value = ""; VariantName = "[No Variations]"
Add component (AddParameter): Name = "RoHS Compliant"; Value = ""; VariantName = "[No Variations]"
Add component (AddParameter): Name = "Tolerance"; Value = "1%"; VariantName = "[No Variations]"
Add component (AddParameter): Name = "Value"; Value = "8.66k"; VariantName = "[No Variations]"
Add component (AddParameter): Name = "Voltage Rating"; Value = "150V"; VariantName = "[No Variations]"
Added Component: Designator=U2(IC BUCK LMR51625XDDCR-Footprint-1)
Add component (AddParameter): Name = "Case/Package"; Value = ""; VariantName = "[No Variations]"
Add component (AddParameter): Name = "Dropout Voltage"; Value = ""; VariantName = "[No Variations]"
Add component (AddParameter): Name = "Frequency"; Value = ""; VariantName = "[No Variations]"
Add component (AddParameter): Name = "Max Operating Temperature"; Value = ""; VariantName = "[No Variations]"
Add component (AddParameter): Name = "Max Power Dissipation"; Value = ""; VariantName = "[No Variations]"
Add component (AddParameter): Name = "Max Supply Voltage"; Value = ""; VariantName = "[No Variations]"
Add component (AddParameter): Name = "Min Operating Temperature"; Value = ""; VariantName = "[No Variations]"
Add component (AddParameter): Name = "Min Supply Voltage"; Value = ""; VariantName = "[No Variations]"
Add component (AddParameter): Name = "Mounting Technology"; Value = ""; VariantName = "[No Variations]"
Add component (AddParameter): Name = "Nominal Supply Current"; Value = ""; VariantName = "[No Variations]"
Add component (AddParameter): Name = "Output Current"; Value = ""; VariantName = "[No Variations]"
Add component (AddParameter): Name = "Output Voltage"; Value = ""; VariantName = "[No Variations]"
Add component (AddParameter): Name = "Pins"; Value = "6"; VariantName = "[No Variations]"
Add component (AddParameter): Name = "RoHS Compliant"; Value = ""; VariantName = "[No Variations]"
Added Pin To Net: NetName=+48V Pin=C3-1
Added Pin To Net: NetName=+48V Pin=C4-2
Added Pin To Net: NetName=+48V Pin=C5-2
Added Pin To Net: NetName=+48V Pin=C6-2
Added Pin To Net: NetName=+48V Pin=C7-2
Added Pin To Net: NetName=GND Pin=C8-1
Added Pin To Net: NetName=+10V Pin=C8-2
Added Pin To Net: NetName=GND Pin=C9-1
Added Pin To Net: NetName=+10V Pin=C9-2
Added Pin To Net: NetName=GND Pin=C10-1
Added Pin To Net: NetName=+10V Pin=C10-2
Added Pin To Net: NetName=+10V Pin=L1-2
Added Pin To Net: NetName=+10V Pin=R2-2
Added Pin To Net: NetName=GND Pin=R3-2
Added Pin To Net: NetName=+48V Pin=U2-2
Added Pin To Net: NetName=+48V Pin=U2-3
Added Pin To Net: NetName=GND Pin=U2-4
Change Net Name : Old Net Name=NetC36_2 New Net Name=NetC37_2
Change Net Name : Old Net Name=NetC37_1 New Net Name=NetC38_1
Change Net Name : Old Net Name=NetC42_2 New Net Name=NetC43_2
Change Net Name : Old Net Name=NetC43_1 New Net Name=NetC44_1
Change Net Name : Old Net Name=NetC43_2 New Net Name=NetC44_2
Change Net Name : Old Net Name=NetC44_1 New Net Name=NetC45_1
Change Net Name : Old Net Name=NetC44_2 New Net Name=NetC45_2
Change Net Name : Old Net Name=NetC48_2 New Net Name=NetC49_2
Change Net Name : Old Net Name=NetC49_1 New Net Name=NetC50_1
Change Net Name : Old Net Name=NetC49_2 New Net Name=NetC50_2
Change Net Name : Old Net Name=NetC50_1 New Net Name=NetC51_1
Change Net Name : Old Net Name=NetC50_2 New Net Name=NetC51_2
Change Net Name : Old Net Name=NetC53_2 New Net Name=NetC54_2
Change Net Name : Old Net Name=NetC54_1 New Net Name=NetC55_1
Change Net Name : Old Net Name=NetC58_2 New Net Name=NetC59_2
Change Net Name : Old Net Name=NetC59_1 New Net Name=NetC60_1
Change Net Name : Old Net Name=NetR36_2 New Net Name=NetR35_2
Change Net Name : Old Net Name=NetR42_2 New Net Name=NetR38_2
Added Pin To Net: NetName=NetC2_1 Pin=C2-1
Added Pin To Net: NetName=NetC2_1 Pin=L1-1
Added Pin To Net: NetName=NetC2_1 Pin=U2-5
Added Net: Name=NetC2_1
Added Pin To Net: NetName=NetC2_2 Pin=C2-2
Added Pin To Net: NetName=NetC2_2 Pin=U2-6
Added Net: Name=NetC2_2
Added Pin To Net: NetName=NetC3_2 Pin=C3-2
Added Pin To Net: NetName=NetC3_2 Pin=C4-1
Added Pin To Net: NetName=NetC3_2 Pin=C5-1
Added Pin To Net: NetName=NetC3_2 Pin=C6-1
Added Pin To Net: NetName=NetC3_2 Pin=C7-1
Added Net: Name=NetC3_2
Added Pin To Net: NetName=NetR2_1 Pin=R2-1
Added Pin To Net: NetName=NetR2_1 Pin=R3-1
Added Pin To Net: NetName=NetR2_1 Pin=U2-1
Added Net: Name=NetR2_1
Added Member To Class: ClassName=U_PowerCircuitry Member=Component C1 Capacitor 100nF +/-20% 50V 0402
Added Member To Class: ClassName=U_PowerCircuitry Member=Component C2 Capacitor 100nF +/-20% 50V 0402
Added Member To Class: ClassName=U_PowerCircuitry Member=Component C3 CAP ELC 2.2uF 50V 20%
Added Member To Class: ClassName=U_PowerCircuitry Member=Component C4 CAP CER 100nF 100V 10% 1210
Added Member To Class: ClassName=U_PowerCircuitry Member=Component C5 CAP CER  1uF 50V X5R 0603
Added Member To Class: ClassName=U_PowerCircuitry Member=Component C6 CAP CER  1uF 50V X5R 0603
Added Member To Class: ClassName=U_PowerCircuitry Member=Component C8 Capacitor 10µF +/-20% 25V 0805
Added Member To Class: ClassName=U_PowerCircuitry Member=Component C9 Capacitor 10µF +/-20% 25V 0805
Added Member To Class: ClassName=U_PowerCircuitry Member=Component C10 CAP ELC 47uF 25V 20% 2626
Added Member To Class: ClassName=U_MicroController Member=Component C18 CGA3E2X7R1E104K080AA
Added Member To Class: ClassName=U_MicroController Member=Component C20 CGA3E2X7R1E104K080AA
Added Member To Class: ClassName=U_MicroController Member=Component C22 CGA3E2X7R1E104K080AA
Added Member To Class: ClassName=U_MicroController Member=Component C24 CGA3E2X7R1E104K080AA
Added Member To Class: ClassName=U_MicroController Member=Component C26 CAP CER 14pF 5% 50V 0805
Added Member To Class: ClassName=U_MicroController Member=Component C28 Capacitor 1µF +/-20% 10V 0402
Added Member To Class: ClassName=U_MicroController Member=Component C30 Capacitor 1µF +/-20% 10V 0402
Added Member To Class: ClassName=U_MicroController Member=Component C33 CAP CER 10nF 50V 10% 0603
Added Member To Class: ClassName=U_MicroController Member=Component C34 Capacitor 1µF +/-20% 10V 0402
Added Member To Class: ClassName=U_TC_IC1 Member=Component C36 CGA3E2X7R1E104K080AA
Added Member To Class: ClassName=U_TC_IC1 Member=Component C38 CGA3E2X7R1E104K080AA
Added Member To Class: ClassName=U_LoadCellAmp1 Member=Component C40 Capacitor 1 uF +/- 10% 50 V 0805
Added Member To Class: ClassName=U_LoadCellAmp1 Member=Component C42 Capacitor 1 uF +/- 10% 50 V 0805
Added Member To Class: ClassName=U_LoadCellAmp1 Member=Component C44 Capacitor 100 nF +/-10% 50 V 0603
Added Member To Class: ClassName=U_LoadCellAmp2 Member=Component C46 Capacitor 1 uF +/- 10% 50 V 0805
Added Member To Class: ClassName=U_LoadCellAmp2 Member=Component C49 Capacitor 100 nF +/-10% 50 V 0603
Added Member To Class: ClassName=U_LoadCellAmp2 Member=Component C51 CAP CER 330pF 50V 1% 0603
Added Member To Class: ClassName=U_TC_IC2 Member=Component C53 CGA3E2X7R1E104K080AA
Added Member To Class: ClassName=U_TC_IC2 Member=Component C55 CGA3E2X7R1E104K080AA
Added Member To Class: ClassName=U_TC_IC3 Member=Component C57 CGA3E2X7R1E104K080AA
Added Member To Class: ClassName=U_TC_IC3 Member=Component C59 CGA3E2X7R1H103K080AA
Added Member To Class: ClassName=U_TC_IC3 Member=Component C61 CGA3E2X7R1H103K080AA
Added Member To Class: ClassName=U_PowerCircuitry Member=Component L1 IND WIR 22UH 1.75A 92.5MOHM SM
Added Member To Class: ClassName=U_PowerCircuitry Member=Component R2 Resistor 100k +/-1% 0805 125 mW
Added Member To Class: ClassName=U_PowerCircuitry Member=Component R3 RES 8.66K OHM 1% 1/8W 0805
Added Member To Class: ClassName=U_PowerCircuitry Member=Component R4 RES 15.8k 1% 0.1W 0603
Added Member To Class: ClassName=U_PowerCircuitry Member=Component R5 RES 43.5kR 0.15W 0.1% 0603
Added Member To Class: ClassName=U_PowerCircuitry Member=Component R6 RES 47.5k 1% 0.1W 0603
Added Member To Class: ClassName=U_PowerCircuitry Member=Component R7 RES 75k 1% 0.1W 0603
Added Member To Class: ClassName=U_MicroController Member=Component R11 330R2J
Added Member To Class: ClassName=U_MicroController Member=Component R14 CRGCQ0603F2K2
Added Member To Class: ClassName=U_MicroController Member=Component R15 4D7R5J
Added Member To Class: ClassName=U_MicroController Member=Component R16 CRGCQ0603F2K2
Added Member To Class: ClassName=U_TC_IC1 Member=Component R32 ERJ-3EKF1000V
Added Member To Class: ClassName=U_LoadCellAmp1 Member=Component R34 RG1608N-470-W-T1
Added Member To Class: ClassName=U_Anemometor_ResDiv1 Member=Component R37 470R5J
Added Member To Class: ClassName=U_Anemometor_ResDiv2 Member=Component R38 330R2J
Added Member To Class: ClassName=U_LoadCellAmp2 Member=Component R41 RG1608N-470-W-T1
Added Member To Class: ClassName=U_PowerCircuitry Member=Component U2 IC BUCK LMR51625XDDCR
