Removed Member From Class: ClassName=Ext_LED2 Member=M1
Removed Member From Class: ClassName=Ext_LED2 Member=M2
Removed Member From Class: ClassName=Ext_LED2 Member=M3
Removed Member From Class: ClassName=Ext_LED2 Member=R14
Removed Member From Class: ClassName=Ext_LED2 Member=R15
Removed Member From Class: ClassName=Ext_LED2 Member=U14
Removed Member From Class: ClassName=Ext_LED2 Member=U15
Removed Member From Class: ClassName=Ext_LED2 Member=U16
Change component parameters: Designator = "DS6" ("DS6"); Footprint = "LTST-C191KRKT_V"; UniqueID = "\FJCJSJSO\VBTAPEUB" ("\FJCJSJSO\VBTAPEUB")
Change component parameters (AddParameter): Name = "Case/Package"; Value = "0603"; VariantName = "[No Variations]"
Change component parameters (AddParameter): Name = "ClassName"; Value = "Debug_LED1"; VariantName = "[No Variations]"
Change component parameters (AddParameter): Name = "Colour"; Value = "Red"; VariantName = "[No Variations]"
Change component parameters (AddParameter): Name = "Datasheet URL"; Value = "http://optoelectronics.liteon.com/upload/download/DS-22-99-0151/S_110_LTST-C190KRKT.pdf"; VariantName = "[No Variations]"
Change component parameters (AddParameter): Name = "Datasheet Version"; Value = "Rev. F, 05/2013"; VariantName = "[No Variations]"
Change component parameters (AddParameter): Name = "Forward Current"; Value = "20mA"; VariantName = "[No Variations]"
Change component parameters (AddParameter): Name = "Forward Voltage"; Value = "2V"; VariantName = "[No Variations]"
Change component parameters (AddParameter): Name = "Illumination Colour"; Value = "Red"; VariantName = "[No Variations]"
Change component parameters (AddParameter): Name = "Lens Style"; Value = "Diffused"; VariantName = "[No Variations]"
Change component parameters (AddParameter): Name = "Luminous Intensity"; Value = "54mcd"; VariantName = "[No Variations]"
Change component parameters (AddParameter): Name = "Manufacturer"; Value = "Lite-On"; VariantName = "[No Variations]"
Change component parameters (AddParameter): Name = "Manufacturer URL"; Value = "http://www.us.liteon.com/"; VariantName = "[No Variations]"
Change component parameters (AddParameter): Name = "Max Operating Temperature"; Value = "85°C"; VariantName = "[No Variations]"
Change component parameters (AddParameter): Name = "Max Power Dissipation"; Value = ""; VariantName = "[No Variations]"
Change component parameters (AddParameter): Name = "Min Operating Temperature"; Value = "-55°C"; VariantName = "[No Variations]"
Change component parameters (AddParameter): Name = "Mounting Technology"; Value = "SM"; VariantName = "[No Variations]"
Change component parameters (AddParameter): Name = "Nominal Vf"; Value = "2V"; VariantName = "[No Variations]"
Change component parameters (AddParameter): Name = "Package Description"; Value = "2-Pin Surface Mount Device, Body 1.6 x 0.8 mm"; VariantName = "[No Variations]"
Change component parameters (AddParameter): Name = "Package Quantity"; Value = "3000"; VariantName = "[No Variations]"
Change component parameters (AddParameter): Name = "Package Reference"; Value = "C191KRKT"; VariantName = "[No Variations]"
Change component parameters (AddParameter): Name = "Packaging"; Value = "TapeandReel"; VariantName = "[No Variations]"
Change component parameters (AddParameter): Name = "Pins"; Value = "2"; VariantName = "[No Variations]"
Change component parameters (AddParameter): Name = "Power"; Value = "75mW"; VariantName = "[No Variations]"
Change component parameters (AddParameter): Name = "RoHS Compliant"; Value = "True"; VariantName = "[No Variations]"
Change component parameters (AddParameter): Name = "Viewing Angle"; Value = "130degrees"; VariantName = "[No Variations]"
Change component parameters: Designator = "DS7" ("DS7"); Footprint = "LTST-C191KRKT_V"; UniqueID = "\FJCJSJSO\RMPWMWRP" ("\FJCJSJSO\RMPWMWRP")
Change component parameters (AddParameter): Name = "Case/Package"; Value = "0603"; VariantName = "[No Variations]"
Change component parameters (AddParameter): Name = "ClassName"; Value = "Debug_LED2"; VariantName = "[No Variations]"
Change component parameters (AddParameter): Name = "Colour"; Value = "Red"; VariantName = "[No Variations]"
Change component parameters (AddParameter): Name = "Datasheet URL"; Value = "http://optoelectronics.liteon.com/upload/download/DS-22-99-0151/S_110_LTST-C190KRKT.pdf"; VariantName = "[No Variations]"
Change component parameters (AddParameter): Name = "Datasheet Version"; Value = "Rev. F, 05/2013"; VariantName = "[No Variations]"
Change component parameters (AddParameter): Name = "Forward Current"; Value = "20mA"; VariantName = "[No Variations]"
Change component parameters (AddParameter): Name = "Forward Voltage"; Value = "2V"; VariantName = "[No Variations]"
Change component parameters (AddParameter): Name = "Illumination Colour"; Value = "Red"; VariantName = "[No Variations]"
Change component parameters (AddParameter): Name = "Lens Style"; Value = "Diffused"; VariantName = "[No Variations]"
Change component parameters (AddParameter): Name = "Luminous Intensity"; Value = "54mcd"; VariantName = "[No Variations]"
Change component parameters (AddParameter): Name = "Manufacturer"; Value = "Lite-On"; VariantName = "[No Variations]"
Change component parameters (AddParameter): Name = "Manufacturer URL"; Value = "http://www.us.liteon.com/"; VariantName = "[No Variations]"
Change component parameters (AddParameter): Name = "Max Operating Temperature"; Value = "85°C"; VariantName = "[No Variations]"
Change component parameters (AddParameter): Name = "Max Power Dissipation"; Value = ""; VariantName = "[No Variations]"
Change component parameters (AddParameter): Name = "Min Operating Temperature"; Value = "-55°C"; VariantName = "[No Variations]"
Change component parameters (AddParameter): Name = "Mounting Technology"; Value = "SM"; VariantName = "[No Variations]"
Change component parameters (AddParameter): Name = "Nominal Vf"; Value = "2V"; VariantName = "[No Variations]"
Change component parameters (AddParameter): Name = "Package Description"; Value = "2-Pin Surface Mount Device, Body 1.6 x 0.8 mm"; VariantName = "[No Variations]"
Change component parameters (AddParameter): Name = "Package Quantity"; Value = "3000"; VariantName = "[No Variations]"
Change component parameters (AddParameter): Name = "Package Reference"; Value = "C191KRKT"; VariantName = "[No Variations]"
Change component parameters (AddParameter): Name = "Packaging"; Value = "TapeandReel"; VariantName = "[No Variations]"
Change component parameters (AddParameter): Name = "Pins"; Value = "2"; VariantName = "[No Variations]"
Change component parameters (AddParameter): Name = "Power"; Value = "75mW"; VariantName = "[No Variations]"
Change component parameters (AddParameter): Name = "RoHS Compliant"; Value = "True"; VariantName = "[No Variations]"
Change component parameters (AddParameter): Name = "Viewing Angle"; Value = "130degrees"; VariantName = "[No Variations]"
Change component parameters: Designator = "DS8" ("DS8"); Footprint = "AVAG-HSMX-C190_V"; UniqueID = "\FJCJSJSO\VRHUXMEU" ("\FJCJSJSO\VRHUXMEU")
Change component parameters (AddParameter): Name = "Case/Package"; Value = "0603"; VariantName = "[No Variations]"
Change component parameters (AddParameter): Name = "ClassName"; Value = "Debug_LED3"; VariantName = "[No Variations]"
Change component parameters (AddParameter): Name = "Colour"; Value = "Green"; VariantName = "[No Variations]"
Change component parameters (AddParameter): Name = "Datasheet URL"; Value = "http://docs.avagotech.com/docs/AV02-0551EN"; VariantName = "[No Variations]"
Change component parameters (AddParameter): Name = "Datasheet Version"; Value = "Mar-12"; VariantName = "[No Variations]"
Change component parameters (AddParameter): Name = "Forward Current"; Value = "20mA"; VariantName = "[No Variations]"
Change component parameters (AddParameter): Name = "Forward Voltage"; Value = "2.2V"; VariantName = "[No Variations]"
Change component parameters (AddParameter): Name = "Illumination Colour"; Value = "Green"; VariantName = "[No Variations]"
Change component parameters (AddParameter): Name = "Lens Style"; Value = "Diffused"; VariantName = "[No Variations]"
Change component parameters (AddParameter): Name = "Luminous Intensity"; Value = "15mcd"; VariantName = "[No Variations]"
Change component parameters (AddParameter): Name = "Manufacturer"; Value = "Avago"; VariantName = "[No Variations]"
Change component parameters (AddParameter): Name = "Manufacturer URL"; Value = "http://www.avagotech.com/"; VariantName = "[No Variations]"
Change component parameters (AddParameter): Name = "Max Operating Temperature"; Value = "85°C"; VariantName = "[No Variations]"
Change component parameters (AddParameter): Name = "Max Power Dissipation"; Value = ""; VariantName = "[No Variations]"
Change component parameters (AddParameter): Name = "Min Operating Temperature"; Value = "-40°C"; VariantName = "[No Variations]"
Change component parameters (AddParameter): Name = "Mounting Technology"; Value = "SM"; VariantName = "[No Variations]"
Change component parameters (AddParameter): Name = "Nominal Vf"; Value = "2.2V"; VariantName = "[No Variations]"
Change component parameters (AddParameter): Name = "Nominal Wave"; Value = ""; VariantName = "[No Variations]"
Change component parameters (AddParameter): Name = "Package Description"; Value = "2-Pin Surface Mount Device, Body 1.6 x 0.8 mm, Height 0.9 mm"; VariantName = "[No Variations]"
Change component parameters (AddParameter): Name = "Package Quantity"; Value = "4000"; VariantName = "[No Variations]"
Change component parameters (AddParameter): Name = "Package Reference"; Value = "HSMX-C190"; VariantName = "[No Variations]"
Change component parameters (AddParameter): Name = "Packaging"; Value = "TapeandReel"; VariantName = "[No Variations]"
Change component parameters (AddParameter): Name = "Pins"; Value = "2"; VariantName = "[No Variations]"
Change component parameters (AddParameter): Name = "Power"; Value = "52mW"; VariantName = "[No Variations]"
Change component parameters (AddParameter): Name = "RoHS Compliant"; Value = "True"; VariantName = "[No Variations]"
Change component parameters (AddParameter): Name = "Viewing Angle"; Value = "170degrees"; VariantName = "[No Variations]"
Change component parameters: Designator = "M1" ("M1"); Footprint = "PJA3404_R1_00001-Footprint-1"; UniqueID = "\FJCJSJSO\YHFSGVGV" ("\FJCJSJSO\YHFSGVGV")
Change component parameters (AddParameter): Name = "Case/Package"; Value = ""; VariantName = "[No Variations]"
Change component parameters (AddParameter): Name = "ClassName"; Value = "Debug_LED1"; VariantName = "[No Variations]"
Change component parameters (AddParameter): Name = "Drain Current-Max (ID)"; Value = "5.6A"; VariantName = "[No Variations]"
Change component parameters (AddParameter): Name = "Drain-source On Resistance-Max"; Value = "30mR"; VariantName = "[No Variations]"
Change component parameters (AddParameter): Name = "DS Breakdown Voltage-Min"; Value = "30V"; VariantName = "[No Variations]"
Change component parameters (AddParameter): Name = "FET Technology"; Value = "METAL-OXIDE SEMICONDUCTOR"; VariantName = "[No Variations]"
Change component parameters (AddParameter): Name = "Frequency"; Value = ""; VariantName = "[No Variations]"
Change component parameters (AddParameter): Name = "JESD-30 Code"; Value = "R-PDSO-G3"; VariantName = "[No Variations]"
Change component parameters (AddParameter): Name = "Max Operating Temperature"; Value = ""; VariantName = "[No Variations]"
Change component parameters (AddParameter): Name = "Min Operating Temperature"; Value = ""; VariantName = "[No Variations]"
Change component parameters (AddParameter): Name = "Mounting Technology"; Value = ""; VariantName = "[No Variations]"
Change component parameters (AddParameter): Name = "Nominal Dual Supply"; Value = ""; VariantName = "[No Variations]"
Change component parameters (AddParameter): Name = "Nominal Vgs"; Value = ""; VariantName = "[No Variations]"
Change component parameters (AddParameter): Name = "Number of Elements"; Value = "1"; VariantName = "[No Variations]"
Change component parameters (AddParameter): Name = "Operating Mode"; Value = "ENHANCEMENT MODE"; VariantName = "[No Variations]"
Change component parameters (AddParameter): Name = "Package Body Material"; Value = "Plastic"; VariantName = "[No Variations]"
Change component parameters (AddParameter): Name = "Package Shape"; Value = "Rectangular"; VariantName = "[No Variations]"
Change component parameters (AddParameter): Name = "Package Style"; Value = "SMALL OUTLINEMeter"; VariantName = "[No Variations]"
Change component parameters (AddParameter): Name = "Pins"; Value = "3"; VariantName = "[No Variations]"
Change component parameters (AddParameter): Name = "Polarity/Channel Type"; Value = "N-CHANNEL"; VariantName = "[No Variations]"
Change component parameters (AddParameter): Name = "Power"; Value = ""; VariantName = "[No Variations]"
Change component parameters (AddParameter): Name = "Pulsed Drain Current-Max (IDM)"; Value = "22A"; VariantName = "[No Variations]"
Change component parameters (AddParameter): Name = "Reach SVHC Compliant"; Value = "Yes"; VariantName = "[No Variations]"
Change component parameters (AddParameter): Name = "RoHS Compliant"; Value = "Yes"; VariantName = "[No Variations]"
Change component parameters (AddParameter): Name = "Surface Mount"; Value = "Yes"; VariantName = "[No Variations]"
Change component parameters (AddParameter): Name = "Terminal Form"; Value = "Gull Wing"; VariantName = "[No Variations]"
Change component parameters (AddParameter): Name = "Terminal Position"; Value = "DUAL"; VariantName = "[No Variations]"
Change component parameters (AddParameter): Name = "Transistor Application"; Value = "SWITCHING"; VariantName = "[No Variations]"
Change component parameters (AddParameter): Name = "Transistor Element Material"; Value = "SILICON"; VariantName = "[No Variations]"
Change component parameters (AddParameter): Name = "Transistor Type"; Value = ""; VariantName = "[No Variations]"
Change component parameters (AddParameter): Name = "Vgs (Max)"; Value = ""; VariantName = "[No Variations]"
Change component parameters (AddParameter): Name = "Vgs(th) (Max) @ Id"; Value = ""; VariantName = "[No Variations]"
Change component parameters: Designator = "M2" ("M2"); Footprint = "PJA3404_R1_00001-Footprint-1"; UniqueID = "\FJCJSJSO\NBWSYXIA" ("\FJCJSJSO\NBWSYXIA")
Change component parameters (AddParameter): Name = "Case/Package"; Value = ""; VariantName = "[No Variations]"
Change component parameters (AddParameter): Name = "ClassName"; Value = "Debug_LED2"; VariantName = "[No Variations]"
Change component parameters (AddParameter): Name = "Drain Current-Max (ID)"; Value = "5.6A"; VariantName = "[No Variations]"
Change component parameters (AddParameter): Name = "Drain-source On Resistance-Max"; Value = "30mR"; VariantName = "[No Variations]"
Change component parameters (AddParameter): Name = "DS Breakdown Voltage-Min"; Value = "30V"; VariantName = "[No Variations]"
Change component parameters (AddParameter): Name = "FET Technology"; Value = "METAL-OXIDE SEMICONDUCTOR"; VariantName = "[No Variations]"
Change component parameters (AddParameter): Name = "Frequency"; Value = ""; VariantName = "[No Variations]"
Change component parameters (AddParameter): Name = "JESD-30 Code"; Value = "R-PDSO-G3"; VariantName = "[No Variations]"
Change component parameters (AddParameter): Name = "Max Operating Temperature"; Value = ""; VariantName = "[No Variations]"
Change component parameters (AddParameter): Name = "Min Operating Temperature"; Value = ""; VariantName = "[No Variations]"
Change component parameters (AddParameter): Name = "Mounting Technology"; Value = ""; VariantName = "[No Variations]"
Change component parameters (AddParameter): Name = "Nominal Dual Supply"; Value = ""; VariantName = "[No Variations]"
Change component parameters (AddParameter): Name = "Nominal Vgs"; Value = ""; VariantName = "[No Variations]"
Change component parameters (AddParameter): Name = "Number of Elements"; Value = "1"; VariantName = "[No Variations]"
Change component parameters (AddParameter): Name = "Operating Mode"; Value = "ENHANCEMENT MODE"; VariantName = "[No Variations]"
Change component parameters (AddParameter): Name = "Package Body Material"; Value = "Plastic"; VariantName = "[No Variations]"
Change component parameters (AddParameter): Name = "Package Shape"; Value = "Rectangular"; VariantName = "[No Variations]"
Change component parameters (AddParameter): Name = "Package Style"; Value = "SMALL OUTLINEMeter"; VariantName = "[No Variations]"
Change component parameters (AddParameter): Name = "Pins"; Value = "3"; VariantName = "[No Variations]"
Change component parameters (AddParameter): Name = "Polarity/Channel Type"; Value = "N-CHANNEL"; VariantName = "[No Variations]"
Change component parameters (AddParameter): Name = "Power"; Value = ""; VariantName = "[No Variations]"
Change component parameters (AddParameter): Name = "Pulsed Drain Current-Max (IDM)"; Value = "22A"; VariantName = "[No Variations]"
Change component parameters (AddParameter): Name = "Reach SVHC Compliant"; Value = "Yes"; VariantName = "[No Variations]"
Change component parameters (AddParameter): Name = "RoHS Compliant"; Value = "Yes"; VariantName = "[No Variations]"
Change component parameters (AddParameter): Name = "Surface Mount"; Value = "Yes"; VariantName = "[No Variations]"
Change component parameters (AddParameter): Name = "Terminal Form"; Value = "Gull Wing"; VariantName = "[No Variations]"
Change component parameters (AddParameter): Name = "Terminal Position"; Value = "DUAL"; VariantName = "[No Variations]"
Change component parameters (AddParameter): Name = "Transistor Application"; Value = "SWITCHING"; VariantName = "[No Variations]"
Change component parameters (AddParameter): Name = "Transistor Element Material"; Value = "SILICON"; VariantName = "[No Variations]"
Change component parameters (AddParameter): Name = "Transistor Type"; Value = ""; VariantName = "[No Variations]"
Change component parameters (AddParameter): Name = "Vgs (Max)"; Value = ""; VariantName = "[No Variations]"
Change component parameters (AddParameter): Name = "Vgs(th) (Max) @ Id"; Value = ""; VariantName = "[No Variations]"
Change component parameters: Designator = "M3" ("M3"); Footprint = "PJA3404_R1_00001-Footprint-1"; UniqueID = "\FJCJSJSO\VNZRZCJX" ("\FJCJSJSO\VNZRZCJX")
Change component parameters (AddParameter): Name = "Case/Package"; Value = ""; VariantName = "[No Variations]"
Change component parameters (AddParameter): Name = "ClassName"; Value = "Debug_LED3"; VariantName = "[No Variations]"
Change component parameters (AddParameter): Name = "Drain Current-Max (ID)"; Value = "5.6A"; VariantName = "[No Variations]"
Change component parameters (AddParameter): Name = "Drain-source On Resistance-Max"; Value = "30mR"; VariantName = "[No Variations]"
Change component parameters (AddParameter): Name = "DS Breakdown Voltage-Min"; Value = "30V"; VariantName = "[No Variations]"
Change component parameters (AddParameter): Name = "FET Technology"; Value = "METAL-OXIDE SEMICONDUCTOR"; VariantName = "[No Variations]"
Change component parameters (AddParameter): Name = "Frequency"; Value = ""; VariantName = "[No Variations]"
Change component parameters (AddParameter): Name = "JESD-30 Code"; Value = "R-PDSO-G3"; VariantName = "[No Variations]"
Change component parameters (AddParameter): Name = "Max Operating Temperature"; Value = ""; VariantName = "[No Variations]"
Change component parameters (AddParameter): Name = "Min Operating Temperature"; Value = ""; VariantName = "[No Variations]"
Change component parameters (AddParameter): Name = "Mounting Technology"; Value = ""; VariantName = "[No Variations]"
Change component parameters (AddParameter): Name = "Nominal Dual Supply"; Value = ""; VariantName = "[No Variations]"
Change component parameters (AddParameter): Name = "Nominal Vgs"; Value = ""; VariantName = "[No Variations]"
Change component parameters (AddParameter): Name = "Number of Elements"; Value = "1"; VariantName = "[No Variations]"
Change component parameters (AddParameter): Name = "Operating Mode"; Value = "ENHANCEMENT MODE"; VariantName = "[No Variations]"
Change component parameters (AddParameter): Name = "Package Body Material"; Value = "Plastic"; VariantName = "[No Variations]"
Change component parameters (AddParameter): Name = "Package Shape"; Value = "Rectangular"; VariantName = "[No Variations]"
Change component parameters (AddParameter): Name = "Package Style"; Value = "SMALL OUTLINEMeter"; VariantName = "[No Variations]"
Change component parameters (AddParameter): Name = "Pins"; Value = "3"; VariantName = "[No Variations]"
Change component parameters (AddParameter): Name = "Polarity/Channel Type"; Value = "N-CHANNEL"; VariantName = "[No Variations]"
Change component parameters (AddParameter): Name = "Power"; Value = ""; VariantName = "[No Variations]"
Change component parameters (AddParameter): Name = "Pulsed Drain Current-Max (IDM)"; Value = "22A"; VariantName = "[No Variations]"
Change component parameters (AddParameter): Name = "Reach SVHC Compliant"; Value = "Yes"; VariantName = "[No Variations]"
Change component parameters (AddParameter): Name = "RoHS Compliant"; Value = "Yes"; VariantName = "[No Variations]"
Change component parameters (AddParameter): Name = "Surface Mount"; Value = "Yes"; VariantName = "[No Variations]"
Change component parameters (AddParameter): Name = "Terminal Form"; Value = "Gull Wing"; VariantName = "[No Variations]"
Change component parameters (AddParameter): Name = "Terminal Position"; Value = "DUAL"; VariantName = "[No Variations]"
Change component parameters (AddParameter): Name = "Transistor Application"; Value = "SWITCHING"; VariantName = "[No Variations]"
Change component parameters (AddParameter): Name = "Transistor Element Material"; Value = "SILICON"; VariantName = "[No Variations]"
Change component parameters (AddParameter): Name = "Transistor Type"; Value = ""; VariantName = "[No Variations]"
Change component parameters (AddParameter): Name = "Vgs (Max)"; Value = ""; VariantName = "[No Variations]"
Change component parameters (AddParameter): Name = "Vgs(th) (Max) @ Id"; Value = ""; VariantName = "[No Variations]"
Change component parameters: Designator = "R14" ("R14"); Footprint = "RESC2013X50X35ML15T15"; UniqueID = "\FJCJSJSO\YJFJATSJ" ("\FJCJSJSO\YJFJATSJ")
Change component parameters (AddParameter): Name = "Case/Package"; Value = "0805"; VariantName = "[No Variations]"
Change component parameters (AddParameter): Name = "ClassName"; Value = "Debug_LED1"; VariantName = "[No Variations]"
Change component parameters (AddParameter): Name = "Max Operating Temperature"; Value = "155°C"; VariantName = "[No Variations]"
Change component parameters (AddParameter): Name = "Min Operating Temperature"; Value = "-55°C"; VariantName = "[No Variations]"
Change component parameters (AddParameter): Name = "Mounting Technology"; Value = "SM"; VariantName = "[No Variations]"
Change component parameters (AddParameter): Name = "Pins"; Value = "2"; VariantName = "[No Variations]"
Change component parameters (AddParameter): Name = "Power"; Value = "125mW"; VariantName = "[No Variations]"
Change component parameters (AddParameter): Name = "RoHS Compliant"; Value = "True"; VariantName = "[No Variations]"
Change component parameters (AddParameter): Name = "Tolerance"; Value = "1%"; VariantName = "[No Variations]"
Change component parameters (AddParameter): Name = "Value"; Value = "10k"; VariantName = "[No Variations]"
Change component parameters (AddParameter): Name = "Voltage Rating"; Value = "150V"; VariantName = "[No Variations]"
Change component parameters: Designator = "R15" ("R15"); Footprint = "RESC2013X50X35ML15T15"; UniqueID = "\FJCJSJSO\WIIAOEVI" ("\FJCJSJSO\WIIAOEVI")
Change component parameters (AddParameter): Name = "Case/Package"; Value = "0805"; VariantName = "[No Variations]"
Change component parameters (AddParameter): Name = "ClassName"; Value = "Debug_LED2"; VariantName = "[No Variations]"
Change component parameters (AddParameter): Name = "Max Operating Temperature"; Value = "155°C"; VariantName = "[No Variations]"
Change component parameters (AddParameter): Name = "Min Operating Temperature"; Value = "-55°C"; VariantName = "[No Variations]"
Change component parameters (AddParameter): Name = "Mounting Technology"; Value = "SM"; VariantName = "[No Variations]"
Change component parameters (AddParameter): Name = "Pins"; Value = "2"; VariantName = "[No Variations]"
Change component parameters (AddParameter): Name = "Power"; Value = "125mW"; VariantName = "[No Variations]"
Change component parameters (AddParameter): Name = "RoHS Compliant"; Value = "True"; VariantName = "[No Variations]"
Change component parameters (AddParameter): Name = "Tolerance"; Value = "1%"; VariantName = "[No Variations]"
Change component parameters (AddParameter): Name = "Value"; Value = "10k"; VariantName = "[No Variations]"
Change component parameters (AddParameter): Name = "Voltage Rating"; Value = "150V"; VariantName = "[No Variations]"
Change component parameters: Designator = "U14" ("U14"); Footprint = "DIOD-SOD123-A_V"; UniqueID = "\FJCJSJSO\AJPEPDRA" ("\FJCJSJSO\AJPEPDRA")
Change component parameters (AddParameter): Name = "Case/Package"; Value = "SOD"; VariantName = "[No Variations]"
Change component parameters (AddParameter): Name = "ClassName"; Value = "Debug_LED1"; VariantName = "[No Variations]"
Change component parameters (AddParameter): Name = "Max Operating Temperature"; Value = "125°C"; VariantName = "[No Variations]"
Change component parameters (AddParameter): Name = "Max Output current"; Value = "21mA"; VariantName = "[No Variations]"
Change component parameters (AddParameter): Name = "Max Supply Voltage"; Value = "60V"; VariantName = "[No Variations]"
Change component parameters (AddParameter): Name = "Min Input Voltage"; Value = "2.5V"; VariantName = "[No Variations]"
Change component parameters (AddParameter): Name = "Min Operating Temperature"; Value = "-40°C"; VariantName = "[No Variations]"
Change component parameters (AddParameter): Name = "Mounting Technology"; Value = "Surface Mount"; VariantName = "[No Variations]"
Change component parameters (AddParameter): Name = "Nominal Supply Current"; Value = ""; VariantName = "[No Variations]"
Change component parameters (AddParameter): Name = "Nominal Supply Voltage"; Value = ""; VariantName = "[No Variations]"
Change component parameters (AddParameter): Name = "Pins"; Value = "2"; VariantName = "[No Variations]"
Change component parameters (AddParameter): Name = "RoHS Compliant"; Value = ""; VariantName = "[No Variations]"
Change component parameters (AddParameter): Name = "Voltage Rating"; Value = ""; VariantName = "[No Variations]"
Change component parameters: Designator = "U15" ("U15"); Footprint = "DIOD-SOD123-A_V"; UniqueID = "\FJCJSJSO\PVIUJCEV" ("\FJCJSJSO\PVIUJCEV")
Change component parameters (AddParameter): Name = "Case/Package"; Value = "SOD"; VariantName = "[No Variations]"
Change component parameters (AddParameter): Name = "ClassName"; Value = "Debug_LED2"; VariantName = "[No Variations]"
Change component parameters (AddParameter): Name = "Max Operating Temperature"; Value = "125°C"; VariantName = "[No Variations]"
Change component parameters (AddParameter): Name = "Max Output current"; Value = "21mA"; VariantName = "[No Variations]"
Change component parameters (AddParameter): Name = "Max Supply Voltage"; Value = "60V"; VariantName = "[No Variations]"
Change component parameters (AddParameter): Name = "Min Input Voltage"; Value = "2.5V"; VariantName = "[No Variations]"
Change component parameters (AddParameter): Name = "Min Operating Temperature"; Value = "-40°C"; VariantName = "[No Variations]"
Change component parameters (AddParameter): Name = "Mounting Technology"; Value = "Surface Mount"; VariantName = "[No Variations]"
Change component parameters (AddParameter): Name = "Nominal Supply Current"; Value = ""; VariantName = "[No Variations]"
Change component parameters (AddParameter): Name = "Nominal Supply Voltage"; Value = ""; VariantName = "[No Variations]"
Change component parameters (AddParameter): Name = "Pins"; Value = "2"; VariantName = "[No Variations]"
Change component parameters (AddParameter): Name = "RoHS Compliant"; Value = ""; VariantName = "[No Variations]"
Change component parameters (AddParameter): Name = "Voltage Rating"; Value = ""; VariantName = "[No Variations]"
Change component parameters: Designator = "U16" ("U16"); Footprint = "DIOD-SOD123-A_V"; UniqueID = "\FJCJSJSO\EZFFNQSP" ("\FJCJSJSO\EZFFNQSP")
Change component parameters (AddParameter): Name = "Case/Package"; Value = "SOD"; VariantName = "[No Variations]"
Change component parameters (AddParameter): Name = "ClassName"; Value = "Debug_LED3"; VariantName = "[No Variations]"
Change component parameters (AddParameter): Name = "Max Operating Temperature"; Value = "125°C"; VariantName = "[No Variations]"
Change component parameters (AddParameter): Name = "Max Output current"; Value = "21mA"; VariantName = "[No Variations]"
Change component parameters (AddParameter): Name = "Max Supply Voltage"; Value = "60V"; VariantName = "[No Variations]"
Change component parameters (AddParameter): Name = "Min Input Voltage"; Value = "2.5V"; VariantName = "[No Variations]"
Change component parameters (AddParameter): Name = "Min Operating Temperature"; Value = "-40°C"; VariantName = "[No Variations]"
Change component parameters (AddParameter): Name = "Mounting Technology"; Value = "Surface Mount"; VariantName = "[No Variations]"
Change component parameters (AddParameter): Name = "Nominal Supply Current"; Value = ""; VariantName = "[No Variations]"
Change component parameters (AddParameter): Name = "Nominal Supply Voltage"; Value = ""; VariantName = "[No Variations]"
Change component parameters (AddParameter): Name = "Pins"; Value = "2"; VariantName = "[No Variations]"
Change component parameters (AddParameter): Name = "RoHS Compliant"; Value = ""; VariantName = "[No Variations]"
Change component parameters (AddParameter): Name = "Voltage Rating"; Value = ""; VariantName = "[No Variations]"
Added Class: Name=Debug_LED1
Added Class: Name=Debug_LED2
Added Class: Name=Debug_LED3
Added Room: Name=Debug_LED1
Added Room: Name=Debug_LED2
Added Room: Name=Debug_LED3
