Removed Pin From Net: NetName=+5V_FSB Pin=R48-1
Removed Pin From Net: NetName=VBUS_USB Pin=R48-2
Added Component: Designator=M6(PJA3404_R1_00001-Footprint-1)
Add component (AddParameter): Name = "Case/Package"; Value = ""; VariantName = "[No Variations]"
Add component (AddParameter): Name = "ClassName"; Value = "Ext_LED3"; VariantName = "[No Variations]"
Add component (AddParameter): Name = "Drain Current-Max (ID)"; Value = "5.6A"; VariantName = "[No Variations]"
Add component (AddParameter): Name = "Drain-source On Resistance-Max"; Value = "30mR"; VariantName = "[No Variations]"
Add component (AddParameter): Name = "DS Breakdown Voltage-Min"; Value = "30V"; VariantName = "[No Variations]"
Add component (AddParameter): Name = "FET Technology"; Value = "METAL-OXIDE SEMICONDUCTOR"; VariantName = "[No Variations]"
Add component (AddParameter): Name = "Frequency"; Value = ""; VariantName = "[No Variations]"
Add component (AddParameter): Name = "JESD-30 Code"; Value = "R-PDSO-G3"; VariantName = "[No Variations]"
Add component (AddParameter): Name = "Max Operating Temperature"; Value = ""; VariantName = "[No Variations]"
Add component (AddParameter): Name = "Min Operating Temperature"; Value = ""; VariantName = "[No Variations]"
Add component (AddParameter): Name = "Mounting Technology"; Value = ""; VariantName = "[No Variations]"
Add component (AddParameter): Name = "Nominal Dual Supply"; Value = ""; VariantName = "[No Variations]"
Add component (AddParameter): Name = "Nominal Vgs"; Value = ""; VariantName = "[No Variations]"
Add component (AddParameter): Name = "Number of Elements"; Value = "1"; VariantName = "[No Variations]"
Add component (AddParameter): Name = "Operating Mode"; Value = "ENHANCEMENT MODE"; VariantName = "[No Variations]"
Add component (AddParameter): Name = "Package Body Material"; Value = "Plastic"; VariantName = "[No Variations]"
Add component (AddParameter): Name = "Package Shape"; Value = "Rectangular"; VariantName = "[No Variations]"
Add component (AddParameter): Name = "Package Style"; Value = "SMALL OUTLINEMeter"; VariantName = "[No Variations]"
Add component (AddParameter): Name = "Pins"; Value = "3"; VariantName = "[No Variations]"
Add component (AddParameter): Name = "Polarity/Channel Type"; Value = "N-CHANNEL"; VariantName = "[No Variations]"
Add component (AddParameter): Name = "Power"; Value = ""; VariantName = "[No Variations]"
Add component (AddParameter): Name = "Pulsed Drain Current-Max (IDM)"; Value = "22A"; VariantName = "[No Variations]"
Add component (AddParameter): Name = "Reach SVHC Compliant"; Value = "Yes"; VariantName = "[No Variations]"
Add component (AddParameter): Name = "RoHS Compliant"; Value = "Yes"; VariantName = "[No Variations]"
Add component (AddParameter): Name = "Surface Mount"; Value = "Yes"; VariantName = "[No Variations]"
Add component (AddParameter): Name = "Terminal Form"; Value = "Gull Wing"; VariantName = "[No Variations]"
Add component (AddParameter): Name = "Terminal Position"; Value = "DUAL"; VariantName = "[No Variations]"
Add component (AddParameter): Name = "Transistor Application"; Value = "SWITCHING"; VariantName = "[No Variations]"
Add component (AddParameter): Name = "Transistor Element Material"; Value = "SILICON"; VariantName = "[No Variations]"
Add component (AddParameter): Name = "Transistor Type"; Value = ""; VariantName = "[No Variations]"
Add component (AddParameter): Name = "Vgs (Max)"; Value = ""; VariantName = "[No Variations]"
Add component (AddParameter): Name = "Vgs(th) (Max) @ Id"; Value = ""; VariantName = "[No Variations]"
Added Pin To Net: NetName=+5V_FSB Pin=M6-1
Added Pin To Net: NetName=VBUS_USB Pin=M6-2
Added Pin To Net: NetName=+5V_Prgm Pin=M6-3
Added Pin To Net: NetName=GND Pin=R48-1
Added Pin To Net: NetName=+5V_FSB Pin=R48-2
Added Member To Class: ClassName=Ext_LED3 Member=Component M6 MOS NMOS 30V 5.6A SOT-23
Added Member To Class: ClassName=U_PowerCircuitry Member=Component M6 MOS NMOS 30V 5.6A SOT-23
Added Member To Class: ClassName=U_MicroController Member=Component R14 CRGCQ0603F2K2
