Removed Pin From Net: NetName=GND Pin=C27-1
Removed Pin From Net: NetName=+3V3 Pin=C27-2
Removed Pin From Net: NetName=GND Pin=C28-1
Removed Pin From Net: NetName=+3V3 Pin=C28-2
Removed Pin From Net: NetName=GND Pin=C29-1
Removed Pin From Net: NetName=+3V3 Pin=C29-2
Removed Pin From Net: NetName=GND Pin=C30-1
Removed Pin From Net: NetName=+3V3 Pin=C30-2
Removed Pin From Net: NetName=GND Pin=C31-1
Removed Pin From Net: NetName=+3V3 Pin=C31-2
Removed Member From Class: ClassName=U_MicroController Member=C27
Removed Member From Class: ClassName=U_MicroController Member=C31
Removed Member From Class: ClassName=U_MicroController Member=C32
Removed Member From Class: ClassName=U_MicroController Member=C33
Removed Member From Class: ClassName=U_MicroController Member=C34
Removed Member From Class: ClassName=U_PowerCircuitry Member=C62
Removed Member From Class: ClassName=U_PowerCircuitry Member=R15
Removed Member From Class: ClassName=U_PowerCircuitry Member=R48
Removed Member From Class: ClassName=U_PowerCircuitry Member=R49
Removed Member From Class: ClassName=U_PowerCircuitry Member=U24
Change Component Designator: OldDesignator=C1 NewDesignator=C14
Change Component Designator: OldDesignator=C2 NewDesignator=C3
Change Component Designator: OldDesignator=C3 NewDesignator=C4
Change Component Designator: OldDesignator=C4 NewDesignator=C5
Change Component Designator: OldDesignator=C5 NewDesignator=C6
Change Component Designator: OldDesignator=C6 NewDesignator=C7
Change Component Designator: OldDesignator=C7 NewDesignator=C8
Change Component Designator: OldDesignator=C8 NewDesignator=C10
Change Component Designator: OldDesignator=C9 NewDesignator=C11
Change Component Designator: OldDesignator=C10 NewDesignator=C12
Change Component Designator: OldDesignator=C11 NewDesignator=C15
Change Component Designator: OldDesignator=C12 NewDesignator=C16
Change Component Designator: OldDesignator=C13 NewDesignator=C1
Change Component Designator: OldDesignator=C14 NewDesignator=C2
Change Component Designator: OldDesignator=C15 NewDesignator=C17
Change Component Designator: OldDesignator=C16 NewDesignator=C13
Change Component Designator: OldDesignator=C17 NewDesignator=C19
Change Component Designator: OldDesignator=C18 NewDesignator=C20
Change Component Designator: OldDesignator=C19 NewDesignator=C21
Change Component Designator: OldDesignator=C20 NewDesignator=C22
Change Component Designator: OldDesignator=C21 NewDesignator=C23
Change Component Designator: OldDesignator=C22 NewDesignator=C24
Change Component Designator: OldDesignator=C23 NewDesignator=C25
Change Component Designator: OldDesignator=C24 NewDesignator=C26
Change Component Designator: OldDesignator=C25 NewDesignator=C27
Change Component Designator: OldDesignator=C26 NewDesignator=C28
Change Component Designator: OldDesignator=C32 NewDesignator=C18
Change Component Designator: OldDesignator=C33 NewDesignator=C29
Change Component Designator: OldDesignator=C34 NewDesignator=C30
Change Component Designator: OldDesignator=C35 NewDesignator=C31
Change Component Designator: OldDesignator=C36 NewDesignator=C32
Change Component Designator: OldDesignator=C37 NewDesignator=C33
Change Component Designator: OldDesignator=C38 NewDesignator=C34
Change Component Designator: OldDesignator=C39 NewDesignator=C35
Change Component Designator: OldDesignator=C40 NewDesignator=C36
Change Component Designator: OldDesignator=C41 NewDesignator=C37
Change Component Designator: OldDesignator=C42 NewDesignator=C38
Change Component Designator: OldDesignator=C43 NewDesignator=C39
Change Component Designator: OldDesignator=C44 NewDesignator=C40
Change Component Designator: OldDesignator=C45 NewDesignator=C41
Change Component Designator: OldDesignator=C46 NewDesignator=C42
Change Component Designator: OldDesignator=C47 NewDesignator=C43
Change Component Designator: OldDesignator=C48 NewDesignator=C44
Change Component Designator: OldDesignator=C49 NewDesignator=C45
Change Component Designator: OldDesignator=C50 NewDesignator=C46
Change Component Designator: OldDesignator=C51 NewDesignator=C47
Change Component Designator: OldDesignator=C52 NewDesignator=C48
Change Component Designator: OldDesignator=C53 NewDesignator=C49
Change Component Designator: OldDesignator=C54 NewDesignator=C50
Change Component Designator: OldDesignator=C55 NewDesignator=C51
Change Component Designator: OldDesignator=C56 NewDesignator=C52
Change Component Designator: OldDesignator=C57 NewDesignator=C53
Change Component Designator: OldDesignator=C58 NewDesignator=C54
Change Component Designator: OldDesignator=C59 NewDesignator=C55
Change Component Designator: OldDesignator=C60 NewDesignator=C56
Change Component Designator: OldDesignator=C61 NewDesignator=C57
Change Component Designator: OldDesignator=C62 NewDesignator=C9
Change Component Designator: OldDesignator=M1 NewDesignator=M2
Change Component Designator: OldDesignator=M2 NewDesignator=M3
Change Component Designator: OldDesignator=M3 NewDesignator=M4
Change Component Designator: OldDesignator=M4 NewDesignator=M5
Change Component Designator: OldDesignator=M5 NewDesignator=M6
Change Component Designator: OldDesignator=M6 NewDesignator=M1
Change Component Designator: OldDesignator=R1 NewDesignator=R8
Change Component Designator: OldDesignator=R2 NewDesignator=R1
Change Component Designator: OldDesignator=R4 NewDesignator=R10
Change Component Designator: OldDesignator=R5 NewDesignator=R2
Change Component Designator: OldDesignator=R6 NewDesignator=R11
Change Component Designator: OldDesignator=R7 NewDesignator=R4
Change Component Designator: OldDesignator=R8 NewDesignator=R13
Change Component Designator: OldDesignator=R9 NewDesignator=R14
Change Component Designator: OldDesignator=R10 NewDesignator=R15
Change Component Designator: OldDesignator=R11 NewDesignator=R16
Change Component Designator: OldDesignator=R12 NewDesignator=R17
Change Component Designator: OldDesignator=R13 NewDesignator=R18
Change Component Designator: OldDesignator=R14 NewDesignator=R19
Change Component Designator: OldDesignator=R14 NewDesignator=R20
Change Component Designator: OldDesignator=R15 NewDesignator=R5
Change Component Designator: OldDesignator=R16 NewDesignator=R21
Change Component Designator: OldDesignator=R17 NewDesignator=R22
Change Component Designator: OldDesignator=R18 NewDesignator=R23
Change Component Designator: OldDesignator=R19 NewDesignator=R24
Change Component Designator: OldDesignator=R20 NewDesignator=R25
Change Component Designator: OldDesignator=R21 NewDesignator=R26
Change Component Designator: OldDesignator=R22 NewDesignator=R27
Change Component Designator: OldDesignator=R23 NewDesignator=R28
Change Component Designator: OldDesignator=R24 NewDesignator=R29
Change Component Designator: OldDesignator=R25 NewDesignator=R30
Change Component Designator: OldDesignator=R26 NewDesignator=R31
Change Component Designator: OldDesignator=R27 NewDesignator=R32
Change Component Designator: OldDesignator=R28 NewDesignator=R33
Change Component Designator: OldDesignator=R29 NewDesignator=R34
Change Component Designator: OldDesignator=R30 NewDesignator=R35
Change Component Designator: OldDesignator=R31 NewDesignator=R36
Change Component Designator: OldDesignator=R32 NewDesignator=R37
Change Component Designator: OldDesignator=R33 NewDesignator=R38
Change Component Designator: OldDesignator=R34 NewDesignator=R39
Change Component Designator: OldDesignator=R35 NewDesignator=R40
Change Component Designator: OldDesignator=R36 NewDesignator=R41
Change Component Designator: OldDesignator=R37 NewDesignator=R42
Change Component Designator: OldDesignator=R38 NewDesignator=R43
Change Component Designator: OldDesignator=R39 NewDesignator=R44
Change Component Designator: OldDesignator=R40 NewDesignator=R45
Change Component Designator: OldDesignator=R41 NewDesignator=R46
Change Component Designator: OldDesignator=R42 NewDesignator=R47
Change Component Designator: OldDesignator=R43 NewDesignator=R48
Change Component Designator: OldDesignator=R44 NewDesignator=R49
Change Component Designator: OldDesignator=R45 NewDesignator=R50
Change Component Designator: OldDesignator=R46 NewDesignator=R51
Change Component Designator: OldDesignator=R47 NewDesignator=R52
Change Component Designator: OldDesignator=R48 NewDesignator=R7
Change Component Designator: OldDesignator=R49 NewDesignator=R6
Change Component Designator: OldDesignator=R50 NewDesignator=R9
Change Component Designator: OldDesignator=R51 NewDesignator=R12
Change Component Designator: OldDesignator=U1 NewDesignator=U4
Change Component Designator: OldDesignator=U3 NewDesignator=U11
Change Component Designator: OldDesignator=U4 NewDesignator=U5
Change Component Designator: OldDesignator=U5 NewDesignator=U1
Change Component Designator: OldDesignator=U11 NewDesignator=U12
Change Component Designator: OldDesignator=U12 NewDesignator=U13
Change Component Designator: OldDesignator=U13 NewDesignator=U14
Change Component Designator: OldDesignator=U14 NewDesignator=U15
Change Component Designator: OldDesignator=U15 NewDesignator=U16
Change Component Designator: OldDesignator=U16 NewDesignator=U17
Change Component Designator: OldDesignator=U17 NewDesignator=U18
Change Component Designator: OldDesignator=U18 NewDesignator=U19
Change Component Designator: OldDesignator=U19 NewDesignator=U20
Change Component Designator: OldDesignator=U20 NewDesignator=U21
Change Component Designator: OldDesignator=U21 NewDesignator=U22
Change Component Designator: OldDesignator=U22 NewDesignator=U23
Change Component Designator: OldDesignator=U23 NewDesignator=U24
Change Component Designator: OldDesignator=U24 NewDesignator=U3
Change Net Name : Old Net Name=NetC2_1 New Net Name=NetC3_1
Change Net Name : Old Net Name=NetC2_2 New Net Name=NetC3_2
Change Net Name : Old Net Name=NetC15_2 New Net Name=NetC17_2
Change Net Name : Old Net Name=NetC16_2 New Net Name=NetC13_2
Change Net Name : Old Net Name=NetC26_2 New Net Name=NetC28_2
Change Net Name : Old Net Name=NetC37_2 New Net Name=NetC33_2
Change Net Name : Old Net Name=NetC38_1 New Net Name=NetC34_1
Change Net Name : Old Net Name=NetC43_2 New Net Name=NetC39_2
Change Net Name : Old Net Name=NetC44_1 New Net Name=NetC40_1
Change Net Name : Old Net Name=NetC44_2 New Net Name=NetC40_2
Change Net Name : Old Net Name=NetC45_1 New Net Name=NetC41_1
Change Net Name : Old Net Name=NetC45_2 New Net Name=NetC41_2
Change Net Name : Old Net Name=NetC49_2 New Net Name=NetC45_2
Change Net Name : Old Net Name=NetC50_1 New Net Name=NetC46_1
Change Net Name : Old Net Name=NetC50_2 New Net Name=NetC46_2
Change Net Name : Old Net Name=NetC51_1 New Net Name=NetC47_1
Change Net Name : Old Net Name=NetC51_2 New Net Name=NetC47_2
Change Net Name : Old Net Name=NetC54_2 New Net Name=NetC50_2
Change Net Name : Old Net Name=NetC55_1 New Net Name=NetC51_1
Change Net Name : Old Net Name=NetC59_2 New Net Name=NetC55_2
Change Net Name : Old Net Name=NetC60_1 New Net Name=NetC56_1
Change Net Name : Old Net Name=NetC62_1 New Net Name=NetC9_1
Change Net Name : Old Net Name=NetM1_1 New Net Name=NetM2_1
Change Net Name : Old Net Name=NetM1_3 New Net Name=NetM2_3
Change Net Name : Old Net Name=NetM2_1 New Net Name=NetM3_1
Change Net Name : Old Net Name=NetM2_3 New Net Name=NetM3_3
Change Net Name : Old Net Name=NetM3_1 New Net Name=NetM4_1
Change Net Name : Old Net Name=NetM3_3 New Net Name=NetM4_3
Change Net Name : Old Net Name=NetM4_1 New Net Name=NetM5_1
Change Net Name : Old Net Name=NetM4_3 New Net Name=NetM5_3
Change Net Name : Old Net Name=NetM5_1 New Net Name=NetM6_1
Change Net Name : Old Net Name=NetM5_3 New Net Name=NetM6_3
Change Net Name : Old Net Name=NetR1_1 New Net Name=NetR8_1
Change Net Name : Old Net Name=NetR15_1 New Net Name=NetR5_1
Change Net Name : Old Net Name=NetR36_2 New Net Name=NetR41_2
Change Net Name : Old Net Name=NetR39_2 New Net Name=NetR44_2
Added Member To Class: ClassName=U_PowerCircuitry Member=Component C17 CAP 470pF FILM 16V 0603
Added Member To Class: ClassName=U_PowerCircuitry Member=Component R8 Resistor 10k +/-1% 0402 100 mW
Added Member To Class: ClassName=U_PowerCircuitry Member=Component R10 RES 15.8k 1% 0.1W 0603
Added Member To Class: ClassName=U_PowerCircuitry Member=Component R11 RES 47.5k 1% 0.1W 0603
Added Member To Class: ClassName=U_MicroController Member=Component R19 CRGCQ0603F2K2
Added Member To Class: ClassName=U_PowerCircuitry Member=Component U11 LM66100
