Update Managed Component C1 From CMP-001-00067-4[Capacitor 100nF +/-20% 50V 0402] To CMP-001-00067-4[Capacitor 100nF +/-20% 50V 0402] in PowerCircuitry.SchDoc
Update Managed Component C2 From CMP-001-00029-9[CAP ELC 2.2uF 50V 20%] To CMP-001-00029-9[CAP ELC 2.2uF 50V 20%] in PowerCircuitry.SchDoc
Update Managed Component C3 From CMP-001-00197-2[CAP CER 100nF 100V 10% 1210] To CMP-001-00197-2[CAP CER 100nF 100V 10% 1210] in PowerCircuitry.SchDoc
Update Managed Component C4 From CMP-001-00122-1[CAP CER  1uF 50V X5R 0603] To CMP-001-00122-1[CAP CER  1uF 50V X5R 0603] in PowerCircuitry.SchDoc
Update Managed Component C5 From CMP-001-00122-1[CAP CER  1uF 50V X5R 0603] To CMP-001-00122-1[CAP CER  1uF 50V X5R 0603] in PowerCircuitry.SchDoc
Update Managed Component C6 From CMP-001-00122-1[CAP CER  1uF 50V X5R 0603] To CMP-001-00122-1[CAP CER  1uF 50V X5R 0603] in PowerCircuitry.SchDoc
Update Managed Component C7 From CMP-001-00079-5[Capacitor 10µF +/-20% 25V 0805] To CMP-001-00079-5[Capacitor 10µF +/-20% 25V 0805] in PowerCircuitry.SchDoc
Update Managed Component C8 From CMP-001-00079-5[Capacitor 10µF +/-20% 25V 0805] To CMP-001-00079-5[Capacitor 10µF +/-20% 25V 0805] in PowerCircuitry.SchDoc
Update Managed Component C9 From CMP-001-00079-5[Capacitor 10µF +/-20% 25V 0805] To CMP-001-00079-5[Capacitor 10µF +/-20% 25V 0805] in PowerCircuitry.SchDoc
Update Managed Component C10 From CMP-001-00108-3[CAP ELC 47uF 25V 20% 2626] To CMP-001-00108-3[CAP ELC 47uF 25V 20% 2626] in PowerCircuitry.SchDoc
Update Managed Component C11 From CMP-001-00010-7[Capacitor 1 uF +/- 10% 25 V 0805] To CMP-001-00010-7[Capacitor 1 uF +/- 10% 25 V 0805] in PowerCircuitry.SchDoc
Update Managed Component C12 From CMP-001-00010-7[Capacitor 1 uF +/- 10% 25 V 0805] To CMP-001-00010-7[Capacitor 1 uF +/- 10% 25 V 0805] in PowerCircuitry.SchDoc
Update Managed Component C13 From CMP-001-00212-1[CAP 470pF FILM 16V 0603] To CMP-001-00212-1[CAP 470pF FILM 16V 0603] in PowerCircuitry.SchDoc
Update Managed Component C14 From CMP-001-00010-7[Capacitor 1 uF +/- 10% 25 V 0805] To CMP-001-00010-7[Capacitor 1 uF +/- 10% 25 V 0805] in PowerCircuitry.SchDoc
Update Managed Component C15 From CMP-001-00010-7[Capacitor 1 uF +/- 10% 25 V 0805] To CMP-001-00010-7[Capacitor 1 uF +/- 10% 25 V 0805] in PowerCircuitry.SchDoc
Update Managed Component C16 From CMP-001-00212-1[CAP 470pF FILM 16V 0603] To CMP-001-00212-1[CAP 470pF FILM 16V 0603] in PowerCircuitry.SchDoc
Update Managed Component DS1 From CMP-007-00024-2[LTST-C190KRKT] To CMP-007-00024-2[LTST-C190KRKT] in PowerCircuitry.SchDoc
Update Managed Component DS2 From CMP-007-00024-2[LTST-C190KRKT] To CMP-007-00024-2[LTST-C190KRKT] in PowerCircuitry.SchDoc
Update Managed Component DS3 From CMP-007-00024-2[LTST-C190KRKT] To CMP-007-00024-2[LTST-C190KRKT] in PowerCircuitry.SchDoc
Update Managed Component DS4 From CMP-007-00024-2[LTST-C190KRKT] To CMP-007-00024-2[LTST-C190KRKT] in PowerCircuitry.SchDoc
Update Managed Component DS5 From CMP-007-00024-2[LTST-C190KRKT] To CMP-007-00024-2[LTST-C190KRKT] in PowerCircuitry.SchDoc
Update Managed Component L1 From CMP-006-00051-2[IND WIR 22uH 3.5A 20%] To CMP-006-00051-2[IND WIR 22uH 3.5A 20%] in PowerCircuitry.SchDoc
Update Managed Component R1 From CMP-009-00024-9[Resistor 100k +/-1% 0805 125 mW] To CMP-009-00024-9[Resistor 100k +/-1% 0805 125 mW] in PowerCircuitry.SchDoc
Update Managed Component R2 From CMP-009-00015-9[Resistor 10k +/-1% 0402 100 mW] To CMP-009-00015-9[Resistor 10k +/-1% 0402 100 mW] in PowerCircuitry.SchDoc
Update Managed Component R3 From CMP-009-00374-1[RES 8.66K OHM 1% 1/8W 0805] To CMP-009-00374-1[RES 8.66K OHM 1% 1/8W 0805] in PowerCircuitry.SchDoc
Update Managed Component R4 From CMP-009-00360-1[RMCF0603FT220K] To CMP-009-00360-1[RMCF0603FT220K] in PowerCircuitry.SchDoc
Update Managed Component R5 From CMP-009-00221-1[RES 43.5kR 0.15W 0.1% 0603] To CMP-009-00221-1[RES 43.5kR 0.15W 0.1% 0603] in PowerCircuitry.SchDoc
Update Managed Component R6 From CMP-009-00241-2[RES 75k 1% 0.1W 0603] To CMP-009-00241-2[RES 75k 1% 0.1W 0603] in PowerCircuitry.SchDoc
Update Managed Component R7 From CMP-009-00360-1[RMCF0603FT220K] To CMP-009-00360-1[RMCF0603FT220K] in PowerCircuitry.SchDoc
Update Managed Component R8 From CMP-009-00015-9[Resistor 10k +/-1% 0402 100 mW] To CMP-009-00015-9[Resistor 10k +/-1% 0402 100 mW] in PowerCircuitry.SchDoc
Update Managed Component R9 From CMP-009-00360-1[RMCF0603FT220K] To CMP-009-00360-1[RMCF0603FT220K] in PowerCircuitry.SchDoc
Update Managed Component R10 From CMP-009-00239-3[RES 15.8k 1% 0.1W 0603] To CMP-009-00239-3[RES 15.8k 1% 0.1W 0603] in PowerCircuitry.SchDoc
Update Managed Component R11 From CMP-009-00240-2[RES 47.5k 1% 0.1W 0603] To CMP-009-00240-2[RES 47.5k 1% 0.1W 0603] in PowerCircuitry.SchDoc
Update Managed Component R12 From CMP-009-00360-1[RMCF0603FT220K] To CMP-009-00360-1[RMCF0603FT220K] in PowerCircuitry.SchDoc
Update Managed Component TP1 From CMP-002-00037-2[5003] To CMP-002-00037-2[5003] in PowerCircuitry.SchDoc
Update Managed Component TP2 From CMP-002-00037-2[5003] To CMP-002-00037-2[5003] in PowerCircuitry.SchDoc
Update Managed Component TP3 From CMP-002-00037-2[5003] To CMP-002-00037-2[5003] in PowerCircuitry.SchDoc
Update Managed Component TP4 From CMP-002-00037-2[5003] To CMP-002-00037-2[5003] in PowerCircuitry.SchDoc
Update Managed Component TP5 From CMP-002-00037-2[5003] To CMP-002-00037-2[5003] in PowerCircuitry.SchDoc
Update Managed Component TP6 From CMP-002-00037-2[5003] To CMP-002-00037-2[5003] in PowerCircuitry.SchDoc
Update Managed Component TP7 From CMP-002-00037-2[5003] To CMP-002-00037-2[5003] in PowerCircuitry.SchDoc
Update Managed Component TP8 From CMP-002-00037-2[5003] To CMP-002-00037-2[5003] in PowerCircuitry.SchDoc
Update Managed Component U1 From CMP-019-00106-1[IC BUCK LMR51625XDDCR] To CMP-019-00106-1[IC BUCK LMR51625XDDCR] in PowerCircuitry.SchDoc
Update Managed Component U2 From CMP-019-00086-1[LM66100] To CMP-019-00086-1[LM66100] in PowerCircuitry.SchDoc
Update Managed Component U3 From MIC5209YM-TR-2[MIC5209YM-TR] To MIC5209YM-TR-2[MIC5209YM-TR] in PowerCircuitry.SchDoc
Update Managed Component U4 From CMP-019-00086-1[LM66100] To CMP-019-00086-1[LM66100] in PowerCircuitry.SchDoc
Update Managed Component U5 From CMP-00024-00007-1[AL5809-20S1-7] To CMP-00024-00007-1[AL5809-20S1-7] in PowerCircuitry.SchDoc
Update Managed Component U6 From CMP-00024-00007-1[AL5809-20S1-7] To CMP-00024-00007-1[AL5809-20S1-7] in PowerCircuitry.SchDoc
Update Managed Component U7 From CMP-00024-00007-1[AL5809-20S1-7] To CMP-00024-00007-1[AL5809-20S1-7] in PowerCircuitry.SchDoc
Update Managed Component U8 From CMP-00024-00007-1[AL5809-20S1-7] To CMP-00024-00007-1[AL5809-20S1-7] in PowerCircuitry.SchDoc
Update Managed Component U9 From CMP-019-00086-1[LM66100] To CMP-019-00086-1[LM66100] in PowerCircuitry.SchDoc
Update Managed Component U10 From MIC5209YM-TR-2[MIC5209YM-TR] To MIC5209YM-TR-2[MIC5209YM-TR] in PowerCircuitry.SchDoc
Update Managed Component U11 From CMP-00024-00007-1[AL5809-20S1-7] To CMP-00024-00007-1[AL5809-20S1-7] in PowerCircuitry.SchDoc
Update Managed Component U12 From CMP-019-00086-1[LM66100] To CMP-019-00086-1[LM66100] in PowerCircuitry.SchDoc
