Update Managed Component CN1 From CMP-002-00065-3[DX07S024JJ3R1300] To CMP-002-00065-3[DX07S024JJ3R1300] in TopLevel.SchDoc
Update Managed Component CS1 From CMP-002-00130-3[TP Clip 1206  RCWCTE] To CMP-002-00130-3[TP Clip 1206  RCWCTE] in TopLevel.SchDoc
Update Managed Component CS2 From CMP-002-00130-3[TP Clip 1206  RCWCTE] To CMP-002-00130-3[TP Clip 1206  RCWCTE] in TopLevel.SchDoc
Update Managed Component CS3 From CMP-002-00130-3[TP Clip 1206  RCWCTE] To CMP-002-00130-3[TP Clip 1206  RCWCTE] in TopLevel.SchDoc
Update Managed Component D1 From CMP-004-00069-1[DI TVS 6V] To CMP-004-00069-1[DI TVS 6V] in TopLevel.SchDoc
Update Managed Component D2 From CMP-004-00069-1[DI TVS 6V] To CMP-004-00069-1[DI TVS 6V] in TopLevel.SchDoc
Update Managed Component D3 From CMP-004-00069-1[DI TVS 6V] To CMP-004-00069-1[DI TVS 6V] in TopLevel.SchDoc
Update Managed Component D4 From CMP-004-00069-1[DI TVS 6V] To CMP-004-00069-1[DI TVS 6V] in TopLevel.SchDoc
Update Managed Component D5 From CMP-004-00069-1[DI TVS 6V] To CMP-004-00069-1[DI TVS 6V] in TopLevel.SchDoc
Update Managed Component D6 From CMP-004-00069-1[DI TVS 6V] To CMP-004-00069-1[DI TVS 6V] in TopLevel.SchDoc
Update Managed Component D7 From CMP-004-00069-1[DI TVS 6V] To CMP-004-00069-1[DI TVS 6V] in TopLevel.SchDoc
Update Managed Component D_Rx From CMP-002-00130-3[TP Clip 1206  RCWCTE] To CMP-002-00130-3[TP Clip 1206  RCWCTE] in TopLevel.SchDoc
Update Managed Component D_Tx From CMP-002-00130-3[TP Clip 1206  RCWCTE] To CMP-002-00130-3[TP Clip 1206  RCWCTE] in TopLevel.SchDoc
Update Managed Component DE From CMP-002-00130-3[TP Clip 1206  RCWCTE] To CMP-002-00130-3[TP Clip 1206  RCWCTE] in TopLevel.SchDoc
Update Managed Component GND From CMP-002-00130-3[TP Clip 1206  RCWCTE] To CMP-002-00130-3[TP Clip 1206  RCWCTE] in TopLevel.SchDoc
Update Managed Component J1 From CMP-002-00120-1[CON 0702461201] To CMP-002-00120-1[CON 0702461201] in TopLevel.SchDoc
Update Managed Component J2 From CMP-002-00123-1[CON 54-00247] To CMP-002-00123-1[CON 54-00247] in TopLevel.SchDoc
Update Managed Component J3 From CMP-002-00123-1[CON 54-00247] To CMP-002-00123-1[CON 54-00247] in TopLevel.SchDoc
Update Managed Component J4 From CMP-002-00123-1[CON 54-00247] To CMP-002-00123-1[CON 54-00247] in TopLevel.SchDoc
Update Managed Component J5 From CMP-002-00126-1[CON 0430450800] To CMP-002-00126-1[CON 0430450800] in TopLevel.SchDoc
Update Managed Component J6 From CMP-002-00139-2[2.54mm] To CMP-002-00139-2[HEADER 4pos 2.54mm] in TopLevel.SchDoc
Update Managed Component J7 From CMP-002-00123-1[CON 54-00247] To CMP-002-00123-1[CON 54-00247] in TopLevel.SchDoc
Update Managed Component J8 From CMP-002-00123-1[CON 54-00247] To CMP-002-00123-1[CON 54-00247] in TopLevel.SchDoc
Update Managed Component J9 From CMP-002-00123-1[CON 54-00247] To CMP-002-00123-1[CON 54-00247] in TopLevel.SchDoc
Update Managed Component M4 From CMP-013-00040-2[MOS NMOS 30V 5.6A SOT-23] To CMP-013-00040-2[MOS NMOS 30V 5.6A SOT-23] in TopLevel.SchDoc
Update Managed Component M5 From CMP-013-00040-2[MOS NMOS 30V 5.6A SOT-23] To CMP-013-00040-2[MOS NMOS 30V 5.6A SOT-23] in TopLevel.SchDoc
Update Managed Component M6 From CMP-013-00040-2[MOS NMOS 30V 5.6A SOT-23] To CMP-013-00040-2[MOS NMOS 30V 5.6A SOT-23] in TopLevel.SchDoc
Update Managed Component M7 From CMP-013-00040-2[MOS NMOS 30V 5.6A SOT-23] To CMP-013-00040-2[MOS NMOS 30V 5.6A SOT-23] in TopLevel.SchDoc
Update Managed Component M8 From CMP-013-00040-2[MOS NMOS 30V 5.6A SOT-23] To CMP-013-00040-2[MOS NMOS 30V 5.6A SOT-23] in TopLevel.SchDoc
Update Managed Component MISO From CMP-002-00130-3[TP Clip 1206  RCWCTE] To CMP-002-00130-3[TP Clip 1206  RCWCTE] in TopLevel.SchDoc
Update Managed Component MOSI From CMP-002-00130-3[TP Clip 1206  RCWCTE] To CMP-002-00130-3[TP Clip 1206  RCWCTE] in TopLevel.SchDoc
Update Managed Component P1 From CMP-002-00032-2[S2B-XH-A(LF)(SN)] To CMP-002-00032-2[S2B-XH-A(LF)(SN)] in TopLevel.SchDoc
Update Managed Component P2 From CMP-002-00032-2[S2B-XH-A(LF)(SN)] To CMP-002-00032-2[S2B-XH-A(LF)(SN)] in TopLevel.SchDoc
Update Managed Component P3 From CMP-002-00032-2[S2B-XH-A(LF)(SN)] To CMP-002-00032-2[S2B-XH-A(LF)(SN)] in TopLevel.SchDoc
Update Managed Component P4 From CMP-002-00032-2[S2B-XH-A(LF)(SN)] To CMP-002-00032-2[S2B-XH-A(LF)(SN)] in TopLevel.SchDoc
Update Managed Component P5 From CMP-002-00032-2[S2B-XH-A(LF)(SN)] To CMP-002-00032-2[S2B-XH-A(LF)(SN)] in TopLevel.SchDoc
Update Managed Component R23 From CMP-009-00018-9[Resistor 10k +/-1% 0805 125 mW] To CMP-009-00018-9[Resistor 10k +/-1% 0805 125 mW] in TopLevel.SchDoc
Update Managed Component R24 From CMP-009-00018-9[Resistor 10k +/-1% 0805 125 mW] To CMP-009-00018-9[Resistor 10k +/-1% 0805 125 mW] in TopLevel.SchDoc
Update Managed Component R25 From CMP-009-00018-9[Resistor 10k +/-1% 0805 125 mW] To CMP-009-00018-9[Resistor 10k +/-1% 0805 125 mW] in TopLevel.SchDoc
Update Managed Component R26 From CMP-009-00018-9[Resistor 10k +/-1% 0805 125 mW] To CMP-009-00018-9[Resistor 10k +/-1% 0805 125 mW] in TopLevel.SchDoc
Update Managed Component R27 From CMP-009-00018-9[Resistor 10k +/-1% 0805 125 mW] To CMP-009-00018-9[Resistor 10k +/-1% 0805 125 mW] in TopLevel.SchDoc
Update Managed Component R28 From CMP-009-00261-1[RC0603FR-075K1L] To CMP-009-00261-1[RC0603FR-075K1L] in TopLevel.SchDoc
Update Managed Component R29 From CMP-009-00261-1[RC0603FR-075K1L] To CMP-009-00261-1[RC0603FR-075K1L] in TopLevel.SchDoc
Update Managed Component R30 From CMP-009-00002-5[Resistor 0R +/- 5% 1206 250 mW] To CMP-009-00002-5[Resistor 0R +/- 5% 1206 250 mW] in TopLevel.SchDoc
Update Managed Component R31 From CMP-009-00063-2[0R3J] To CMP-009-00063-2[0R3J] in TopLevel.SchDoc
Update Managed Component R32 From CMP-009-00063-2[0R3J] To CMP-009-00063-2[0R3J] in TopLevel.SchDoc
Update Managed Component Rx From CMP-002-00130-3[TP Clip 1206  RCWCTE] To CMP-002-00130-3[TP Clip 1206  RCWCTE] in TopLevel.SchDoc
Update Managed Component SCK From CMP-002-00130-3[TP Clip 1206  RCWCTE] To CMP-002-00130-3[TP Clip 1206  RCWCTE] in TopLevel.SchDoc
Update Managed Component SCL From CMP-002-00130-3[TP Clip 1206  RCWCTE] To CMP-002-00130-3[TP Clip 1206  RCWCTE] in TopLevel.SchDoc
Update Managed Component SDA From CMP-002-00130-3[TP Clip 1206  RCWCTE] To CMP-002-00130-3[TP Clip 1206  RCWCTE] in TopLevel.SchDoc
Update Managed Component Tx From CMP-002-00130-3[TP Clip 1206  RCWCTE] To CMP-002-00130-3[TP Clip 1206  RCWCTE] in TopLevel.SchDoc
Update Managed Component U17 From CMP-00024-00007-1[AL5809-20S1-7] To CMP-00024-00007-1[AL5809-20S1-7] in TopLevel.SchDoc
Update Managed Component U18 From CMP-00024-00007-1[AL5809-20S1-7] To CMP-00024-00007-1[AL5809-20S1-7] in TopLevel.SchDoc
Update Managed Component U19 From CMP-00024-00007-1[AL5809-20S1-7] To CMP-00024-00007-1[AL5809-20S1-7] in TopLevel.SchDoc
Update Managed Component U20 From CMP-00024-00007-1[AL5809-20S1-7] To CMP-00024-00007-1[AL5809-20S1-7] in TopLevel.SchDoc
Update Managed Component U21 From CMP-00024-00007-1[AL5809-20S1-7] To CMP-00024-00007-1[AL5809-20S1-7] in TopLevel.SchDoc
Update Managed Component U22 From CMP-015-00012-1[SN65HVD72D RS485] To CMP-015-00012-1[SN65HVD72D RS485] in TopLevel.SchDoc
