Change Component Designator: Old Designator=J6 New Designator=J7
Change Component Designator: Old Designator=J7 New Designator=J8
Change Component Designator: Old Designator=J8 New Designator=J9
Change Component Designator: Old Designator=J? New Designator=J6
Change Component Designator: Old Designator=M2 New Designator=M4
Change Component Designator: Old Designator=M3 New Designator=M5
Change Component Designator: Old Designator=M4 New Designator=M6
Change Component Designator: Old Designator=M5 New Designator=M7
Change Component Designator: Old Designator=M6 New Designator=M8
Change Component Designator: Old Designator=R25 New Designator=R23
Change Component Designator: Old Designator=R26 New Designator=R24
Change Component Designator: Old Designator=R29 New Designator=R25
Change Component Designator: Old Designator=R30 New Designator=R26
Change Component Designator: Old Designator=R32 New Designator=R27
Change Component Designator: Old Designator=R33 New Designator=R28
Change Component Designator: Old Designator=R34 New Designator=R29
Change Component Designator: Old Designator=R35 New Designator=R30
Change Component Designator: Old Designator=R36 New Designator=R32
Change Component Designator: Old Designator=R53 New Designator=R31
Change Component Designator: Old Designator=U13 New Designator=U17
Change Component Designator: Old Designator=U14 New Designator=U18
Change Component Designator: Old Designator=U15 New Designator=U19
Change Component Designator: Old Designator=U16 New Designator=U20
Change Component Designator: Old Designator=U17 New Designator=U21
Change Component Designator: Old Designator=U18 New Designator=U22
